[2021-09-23 11:30:12] ERROR com.dzyls.chat.handler.server.ServerEventTrigger 49 exceptionCaught - something error : java.lang.NullPointerException: null
	at com.dzyls.chat.handler.server.ServerEventTrigger.channelActive(ServerEventTrigger.java:36) ~[classes/:?]
	at io.netty.channel.AbstractChannelHandlerContext.invokeChannelActive(AbstractChannelHandlerContext.java:230) [netty-all-4.1.67.Final.jar:4.1.67.Final]
	at io.netty.channel.AbstractChannelHandlerContext.invokeChannelActive(AbstractChannelHandlerContext.java:216) [netty-all-4.1.67.Final.jar:4.1.67.Final]
	at io.netty.channel.AbstractChannelHandlerContext.fireChannelActive(AbstractChannelHandlerContext.java:209) [netty-all-4.1.67.Final.jar:4.1.67.Final]
	at io.netty.channel.DefaultChannelPipeline$HeadContext.channelActive(DefaultChannelPipeline.java:1398) [netty-all-4.1.67.Final.jar:4.1.67.Final]
	at io.netty.channel.AbstractChannelHandlerContext.invokeChannelActive(AbstractChannelHandlerContext.java:230) [netty-all-4.1.67.Final.jar:4.1.67.Final]
	at io.netty.channel.AbstractChannelHandlerContext.invokeChannelActive(AbstractChannelHandlerContext.java:216) [netty-all-4.1.67.Final.jar:4.1.67.Final]
	at io.netty.channel.DefaultChannelPipeline.fireChannelActive(DefaultChannelPipeline.java:895) [netty-all-4.1.67.Final.jar:4.1.67.Final]
	at io.netty.channel.AbstractChannel$AbstractUnsafe.register0(AbstractChannel.java:522) [netty-all-4.1.67.Final.jar:4.1.67.Final]
	at io.netty.channel.AbstractChannel$AbstractUnsafe.access$200(AbstractChannel.java:429) [netty-all-4.1.67.Final.jar:4.1.67.Final]
	at io.netty.channel.AbstractChannel$AbstractUnsafe$1.run(AbstractChannel.java:486) [netty-all-4.1.67.Final.jar:4.1.67.Final]
	at io.netty.util.concurrent.AbstractEventExecutor.safeExecute$$$capture(AbstractEventExecutor.java:164) [netty-all-4.1.67.Final.jar:4.1.67.Final]
	at io.netty.util.concurrent.AbstractEventExecutor.safeExecute(AbstractEventExecutor.java) [netty-all-4.1.67.Final.jar:4.1.67.Final]
	at io.netty.util.concurrent.SingleThreadEventExecutor.runAllTasks(SingleThreadEventExecutor.java:469) [netty-all-4.1.67.Final.jar:4.1.67.Final]
	at io.netty.channel.nio.NioEventLoop.run(NioEventLoop.java:500) [netty-all-4.1.67.Final.jar:4.1.67.Final]
	at io.netty.util.concurrent.SingleThreadEventExecutor$4.run(SingleThreadEventExecutor.java:986) [netty-all-4.1.67.Final.jar:4.1.67.Final]
	at io.netty.util.internal.ThreadExecutorMap$2.run(ThreadExecutorMap.java:74) [netty-all-4.1.67.Final.jar:4.1.67.Final]
	at io.netty.util.concurrent.FastThreadLocalRunnable.run(FastThreadLocalRunnable.java:30) [netty-all-4.1.67.Final.jar:4.1.67.Final]
	at java.lang.Thread.run(Thread.java:748) [?:1.8.0_171]

[2021-09-23 11:30:29] ERROR com.dzyls.chat.client.ChatClient 99 startClient - chat client was interrupted , java.lang.InterruptedException: null
	at java.lang.Object.wait(Native Method) ~[?:1.8.0_171]
	at java.lang.Object.wait(Object.java:502) ~[?:1.8.0_171]
	at io.netty.util.concurrent.DefaultPromise.await(DefaultPromise.java:253) ~[netty-all-4.1.67.Final.jar:4.1.67.Final]
	at io.netty.channel.DefaultChannelPromise.await(DefaultChannelPromise.java:131) ~[netty-all-4.1.67.Final.jar:4.1.67.Final]
	at io.netty.channel.DefaultChannelPromise.await(DefaultChannelPromise.java:30) ~[netty-all-4.1.67.Final.jar:4.1.67.Final]
	at io.netty.util.concurrent.DefaultPromise.sync(DefaultPromise.java:404) ~[netty-all-4.1.67.Final.jar:4.1.67.Final]
	at io.netty.channel.DefaultChannelPromise.sync(DefaultChannelPromise.java:119) ~[netty-all-4.1.67.Final.jar:4.1.67.Final]
	at io.netty.channel.DefaultChannelPromise.sync(DefaultChannelPromise.java:30) ~[netty-all-4.1.67.Final.jar:4.1.67.Final]
	at com.dzyls.chat.client.ChatClient.startClient(ChatClient.java:97) ~[classes/:?]
	at com.dzyls.chat.client.ChatClient.lambda$startMonitorThread$0(ChatClient.java:128) ~[classes/:?]
	at java.lang.Thread.run(Thread.java:748) [?:1.8.0_171]

[2021-09-23 11:30:29] ERROR com.dzyls.chat.handler.server.ServerEventTrigger 49 exceptionCaught - something error : java.lang.NullPointerException: null
	at com.dzyls.chat.handler.server.ServerEventTrigger.channelInactive(ServerEventTrigger.java:43) ~[classes/:?]
	at io.netty.channel.AbstractChannelHandlerContext.invokeChannelInactive(AbstractChannelHandlerContext.java:262) [netty-all-4.1.67.Final.jar:4.1.67.Final]
	at io.netty.channel.AbstractChannelHandlerContext.invokeChannelInactive(AbstractChannelHandlerContext.java:248) [netty-all-4.1.67.Final.jar:4.1.67.Final]
	at io.netty.channel.AbstractChannelHandlerContext.fireChannelInactive(AbstractChannelHandlerContext.java:241) [netty-all-4.1.67.Final.jar:4.1.67.Final]
	at io.netty.handler.codec.ByteToMessageDecoder.channelInputClosed(ByteToMessageDecoder.java:389) [netty-all-4.1.67.Final.jar:4.1.67.Final]
	at io.netty.handler.codec.ByteToMessageDecoder.channelInactive(ByteToMessageDecoder.java:354) [netty-all-4.1.67.Final.jar:4.1.67.Final]
	at io.netty.handler.codec.ByteToMessageCodec.channelInactive(ByteToMessageCodec.java:118) [netty-all-4.1.67.Final.jar:4.1.67.Final]
	at io.netty.channel.AbstractChannelHandlerContext.invokeChannelInactive(AbstractChannelHandlerContext.java:262) [netty-all-4.1.67.Final.jar:4.1.67.Final]
	at io.netty.channel.AbstractChannelHandlerContext.invokeChannelInactive(AbstractChannelHandlerContext.java:248) [netty-all-4.1.67.Final.jar:4.1.67.Final]
	at io.netty.channel.AbstractChannelHandlerContext.fireChannelInactive(AbstractChannelHandlerContext.java:241) [netty-all-4.1.67.Final.jar:4.1.67.Final]
	at io.netty.handler.codec.ByteToMessageDecoder.channelInputClosed(ByteToMessageDecoder.java:389) [netty-all-4.1.67.Final.jar:4.1.67.Final]
	at io.netty.handler.codec.ByteToMessageDecoder.channelInactive(ByteToMessageDecoder.java:354) [netty-all-4.1.67.Final.jar:4.1.67.Final]
	at io.netty.handler.codec.ByteToMessageCodec.channelInactive(ByteToMessageCodec.java:118) [netty-all-4.1.67.Final.jar:4.1.67.Final]
	at io.netty.channel.AbstractChannelHandlerContext.invokeChannelInactive(AbstractChannelHandlerContext.java:262) [netty-all-4.1.67.Final.jar:4.1.67.Final]
	at io.netty.channel.AbstractChannelHandlerContext.invokeChannelInactive(AbstractChannelHandlerContext.java:248) [netty-all-4.1.67.Final.jar:4.1.67.Final]
	at io.netty.channel.AbstractChannelHandlerContext.fireChannelInactive(AbstractChannelHandlerContext.java:241) [netty-all-4.1.67.Final.jar:4.1.67.Final]
	at io.netty.handler.codec.ByteToMessageDecoder.channelInputClosed(ByteToMessageDecoder.java:389) [netty-all-4.1.67.Final.jar:4.1.67.Final]
	at io.netty.handler.codec.ByteToMessageDecoder.channelInactive(ByteToMessageDecoder.java:354) [netty-all-4.1.67.Final.jar:4.1.67.Final]
	at io.netty.channel.AbstractChannelHandlerContext.invokeChannelInactive(AbstractChannelHandlerContext.java:262) [netty-all-4.1.67.Final.jar:4.1.67.Final]
	at io.netty.channel.AbstractChannelHandlerContext.invokeChannelInactive(AbstractChannelHandlerContext.java:248) [netty-all-4.1.67.Final.jar:4.1.67.Final]
	at io.netty.channel.AbstractChannelHandlerContext.fireChannelInactive(AbstractChannelHandlerContext.java:241) [netty-all-4.1.67.Final.jar:4.1.67.Final]
	at io.netty.channel.DefaultChannelPipeline$HeadContext.channelInactive(DefaultChannelPipeline.java:1405) [netty-all-4.1.67.Final.jar:4.1.67.Final]
	at io.netty.channel.AbstractChannelHandlerContext.invokeChannelInactive(AbstractChannelHandlerContext.java:262) [netty-all-4.1.67.Final.jar:4.1.67.Final]
	at io.netty.channel.AbstractChannelHandlerContext.invokeChannelInactive(AbstractChannelHandlerContext.java:248) [netty-all-4.1.67.Final.jar:4.1.67.Final]
	at io.netty.channel.DefaultChannelPipeline.fireChannelInactive(DefaultChannelPipeline.java:901) [netty-all-4.1.67.Final.jar:4.1.67.Final]
	at io.netty.channel.AbstractChannel$AbstractUnsafe$8.run(AbstractChannel.java:831) [netty-all-4.1.67.Final.jar:4.1.67.Final]
	at io.netty.util.concurrent.AbstractEventExecutor.safeExecute$$$capture(AbstractEventExecutor.java:164) [netty-all-4.1.67.Final.jar:4.1.67.Final]
	at io.netty.util.concurrent.AbstractEventExecutor.safeExecute(AbstractEventExecutor.java) [netty-all-4.1.67.Final.jar:4.1.67.Final]
	at io.netty.util.concurrent.SingleThreadEventExecutor.runAllTasks(SingleThreadEventExecutor.java:469) [netty-all-4.1.67.Final.jar:4.1.67.Final]
	at io.netty.channel.nio.NioEventLoop.run(NioEventLoop.java:497) [netty-all-4.1.67.Final.jar:4.1.67.Final]
	at io.netty.util.concurrent.SingleThreadEventExecutor$4.run(SingleThreadEventExecutor.java:986) [netty-all-4.1.67.Final.jar:4.1.67.Final]
	at io.netty.util.internal.ThreadExecutorMap$2.run(ThreadExecutorMap.java:74) [netty-all-4.1.67.Final.jar:4.1.67.Final]
	at io.netty.util.concurrent.FastThreadLocalRunnable.run(FastThreadLocalRunnable.java:30) [netty-all-4.1.67.Final.jar:4.1.67.Final]
	at java.lang.Thread.run(Thread.java:748) [?:1.8.0_171]

[2021-09-23 11:30:29] ERROR com.dzyls.chat.handler.client.ClientEventTrigger 48 exceptionCaught - something error : java.lang.NullPointerException: null
	at com.dzyls.chat.handler.client.ClientEventTrigger.channelInactive(ClientEventTrigger.java:42) ~[classes/:?]
	at io.netty.channel.AbstractChannelHandlerContext.invokeChannelInactive(AbstractChannelHandlerContext.java:262) [netty-all-4.1.67.Final.jar:4.1.67.Final]
	at io.netty.channel.AbstractChannelHandlerContext.invokeChannelInactive(AbstractChannelHandlerContext.java:248) [netty-all-4.1.67.Final.jar:4.1.67.Final]
	at io.netty.channel.AbstractChannelHandlerContext.fireChannelInactive(AbstractChannelHandlerContext.java:241) [netty-all-4.1.67.Final.jar:4.1.67.Final]
	at io.netty.handler.codec.ByteToMessageDecoder.channelInputClosed(ByteToMessageDecoder.java:389) [netty-all-4.1.67.Final.jar:4.1.67.Final]
	at io.netty.handler.codec.ByteToMessageDecoder.channelInactive(ByteToMessageDecoder.java:354) [netty-all-4.1.67.Final.jar:4.1.67.Final]
	at io.netty.handler.codec.ByteToMessageCodec.channelInactive(ByteToMessageCodec.java:118) [netty-all-4.1.67.Final.jar:4.1.67.Final]
	at io.netty.channel.AbstractChannelHandlerContext.invokeChannelInactive(AbstractChannelHandlerContext.java:262) [netty-all-4.1.67.Final.jar:4.1.67.Final]
	at io.netty.channel.AbstractChannelHandlerContext.invokeChannelInactive(AbstractChannelHandlerContext.java:248) [netty-all-4.1.67.Final.jar:4.1.67.Final]
	at io.netty.channel.AbstractChannelHandlerContext.fireChannelInactive(AbstractChannelHandlerContext.java:241) [netty-all-4.1.67.Final.jar:4.1.67.Final]
	at io.netty.handler.codec.ByteToMessageDecoder.channelInputClosed(ByteToMessageDecoder.java:389) [netty-all-4.1.67.Final.jar:4.1.67.Final]
	at io.netty.handler.codec.ByteToMessageDecoder.channelInactive(ByteToMessageDecoder.java:354) [netty-all-4.1.67.Final.jar:4.1.67.Final]
	at io.netty.channel.AbstractChannelHandlerContext.invokeChannelInactive(AbstractChannelHandlerContext.java:262) [netty-all-4.1.67.Final.jar:4.1.67.Final]
	at io.netty.channel.AbstractChannelHandlerContext.invokeChannelInactive(AbstractChannelHandlerContext.java:248) [netty-all-4.1.67.Final.jar:4.1.67.Final]
	at io.netty.channel.AbstractChannelHandlerContext.fireChannelInactive(AbstractChannelHandlerContext.java:241) [netty-all-4.1.67.Final.jar:4.1.67.Final]
	at io.netty.channel.ChannelInboundHandlerAdapter.channelInactive(ChannelInboundHandlerAdapter.java:81) [netty-all-4.1.67.Final.jar:4.1.67.Final]
	at io.netty.handler.timeout.IdleStateHandler.channelInactive(IdleStateHandler.java:277) [netty-all-4.1.67.Final.jar:4.1.67.Final]
	at io.netty.channel.AbstractChannelHandlerContext.invokeChannelInactive(AbstractChannelHandlerContext.java:262) [netty-all-4.1.67.Final.jar:4.1.67.Final]
	at io.netty.channel.AbstractChannelHandlerContext.invokeChannelInactive(AbstractChannelHandlerContext.java:248) [netty-all-4.1.67.Final.jar:4.1.67.Final]
	at io.netty.channel.AbstractChannelHandlerContext.fireChannelInactive(AbstractChannelHandlerContext.java:241) [netty-all-4.1.67.Final.jar:4.1.67.Final]
	at io.netty.handler.codec.ByteToMessageDecoder.channelInputClosed(ByteToMessageDecoder.java:389) [netty-all-4.1.67.Final.jar:4.1.67.Final]
	at io.netty.handler.codec.ByteToMessageDecoder.channelInactive(ByteToMessageDecoder.java:354) [netty-all-4.1.67.Final.jar:4.1.67.Final]
	at io.netty.channel.AbstractChannelHandlerContext.invokeChannelInactive(AbstractChannelHandlerContext.java:262) [netty-all-4.1.67.Final.jar:4.1.67.Final]
	at io.netty.channel.AbstractChannelHandlerContext.invokeChannelInactive(AbstractChannelHandlerContext.java:248) [netty-all-4.1.67.Final.jar:4.1.67.Final]
	at io.netty.channel.AbstractChannelHandlerContext.fireChannelInactive(AbstractChannelHandlerContext.java:241) [netty-all-4.1.67.Final.jar:4.1.67.Final]
	at io.netty.channel.DefaultChannelPipeline$HeadContext.channelInactive(DefaultChannelPipeline.java:1405) [netty-all-4.1.67.Final.jar:4.1.67.Final]
	at io.netty.channel.AbstractChannelHandlerContext.invokeChannelInactive(AbstractChannelHandlerContext.java:262) [netty-all-4.1.67.Final.jar:4.1.67.Final]
	at io.netty.channel.AbstractChannelHandlerContext.invokeChannelInactive(AbstractChannelHandlerContext.java:248) [netty-all-4.1.67.Final.jar:4.1.67.Final]
	at io.netty.channel.DefaultChannelPipeline.fireChannelInactive(DefaultChannelPipeline.java:901) [netty-all-4.1.67.Final.jar:4.1.67.Final]
	at io.netty.channel.AbstractChannel$AbstractUnsafe$8.run(AbstractChannel.java:831) [netty-all-4.1.67.Final.jar:4.1.67.Final]
	at io.netty.util.concurrent.AbstractEventExecutor.safeExecute$$$capture(AbstractEventExecutor.java:164) [netty-all-4.1.67.Final.jar:4.1.67.Final]
	at io.netty.util.concurrent.AbstractEventExecutor.safeExecute(AbstractEventExecutor.java) [netty-all-4.1.67.Final.jar:4.1.67.Final]
	at io.netty.util.concurrent.SingleThreadEventExecutor.runAllTasksFrom(SingleThreadEventExecutor.java:425) [netty-all-4.1.67.Final.jar:4.1.67.Final]
	at io.netty.util.concurrent.SingleThreadEventExecutor.runAllTasks(SingleThreadEventExecutor.java:374) [netty-all-4.1.67.Final.jar:4.1.67.Final]
	at io.netty.util.concurrent.SingleThreadEventExecutor.confirmShutdown(SingleThreadEventExecutor.java:760) [netty-all-4.1.67.Final.jar:4.1.67.Final]
	at io.netty.channel.nio.NioEventLoop.run(NioEventLoop.java:527) [netty-all-4.1.67.Final.jar:4.1.67.Final]
	at io.netty.util.concurrent.SingleThreadEventExecutor$4.run(SingleThreadEventExecutor.java:986) [netty-all-4.1.67.Final.jar:4.1.67.Final]
	at io.netty.util.internal.ThreadExecutorMap$2.run(ThreadExecutorMap.java:74) [netty-all-4.1.67.Final.jar:4.1.67.Final]
	at io.netty.util.concurrent.FastThreadLocalRunnable.run(FastThreadLocalRunnable.java:30) [netty-all-4.1.67.Final.jar:4.1.67.Final]
	at java.lang.Thread.run(Thread.java:748) [?:1.8.0_171]

[2021-09-23 11:30:39] ERROR com.dzyls.chat.handler.server.ServerEventTrigger 49 exceptionCaught - something error : java.lang.NullPointerException: null
	at com.dzyls.chat.handler.server.ServerEventTrigger.channelActive(ServerEventTrigger.java:36) ~[classes/:?]
	at io.netty.channel.AbstractChannelHandlerContext.invokeChannelActive(AbstractChannelHandlerContext.java:230) [netty-all-4.1.67.Final.jar:4.1.67.Final]
	at io.netty.channel.AbstractChannelHandlerContext.invokeChannelActive(AbstractChannelHandlerContext.java:216) [netty-all-4.1.67.Final.jar:4.1.67.Final]
	at io.netty.channel.AbstractChannelHandlerContext.fireChannelActive(AbstractChannelHandlerContext.java:209) [netty-all-4.1.67.Final.jar:4.1.67.Final]
	at io.netty.channel.DefaultChannelPipeline$HeadContext.channelActive(DefaultChannelPipeline.java:1398) [netty-all-4.1.67.Final.jar:4.1.67.Final]
	at io.netty.channel.AbstractChannelHandlerContext.invokeChannelActive(AbstractChannelHandlerContext.java:230) [netty-all-4.1.67.Final.jar:4.1.67.Final]
	at io.netty.channel.AbstractChannelHandlerContext.invokeChannelActive(AbstractChannelHandlerContext.java:216) [netty-all-4.1.67.Final.jar:4.1.67.Final]
	at io.netty.channel.DefaultChannelPipeline.fireChannelActive(DefaultChannelPipeline.java:895) [netty-all-4.1.67.Final.jar:4.1.67.Final]
	at io.netty.channel.AbstractChannel$AbstractUnsafe.register0(AbstractChannel.java:522) [netty-all-4.1.67.Final.jar:4.1.67.Final]
	at io.netty.channel.AbstractChannel$AbstractUnsafe.access$200(AbstractChannel.java:429) [netty-all-4.1.67.Final.jar:4.1.67.Final]
	at io.netty.channel.AbstractChannel$AbstractUnsafe$1.run(AbstractChannel.java:486) [netty-all-4.1.67.Final.jar:4.1.67.Final]
	at io.netty.util.concurrent.AbstractEventExecutor.safeExecute$$$capture(AbstractEventExecutor.java:164) [netty-all-4.1.67.Final.jar:4.1.67.Final]
	at io.netty.util.concurrent.AbstractEventExecutor.safeExecute(AbstractEventExecutor.java) [netty-all-4.1.67.Final.jar:4.1.67.Final]
	at io.netty.util.concurrent.SingleThreadEventExecutor.runAllTasks(SingleThreadEventExecutor.java:469) [netty-all-4.1.67.Final.jar:4.1.67.Final]
	at io.netty.channel.nio.NioEventLoop.run(NioEventLoop.java:500) [netty-all-4.1.67.Final.jar:4.1.67.Final]
	at io.netty.util.concurrent.SingleThreadEventExecutor$4.run(SingleThreadEventExecutor.java:986) [netty-all-4.1.67.Final.jar:4.1.67.Final]
	at io.netty.util.internal.ThreadExecutorMap$2.run(ThreadExecutorMap.java:74) [netty-all-4.1.67.Final.jar:4.1.67.Final]
	at io.netty.util.concurrent.FastThreadLocalRunnable.run(FastThreadLocalRunnable.java:30) [netty-all-4.1.67.Final.jar:4.1.67.Final]
	at java.lang.Thread.run(Thread.java:748) [?:1.8.0_171]

[2021-09-23 11:30:39] ERROR com.dzyls.chat.handler.client.ClientEventTrigger 48 exceptionCaught - something error : java.lang.NullPointerException: null
	at com.dzyls.chat.handler.client.ClientEventTrigger.channelActive(ClientEventTrigger.java:33) ~[classes/:?]
	at io.netty.channel.AbstractChannelHandlerContext.invokeChannelActive(AbstractChannelHandlerContext.java:230) [netty-all-4.1.67.Final.jar:4.1.67.Final]
	at io.netty.channel.AbstractChannelHandlerContext.invokeChannelActive(AbstractChannelHandlerContext.java:216) [netty-all-4.1.67.Final.jar:4.1.67.Final]
	at io.netty.channel.AbstractChannelHandlerContext.fireChannelActive(AbstractChannelHandlerContext.java:209) [netty-all-4.1.67.Final.jar:4.1.67.Final]
	at io.netty.channel.ChannelInboundHandlerAdapter.channelActive(ChannelInboundHandlerAdapter.java:69) [netty-all-4.1.67.Final.jar:4.1.67.Final]
	at io.netty.handler.timeout.IdleStateHandler.channelActive(IdleStateHandler.java:271) [netty-all-4.1.67.Final.jar:4.1.67.Final]
	at io.netty.channel.AbstractChannelHandlerContext.invokeChannelActive(AbstractChannelHandlerContext.java:230) [netty-all-4.1.67.Final.jar:4.1.67.Final]
	at io.netty.channel.AbstractChannelHandlerContext.invokeChannelActive(AbstractChannelHandlerContext.java:216) [netty-all-4.1.67.Final.jar:4.1.67.Final]
	at io.netty.channel.AbstractChannelHandlerContext.fireChannelActive(AbstractChannelHandlerContext.java:209) [netty-all-4.1.67.Final.jar:4.1.67.Final]
	at io.netty.channel.DefaultChannelPipeline$HeadContext.channelActive(DefaultChannelPipeline.java:1398) [netty-all-4.1.67.Final.jar:4.1.67.Final]
	at io.netty.channel.AbstractChannelHandlerContext.invokeChannelActive(AbstractChannelHandlerContext.java:230) [netty-all-4.1.67.Final.jar:4.1.67.Final]
	at io.netty.channel.AbstractChannelHandlerContext.invokeChannelActive(AbstractChannelHandlerContext.java:216) [netty-all-4.1.67.Final.jar:4.1.67.Final]
	at io.netty.channel.DefaultChannelPipeline.fireChannelActive(DefaultChannelPipeline.java:895) [netty-all-4.1.67.Final.jar:4.1.67.Final]
	at io.netty.channel.nio.AbstractNioChannel$AbstractNioUnsafe.fulfillConnectPromise(AbstractNioChannel.java:305) [netty-all-4.1.67.Final.jar:4.1.67.Final]
	at io.netty.channel.nio.AbstractNioChannel$AbstractNioUnsafe.finishConnect(AbstractNioChannel.java:335) [netty-all-4.1.67.Final.jar:4.1.67.Final]
	at io.netty.channel.nio.NioEventLoop.processSelectedKey(NioEventLoop.java:707) [netty-all-4.1.67.Final.jar:4.1.67.Final]
	at io.netty.channel.nio.NioEventLoop.processSelectedKeysOptimized(NioEventLoop.java:655) [netty-all-4.1.67.Final.jar:4.1.67.Final]
	at io.netty.channel.nio.NioEventLoop.processSelectedKeys(NioEventLoop.java:581) [netty-all-4.1.67.Final.jar:4.1.67.Final]
	at io.netty.channel.nio.NioEventLoop.run(NioEventLoop.java:493) [netty-all-4.1.67.Final.jar:4.1.67.Final]
	at io.netty.util.concurrent.SingleThreadEventExecutor$4.run(SingleThreadEventExecutor.java:986) [netty-all-4.1.67.Final.jar:4.1.67.Final]
	at io.netty.util.internal.ThreadExecutorMap$2.run(ThreadExecutorMap.java:74) [netty-all-4.1.67.Final.jar:4.1.67.Final]
	at io.netty.util.concurrent.FastThreadLocalRunnable.run(FastThreadLocalRunnable.java:30) [netty-all-4.1.67.Final.jar:4.1.67.Final]
	at java.lang.Thread.run(Thread.java:748) [?:1.8.0_171]

[2021-09-23 11:30:45] ERROR com.dzyls.chat.client.ChatClient 99 startClient - chat client was interrupted , java.lang.InterruptedException: null
	at java.lang.Object.wait(Native Method) ~[?:1.8.0_171]
	at java.lang.Object.wait(Object.java:502) ~[?:1.8.0_171]
	at io.netty.util.concurrent.DefaultPromise.await(DefaultPromise.java:253) ~[netty-all-4.1.67.Final.jar:4.1.67.Final]
	at io.netty.channel.DefaultChannelPromise.await(DefaultChannelPromise.java:131) ~[netty-all-4.1.67.Final.jar:4.1.67.Final]
	at io.netty.channel.DefaultChannelPromise.await(DefaultChannelPromise.java:30) ~[netty-all-4.1.67.Final.jar:4.1.67.Final]
	at io.netty.util.concurrent.DefaultPromise.sync(DefaultPromise.java:404) ~[netty-all-4.1.67.Final.jar:4.1.67.Final]
	at io.netty.channel.DefaultChannelPromise.sync(DefaultChannelPromise.java:119) ~[netty-all-4.1.67.Final.jar:4.1.67.Final]
	at io.netty.channel.DefaultChannelPromise.sync(DefaultChannelPromise.java:30) ~[netty-all-4.1.67.Final.jar:4.1.67.Final]
	at com.dzyls.chat.client.ChatClient.startClient(ChatClient.java:97) ~[classes/:?]
	at com.dzyls.chat.client.ChatClient.lambda$startMonitorThread$0(ChatClient.java:128) ~[classes/:?]
	at java.lang.Thread.run(Thread.java:748) [?:1.8.0_171]

[2021-09-23 11:30:45] ERROR com.dzyls.chat.handler.server.ServerEventTrigger 49 exceptionCaught - something error : java.lang.NullPointerException: null
	at com.dzyls.chat.handler.server.ServerEventTrigger.channelInactive(ServerEventTrigger.java:43) ~[classes/:?]
	at io.netty.channel.AbstractChannelHandlerContext.invokeChannelInactive(AbstractChannelHandlerContext.java:262) [netty-all-4.1.67.Final.jar:4.1.67.Final]
	at io.netty.channel.AbstractChannelHandlerContext.invokeChannelInactive(AbstractChannelHandlerContext.java:248) [netty-all-4.1.67.Final.jar:4.1.67.Final]
	at io.netty.channel.AbstractChannelHandlerContext.fireChannelInactive(AbstractChannelHandlerContext.java:241) [netty-all-4.1.67.Final.jar:4.1.67.Final]
	at io.netty.handler.codec.ByteToMessageDecoder.channelInputClosed(ByteToMessageDecoder.java:389) [netty-all-4.1.67.Final.jar:4.1.67.Final]
	at io.netty.handler.codec.ByteToMessageDecoder.channelInactive(ByteToMessageDecoder.java:354) [netty-all-4.1.67.Final.jar:4.1.67.Final]
	at io.netty.handler.codec.ByteToMessageCodec.channelInactive(ByteToMessageCodec.java:118) [netty-all-4.1.67.Final.jar:4.1.67.Final]
	at io.netty.channel.AbstractChannelHandlerContext.invokeChannelInactive(AbstractChannelHandlerContext.java:262) [netty-all-4.1.67.Final.jar:4.1.67.Final]
	at io.netty.channel.AbstractChannelHandlerContext.invokeChannelInactive(AbstractChannelHandlerContext.java:248) [netty-all-4.1.67.Final.jar:4.1.67.Final]
	at io.netty.channel.AbstractChannelHandlerContext.fireChannelInactive(AbstractChannelHandlerContext.java:241) [netty-all-4.1.67.Final.jar:4.1.67.Final]
	at io.netty.handler.codec.ByteToMessageDecoder.channelInputClosed(ByteToMessageDecoder.java:389) [netty-all-4.1.67.Final.jar:4.1.67.Final]
	at io.netty.handler.codec.ByteToMessageDecoder.channelInactive(ByteToMessageDecoder.java:354) [netty-all-4.1.67.Final.jar:4.1.67.Final]
	at io.netty.handler.codec.ByteToMessageCodec.channelInactive(ByteToMessageCodec.java:118) [netty-all-4.1.67.Final.jar:4.1.67.Final]
	at io.netty.channel.AbstractChannelHandlerContext.invokeChannelInactive(AbstractChannelHandlerContext.java:262) [netty-all-4.1.67.Final.jar:4.1.67.Final]
	at io.netty.channel.AbstractChannelHandlerContext.invokeChannelInactive(AbstractChannelHandlerContext.java:248) [netty-all-4.1.67.Final.jar:4.1.67.Final]
	at io.netty.channel.AbstractChannelHandlerContext.fireChannelInactive(AbstractChannelHandlerContext.java:241) [netty-all-4.1.67.Final.jar:4.1.67.Final]
	at io.netty.handler.codec.ByteToMessageDecoder.channelInputClosed(ByteToMessageDecoder.java:389) [netty-all-4.1.67.Final.jar:4.1.67.Final]
	at io.netty.handler.codec.ByteToMessageDecoder.channelInactive(ByteToMessageDecoder.java:354) [netty-all-4.1.67.Final.jar:4.1.67.Final]
	at io.netty.channel.AbstractChannelHandlerContext.invokeChannelInactive(AbstractChannelHandlerContext.java:262) [netty-all-4.1.67.Final.jar:4.1.67.Final]
	at io.netty.channel.AbstractChannelHandlerContext.invokeChannelInactive(AbstractChannelHandlerContext.java:248) [netty-all-4.1.67.Final.jar:4.1.67.Final]
	at io.netty.channel.AbstractChannelHandlerContext.fireChannelInactive(AbstractChannelHandlerContext.java:241) [netty-all-4.1.67.Final.jar:4.1.67.Final]
	at io.netty.channel.DefaultChannelPipeline$HeadContext.channelInactive(DefaultChannelPipeline.java:1405) [netty-all-4.1.67.Final.jar:4.1.67.Final]
	at io.netty.channel.AbstractChannelHandlerContext.invokeChannelInactive(AbstractChannelHandlerContext.java:262) [netty-all-4.1.67.Final.jar:4.1.67.Final]
	at io.netty.channel.AbstractChannelHandlerContext.invokeChannelInactive(AbstractChannelHandlerContext.java:248) [netty-all-4.1.67.Final.jar:4.1.67.Final]
	at io.netty.channel.DefaultChannelPipeline.fireChannelInactive(DefaultChannelPipeline.java:901) [netty-all-4.1.67.Final.jar:4.1.67.Final]
	at io.netty.channel.AbstractChannel$AbstractUnsafe$8.run(AbstractChannel.java:831) [netty-all-4.1.67.Final.jar:4.1.67.Final]
	at io.netty.util.concurrent.AbstractEventExecutor.safeExecute$$$capture(AbstractEventExecutor.java:164) [netty-all-4.1.67.Final.jar:4.1.67.Final]
	at io.netty.util.concurrent.AbstractEventExecutor.safeExecute(AbstractEventExecutor.java) [netty-all-4.1.67.Final.jar:4.1.67.Final]
	at io.netty.util.concurrent.SingleThreadEventExecutor.runAllTasks(SingleThreadEventExecutor.java:469) [netty-all-4.1.67.Final.jar:4.1.67.Final]
	at io.netty.channel.nio.NioEventLoop.run(NioEventLoop.java:497) [netty-all-4.1.67.Final.jar:4.1.67.Final]
	at io.netty.util.concurrent.SingleThreadEventExecutor$4.run(SingleThreadEventExecutor.java:986) [netty-all-4.1.67.Final.jar:4.1.67.Final]
	at io.netty.util.internal.ThreadExecutorMap$2.run(ThreadExecutorMap.java:74) [netty-all-4.1.67.Final.jar:4.1.67.Final]
	at io.netty.util.concurrent.FastThreadLocalRunnable.run(FastThreadLocalRunnable.java:30) [netty-all-4.1.67.Final.jar:4.1.67.Final]
	at java.lang.Thread.run(Thread.java:748) [?:1.8.0_171]

[2021-09-23 11:30:55] ERROR com.dzyls.chat.handler.server.ServerEventTrigger 49 exceptionCaught - something error : java.lang.NullPointerException: null
	at com.dzyls.chat.handler.server.ServerEventTrigger.channelActive(ServerEventTrigger.java:36) ~[classes/:?]
	at io.netty.channel.AbstractChannelHandlerContext.invokeChannelActive(AbstractChannelHandlerContext.java:230) [netty-all-4.1.67.Final.jar:4.1.67.Final]
	at io.netty.channel.AbstractChannelHandlerContext.invokeChannelActive(AbstractChannelHandlerContext.java:216) [netty-all-4.1.67.Final.jar:4.1.67.Final]
	at io.netty.channel.AbstractChannelHandlerContext.fireChannelActive(AbstractChannelHandlerContext.java:209) [netty-all-4.1.67.Final.jar:4.1.67.Final]
	at io.netty.channel.DefaultChannelPipeline$HeadContext.channelActive(DefaultChannelPipeline.java:1398) [netty-all-4.1.67.Final.jar:4.1.67.Final]
	at io.netty.channel.AbstractChannelHandlerContext.invokeChannelActive(AbstractChannelHandlerContext.java:230) [netty-all-4.1.67.Final.jar:4.1.67.Final]
	at io.netty.channel.AbstractChannelHandlerContext.invokeChannelActive(AbstractChannelHandlerContext.java:216) [netty-all-4.1.67.Final.jar:4.1.67.Final]
	at io.netty.channel.DefaultChannelPipeline.fireChannelActive(DefaultChannelPipeline.java:895) [netty-all-4.1.67.Final.jar:4.1.67.Final]
	at io.netty.channel.AbstractChannel$AbstractUnsafe.register0(AbstractChannel.java:522) [netty-all-4.1.67.Final.jar:4.1.67.Final]
	at io.netty.channel.AbstractChannel$AbstractUnsafe.access$200(AbstractChannel.java:429) [netty-all-4.1.67.Final.jar:4.1.67.Final]
	at io.netty.channel.AbstractChannel$AbstractUnsafe$1.run(AbstractChannel.java:486) [netty-all-4.1.67.Final.jar:4.1.67.Final]
	at io.netty.util.concurrent.AbstractEventExecutor.safeExecute$$$capture(AbstractEventExecutor.java:164) [netty-all-4.1.67.Final.jar:4.1.67.Final]
	at io.netty.util.concurrent.AbstractEventExecutor.safeExecute(AbstractEventExecutor.java) [netty-all-4.1.67.Final.jar:4.1.67.Final]
	at io.netty.util.concurrent.SingleThreadEventExecutor.runAllTasks(SingleThreadEventExecutor.java:469) [netty-all-4.1.67.Final.jar:4.1.67.Final]
	at io.netty.channel.nio.NioEventLoop.run(NioEventLoop.java:500) [netty-all-4.1.67.Final.jar:4.1.67.Final]
	at io.netty.util.concurrent.SingleThreadEventExecutor$4.run(SingleThreadEventExecutor.java:986) [netty-all-4.1.67.Final.jar:4.1.67.Final]
	at io.netty.util.internal.ThreadExecutorMap$2.run(ThreadExecutorMap.java:74) [netty-all-4.1.67.Final.jar:4.1.67.Final]
	at io.netty.util.concurrent.FastThreadLocalRunnable.run(FastThreadLocalRunnable.java:30) [netty-all-4.1.67.Final.jar:4.1.67.Final]
	at java.lang.Thread.run(Thread.java:748) [?:1.8.0_171]

[2021-09-23 11:30:55] ERROR com.dzyls.chat.handler.client.ClientEventTrigger 48 exceptionCaught - something error : java.lang.NullPointerException: null
	at com.dzyls.chat.handler.client.ClientEventTrigger.channelActive(ClientEventTrigger.java:33) ~[classes/:?]
	at io.netty.channel.AbstractChannelHandlerContext.invokeChannelActive(AbstractChannelHandlerContext.java:230) [netty-all-4.1.67.Final.jar:4.1.67.Final]
	at io.netty.channel.AbstractChannelHandlerContext.invokeChannelActive(AbstractChannelHandlerContext.java:216) [netty-all-4.1.67.Final.jar:4.1.67.Final]
	at io.netty.channel.AbstractChannelHandlerContext.fireChannelActive(AbstractChannelHandlerContext.java:209) [netty-all-4.1.67.Final.jar:4.1.67.Final]
	at io.netty.channel.ChannelInboundHandlerAdapter.channelActive(ChannelInboundHandlerAdapter.java:69) [netty-all-4.1.67.Final.jar:4.1.67.Final]
	at io.netty.handler.timeout.IdleStateHandler.channelActive(IdleStateHandler.java:271) [netty-all-4.1.67.Final.jar:4.1.67.Final]
	at io.netty.channel.AbstractChannelHandlerContext.invokeChannelActive(AbstractChannelHandlerContext.java:230) [netty-all-4.1.67.Final.jar:4.1.67.Final]
	at io.netty.channel.AbstractChannelHandlerContext.invokeChannelActive(AbstractChannelHandlerContext.java:216) [netty-all-4.1.67.Final.jar:4.1.67.Final]
	at io.netty.channel.AbstractChannelHandlerContext.fireChannelActive(AbstractChannelHandlerContext.java:209) [netty-all-4.1.67.Final.jar:4.1.67.Final]
	at io.netty.channel.DefaultChannelPipeline$HeadContext.channelActive(DefaultChannelPipeline.java:1398) [netty-all-4.1.67.Final.jar:4.1.67.Final]
	at io.netty.channel.AbstractChannelHandlerContext.invokeChannelActive(AbstractChannelHandlerContext.java:230) [netty-all-4.1.67.Final.jar:4.1.67.Final]
	at io.netty.channel.AbstractChannelHandlerContext.invokeChannelActive(AbstractChannelHandlerContext.java:216) [netty-all-4.1.67.Final.jar:4.1.67.Final]
	at io.netty.channel.DefaultChannelPipeline.fireChannelActive(DefaultChannelPipeline.java:895) [netty-all-4.1.67.Final.jar:4.1.67.Final]
	at io.netty.channel.nio.AbstractNioChannel$AbstractNioUnsafe.fulfillConnectPromise(AbstractNioChannel.java:305) [netty-all-4.1.67.Final.jar:4.1.67.Final]
	at io.netty.channel.nio.AbstractNioChannel$AbstractNioUnsafe.finishConnect(AbstractNioChannel.java:335) [netty-all-4.1.67.Final.jar:4.1.67.Final]
	at io.netty.channel.nio.NioEventLoop.processSelectedKey(NioEventLoop.java:707) [netty-all-4.1.67.Final.jar:4.1.67.Final]
	at io.netty.channel.nio.NioEventLoop.processSelectedKeysOptimized(NioEventLoop.java:655) [netty-all-4.1.67.Final.jar:4.1.67.Final]
	at io.netty.channel.nio.NioEventLoop.processSelectedKeys(NioEventLoop.java:581) [netty-all-4.1.67.Final.jar:4.1.67.Final]
	at io.netty.channel.nio.NioEventLoop.run(NioEventLoop.java:493) [netty-all-4.1.67.Final.jar:4.1.67.Final]
	at io.netty.util.concurrent.SingleThreadEventExecutor$4.run(SingleThreadEventExecutor.java:986) [netty-all-4.1.67.Final.jar:4.1.67.Final]
	at io.netty.util.internal.ThreadExecutorMap$2.run(ThreadExecutorMap.java:74) [netty-all-4.1.67.Final.jar:4.1.67.Final]
	at io.netty.util.concurrent.FastThreadLocalRunnable.run(FastThreadLocalRunnable.java:30) [netty-all-4.1.67.Final.jar:4.1.67.Final]
	at java.lang.Thread.run(Thread.java:748) [?:1.8.0_171]

[2021-09-23 11:31:10] ERROR com.dzyls.chat.client.ChatClient 99 startClient - chat client was interrupted , java.lang.InterruptedException: null
	at java.lang.Object.wait(Native Method) ~[?:1.8.0_171]
	at java.lang.Object.wait(Object.java:502) ~[?:1.8.0_171]
	at io.netty.util.concurrent.DefaultPromise.await(DefaultPromise.java:253) ~[netty-all-4.1.67.Final.jar:4.1.67.Final]
	at io.netty.channel.DefaultChannelPromise.await(DefaultChannelPromise.java:131) ~[netty-all-4.1.67.Final.jar:4.1.67.Final]
	at io.netty.channel.DefaultChannelPromise.await(DefaultChannelPromise.java:30) ~[netty-all-4.1.67.Final.jar:4.1.67.Final]
	at io.netty.util.concurrent.DefaultPromise.sync(DefaultPromise.java:404) ~[netty-all-4.1.67.Final.jar:4.1.67.Final]
	at io.netty.channel.DefaultChannelPromise.sync(DefaultChannelPromise.java:119) ~[netty-all-4.1.67.Final.jar:4.1.67.Final]
	at io.netty.channel.DefaultChannelPromise.sync(DefaultChannelPromise.java:30) ~[netty-all-4.1.67.Final.jar:4.1.67.Final]
	at com.dzyls.chat.client.ChatClient.startClient(ChatClient.java:97) ~[classes/:?]
	at com.dzyls.chat.client.ChatClient.lambda$startMonitorThread$0(ChatClient.java:128) ~[classes/:?]
	at java.lang.Thread.run(Thread.java:748) [?:1.8.0_171]

[2021-09-23 11:31:10] ERROR com.dzyls.chat.handler.server.ServerEventTrigger 49 exceptionCaught - something error : java.lang.NullPointerException: null
	at com.dzyls.chat.handler.server.ServerEventTrigger.channelInactive(ServerEventTrigger.java:43) ~[classes/:?]
	at io.netty.channel.AbstractChannelHandlerContext.invokeChannelInactive(AbstractChannelHandlerContext.java:262) [netty-all-4.1.67.Final.jar:4.1.67.Final]
	at io.netty.channel.AbstractChannelHandlerContext.invokeChannelInactive(AbstractChannelHandlerContext.java:248) [netty-all-4.1.67.Final.jar:4.1.67.Final]
	at io.netty.channel.AbstractChannelHandlerContext.fireChannelInactive(AbstractChannelHandlerContext.java:241) [netty-all-4.1.67.Final.jar:4.1.67.Final]
	at io.netty.handler.codec.ByteToMessageDecoder.channelInputClosed(ByteToMessageDecoder.java:389) [netty-all-4.1.67.Final.jar:4.1.67.Final]
	at io.netty.handler.codec.ByteToMessageDecoder.channelInactive(ByteToMessageDecoder.java:354) [netty-all-4.1.67.Final.jar:4.1.67.Final]
	at io.netty.handler.codec.ByteToMessageCodec.channelInactive(ByteToMessageCodec.java:118) [netty-all-4.1.67.Final.jar:4.1.67.Final]
	at io.netty.channel.AbstractChannelHandlerContext.invokeChannelInactive(AbstractChannelHandlerContext.java:262) [netty-all-4.1.67.Final.jar:4.1.67.Final]
	at io.netty.channel.AbstractChannelHandlerContext.invokeChannelInactive(AbstractChannelHandlerContext.java:248) [netty-all-4.1.67.Final.jar:4.1.67.Final]
	at io.netty.channel.AbstractChannelHandlerContext.fireChannelInactive(AbstractChannelHandlerContext.java:241) [netty-all-4.1.67.Final.jar:4.1.67.Final]
	at io.netty.handler.codec.ByteToMessageDecoder.channelInputClosed(ByteToMessageDecoder.java:389) [netty-all-4.1.67.Final.jar:4.1.67.Final]
	at io.netty.handler.codec.ByteToMessageDecoder.channelInactive(ByteToMessageDecoder.java:354) [netty-all-4.1.67.Final.jar:4.1.67.Final]
	at io.netty.handler.codec.ByteToMessageCodec.channelInactive(ByteToMessageCodec.java:118) [netty-all-4.1.67.Final.jar:4.1.67.Final]
	at io.netty.channel.AbstractChannelHandlerContext.invokeChannelInactive(AbstractChannelHandlerContext.java:262) [netty-all-4.1.67.Final.jar:4.1.67.Final]
	at io.netty.channel.AbstractChannelHandlerContext.invokeChannelInactive(AbstractChannelHandlerContext.java:248) [netty-all-4.1.67.Final.jar:4.1.67.Final]
	at io.netty.channel.AbstractChannelHandlerContext.fireChannelInactive(AbstractChannelHandlerContext.java:241) [netty-all-4.1.67.Final.jar:4.1.67.Final]
	at io.netty.handler.codec.ByteToMessageDecoder.channelInputClosed(ByteToMessageDecoder.java:389) [netty-all-4.1.67.Final.jar:4.1.67.Final]
	at io.netty.handler.codec.ByteToMessageDecoder.channelInactive(ByteToMessageDecoder.java:354) [netty-all-4.1.67.Final.jar:4.1.67.Final]
	at io.netty.channel.AbstractChannelHandlerContext.invokeChannelInactive(AbstractChannelHandlerContext.java:262) [netty-all-4.1.67.Final.jar:4.1.67.Final]
	at io.netty.channel.AbstractChannelHandlerContext.invokeChannelInactive(AbstractChannelHandlerContext.java:248) [netty-all-4.1.67.Final.jar:4.1.67.Final]
	at io.netty.channel.AbstractChannelHandlerContext.fireChannelInactive(AbstractChannelHandlerContext.java:241) [netty-all-4.1.67.Final.jar:4.1.67.Final]
	at io.netty.channel.DefaultChannelPipeline$HeadContext.channelInactive(DefaultChannelPipeline.java:1405) [netty-all-4.1.67.Final.jar:4.1.67.Final]
	at io.netty.channel.AbstractChannelHandlerContext.invokeChannelInactive(AbstractChannelHandlerContext.java:262) [netty-all-4.1.67.Final.jar:4.1.67.Final]
	at io.netty.channel.AbstractChannelHandlerContext.invokeChannelInactive(AbstractChannelHandlerContext.java:248) [netty-all-4.1.67.Final.jar:4.1.67.Final]
	at io.netty.channel.DefaultChannelPipeline.fireChannelInactive(DefaultChannelPipeline.java:901) [netty-all-4.1.67.Final.jar:4.1.67.Final]
	at io.netty.channel.AbstractChannel$AbstractUnsafe$8.run(AbstractChannel.java:831) [netty-all-4.1.67.Final.jar:4.1.67.Final]
	at io.netty.util.concurrent.AbstractEventExecutor.safeExecute$$$capture(AbstractEventExecutor.java:164) [netty-all-4.1.67.Final.jar:4.1.67.Final]
	at io.netty.util.concurrent.AbstractEventExecutor.safeExecute(AbstractEventExecutor.java) [netty-all-4.1.67.Final.jar:4.1.67.Final]
	at io.netty.util.concurrent.SingleThreadEventExecutor.runAllTasks(SingleThreadEventExecutor.java:469) [netty-all-4.1.67.Final.jar:4.1.67.Final]
	at io.netty.channel.nio.NioEventLoop.run(NioEventLoop.java:497) [netty-all-4.1.67.Final.jar:4.1.67.Final]
	at io.netty.util.concurrent.SingleThreadEventExecutor$4.run(SingleThreadEventExecutor.java:986) [netty-all-4.1.67.Final.jar:4.1.67.Final]
	at io.netty.util.internal.ThreadExecutorMap$2.run(ThreadExecutorMap.java:74) [netty-all-4.1.67.Final.jar:4.1.67.Final]
	at io.netty.util.concurrent.FastThreadLocalRunnable.run(FastThreadLocalRunnable.java:30) [netty-all-4.1.67.Final.jar:4.1.67.Final]
	at java.lang.Thread.run(Thread.java:748) [?:1.8.0_171]

[2021-09-23 11:31:10] ERROR com.dzyls.chat.handler.client.ClientEventTrigger 48 exceptionCaught - something error : java.lang.NullPointerException: null
	at com.dzyls.chat.handler.client.ClientEventTrigger.channelInactive(ClientEventTrigger.java:42) ~[classes/:?]
	at io.netty.channel.AbstractChannelHandlerContext.invokeChannelInactive(AbstractChannelHandlerContext.java:262) [netty-all-4.1.67.Final.jar:4.1.67.Final]
	at io.netty.channel.AbstractChannelHandlerContext.invokeChannelInactive(AbstractChannelHandlerContext.java:248) [netty-all-4.1.67.Final.jar:4.1.67.Final]
	at io.netty.channel.AbstractChannelHandlerContext.fireChannelInactive(AbstractChannelHandlerContext.java:241) [netty-all-4.1.67.Final.jar:4.1.67.Final]
	at io.netty.handler.codec.ByteToMessageDecoder.channelInputClosed(ByteToMessageDecoder.java:389) [netty-all-4.1.67.Final.jar:4.1.67.Final]
	at io.netty.handler.codec.ByteToMessageDecoder.channelInactive(ByteToMessageDecoder.java:354) [netty-all-4.1.67.Final.jar:4.1.67.Final]
	at io.netty.handler.codec.ByteToMessageCodec.channelInactive(ByteToMessageCodec.java:118) [netty-all-4.1.67.Final.jar:4.1.67.Final]
	at io.netty.channel.AbstractChannelHandlerContext.invokeChannelInactive(AbstractChannelHandlerContext.java:262) [netty-all-4.1.67.Final.jar:4.1.67.Final]
	at io.netty.channel.AbstractChannelHandlerContext.invokeChannelInactive(AbstractChannelHandlerContext.java:248) [netty-all-4.1.67.Final.jar:4.1.67.Final]
	at io.netty.channel.AbstractChannelHandlerContext.fireChannelInactive(AbstractChannelHandlerContext.java:241) [netty-all-4.1.67.Final.jar:4.1.67.Final]
	at io.netty.handler.codec.ByteToMessageDecoder.channelInputClosed(ByteToMessageDecoder.java:389) [netty-all-4.1.67.Final.jar:4.1.67.Final]
	at io.netty.handler.codec.ByteToMessageDecoder.channelInactive(ByteToMessageDecoder.java:354) [netty-all-4.1.67.Final.jar:4.1.67.Final]
	at io.netty.channel.AbstractChannelHandlerContext.invokeChannelInactive(AbstractChannelHandlerContext.java:262) [netty-all-4.1.67.Final.jar:4.1.67.Final]
	at io.netty.channel.AbstractChannelHandlerContext.invokeChannelInactive(AbstractChannelHandlerContext.java:248) [netty-all-4.1.67.Final.jar:4.1.67.Final]
	at io.netty.channel.AbstractChannelHandlerContext.fireChannelInactive(AbstractChannelHandlerContext.java:241) [netty-all-4.1.67.Final.jar:4.1.67.Final]
	at io.netty.channel.ChannelInboundHandlerAdapter.channelInactive(ChannelInboundHandlerAdapter.java:81) [netty-all-4.1.67.Final.jar:4.1.67.Final]
	at io.netty.handler.timeout.IdleStateHandler.channelInactive(IdleStateHandler.java:277) [netty-all-4.1.67.Final.jar:4.1.67.Final]
	at io.netty.channel.AbstractChannelHandlerContext.invokeChannelInactive(AbstractChannelHandlerContext.java:262) [netty-all-4.1.67.Final.jar:4.1.67.Final]
	at io.netty.channel.AbstractChannelHandlerContext.invokeChannelInactive(AbstractChannelHandlerContext.java:248) [netty-all-4.1.67.Final.jar:4.1.67.Final]
	at io.netty.channel.AbstractChannelHandlerContext.fireChannelInactive(AbstractChannelHandlerContext.java:241) [netty-all-4.1.67.Final.jar:4.1.67.Final]
	at io.netty.handler.codec.ByteToMessageDecoder.channelInputClosed(ByteToMessageDecoder.java:389) [netty-all-4.1.67.Final.jar:4.1.67.Final]
	at io.netty.handler.codec.ByteToMessageDecoder.channelInactive(ByteToMessageDecoder.java:354) [netty-all-4.1.67.Final.jar:4.1.67.Final]
	at io.netty.channel.AbstractChannelHandlerContext.invokeChannelInactive(AbstractChannelHandlerContext.java:262) [netty-all-4.1.67.Final.jar:4.1.67.Final]
	at io.netty.channel.AbstractChannelHandlerContext.invokeChannelInactive(AbstractChannelHandlerContext.java:248) [netty-all-4.1.67.Final.jar:4.1.67.Final]
	at io.netty.channel.AbstractChannelHandlerContext.fireChannelInactive(AbstractChannelHandlerContext.java:241) [netty-all-4.1.67.Final.jar:4.1.67.Final]
	at io.netty.channel.DefaultChannelPipeline$HeadContext.channelInactive(DefaultChannelPipeline.java:1405) [netty-all-4.1.67.Final.jar:4.1.67.Final]
	at io.netty.channel.AbstractChannelHandlerContext.invokeChannelInactive(AbstractChannelHandlerContext.java:262) [netty-all-4.1.67.Final.jar:4.1.67.Final]
	at io.netty.channel.AbstractChannelHandlerContext.invokeChannelInactive(AbstractChannelHandlerContext.java:248) [netty-all-4.1.67.Final.jar:4.1.67.Final]
	at io.netty.channel.DefaultChannelPipeline.fireChannelInactive(DefaultChannelPipeline.java:901) [netty-all-4.1.67.Final.jar:4.1.67.Final]
	at io.netty.channel.AbstractChannel$AbstractUnsafe$8.run(AbstractChannel.java:831) [netty-all-4.1.67.Final.jar:4.1.67.Final]
	at io.netty.util.concurrent.AbstractEventExecutor.safeExecute$$$capture(AbstractEventExecutor.java:164) [netty-all-4.1.67.Final.jar:4.1.67.Final]
	at io.netty.util.concurrent.AbstractEventExecutor.safeExecute(AbstractEventExecutor.java) [netty-all-4.1.67.Final.jar:4.1.67.Final]
	at io.netty.util.concurrent.SingleThreadEventExecutor.runAllTasksFrom(SingleThreadEventExecutor.java:425) [netty-all-4.1.67.Final.jar:4.1.67.Final]
	at io.netty.util.concurrent.SingleThreadEventExecutor.runAllTasks(SingleThreadEventExecutor.java:374) [netty-all-4.1.67.Final.jar:4.1.67.Final]
	at io.netty.util.concurrent.SingleThreadEventExecutor.confirmShutdown(SingleThreadEventExecutor.java:760) [netty-all-4.1.67.Final.jar:4.1.67.Final]
	at io.netty.channel.nio.NioEventLoop.run(NioEventLoop.java:527) [netty-all-4.1.67.Final.jar:4.1.67.Final]
	at io.netty.util.concurrent.SingleThreadEventExecutor$4.run(SingleThreadEventExecutor.java:986) [netty-all-4.1.67.Final.jar:4.1.67.Final]
	at io.netty.util.internal.ThreadExecutorMap$2.run(ThreadExecutorMap.java:74) [netty-all-4.1.67.Final.jar:4.1.67.Final]
	at io.netty.util.concurrent.FastThreadLocalRunnable.run(FastThreadLocalRunnable.java:30) [netty-all-4.1.67.Final.jar:4.1.67.Final]
	at java.lang.Thread.run(Thread.java:748) [?:1.8.0_171]

[2021-09-23 11:31:22] ERROR com.dzyls.chat.handler.server.ServerEventTrigger 49 exceptionCaught - something error : java.lang.NullPointerException: null
	at com.dzyls.chat.handler.server.ServerEventTrigger.channelActive(ServerEventTrigger.java:36) ~[classes/:?]
	at io.netty.channel.AbstractChannelHandlerContext.invokeChannelActive(AbstractChannelHandlerContext.java:230) [netty-all-4.1.67.Final.jar:4.1.67.Final]
	at io.netty.channel.AbstractChannelHandlerContext.invokeChannelActive(AbstractChannelHandlerContext.java:216) [netty-all-4.1.67.Final.jar:4.1.67.Final]
	at io.netty.channel.AbstractChannelHandlerContext.fireChannelActive(AbstractChannelHandlerContext.java:209) [netty-all-4.1.67.Final.jar:4.1.67.Final]
	at io.netty.channel.DefaultChannelPipeline$HeadContext.channelActive(DefaultChannelPipeline.java:1398) [netty-all-4.1.67.Final.jar:4.1.67.Final]
	at io.netty.channel.AbstractChannelHandlerContext.invokeChannelActive(AbstractChannelHandlerContext.java:230) [netty-all-4.1.67.Final.jar:4.1.67.Final]
	at io.netty.channel.AbstractChannelHandlerContext.invokeChannelActive(AbstractChannelHandlerContext.java:216) [netty-all-4.1.67.Final.jar:4.1.67.Final]
	at io.netty.channel.DefaultChannelPipeline.fireChannelActive(DefaultChannelPipeline.java:895) [netty-all-4.1.67.Final.jar:4.1.67.Final]
	at io.netty.channel.AbstractChannel$AbstractUnsafe.register0(AbstractChannel.java:522) [netty-all-4.1.67.Final.jar:4.1.67.Final]
	at io.netty.channel.AbstractChannel$AbstractUnsafe.access$200(AbstractChannel.java:429) [netty-all-4.1.67.Final.jar:4.1.67.Final]
	at io.netty.channel.AbstractChannel$AbstractUnsafe$1.run(AbstractChannel.java:486) [netty-all-4.1.67.Final.jar:4.1.67.Final]
	at io.netty.util.concurrent.AbstractEventExecutor.safeExecute$$$capture(AbstractEventExecutor.java:164) [netty-all-4.1.67.Final.jar:4.1.67.Final]
	at io.netty.util.concurrent.AbstractEventExecutor.safeExecute(AbstractEventExecutor.java) [netty-all-4.1.67.Final.jar:4.1.67.Final]
	at io.netty.util.concurrent.SingleThreadEventExecutor.runAllTasks(SingleThreadEventExecutor.java:469) [netty-all-4.1.67.Final.jar:4.1.67.Final]
	at io.netty.channel.nio.NioEventLoop.run(NioEventLoop.java:500) [netty-all-4.1.67.Final.jar:4.1.67.Final]
	at io.netty.util.concurrent.SingleThreadEventExecutor$4.run(SingleThreadEventExecutor.java:986) [netty-all-4.1.67.Final.jar:4.1.67.Final]
	at io.netty.util.internal.ThreadExecutorMap$2.run(ThreadExecutorMap.java:74) [netty-all-4.1.67.Final.jar:4.1.67.Final]
	at io.netty.util.concurrent.FastThreadLocalRunnable.run(FastThreadLocalRunnable.java:30) [netty-all-4.1.67.Final.jar:4.1.67.Final]
	at java.lang.Thread.run(Thread.java:748) [?:1.8.0_171]

[2021-09-23 11:32:06] ERROR com.dzyls.chat.handler.client.ClientEventTrigger 48 exceptionCaught - something error : java.lang.NullPointerException: null
	at com.dzyls.chat.handler.client.ClientEventTrigger.channelActive(ClientEventTrigger.java:33) ~[classes/:?]
	at io.netty.channel.AbstractChannelHandlerContext.invokeChannelActive(AbstractChannelHandlerContext.java:230) [netty-all-4.1.67.Final.jar:4.1.67.Final]
	at io.netty.channel.AbstractChannelHandlerContext.invokeChannelActive(AbstractChannelHandlerContext.java:216) [netty-all-4.1.67.Final.jar:4.1.67.Final]
	at io.netty.channel.AbstractChannelHandlerContext.fireChannelActive(AbstractChannelHandlerContext.java:209) [netty-all-4.1.67.Final.jar:4.1.67.Final]
	at io.netty.channel.ChannelInboundHandlerAdapter.channelActive(ChannelInboundHandlerAdapter.java:69) [netty-all-4.1.67.Final.jar:4.1.67.Final]
	at io.netty.handler.timeout.IdleStateHandler.channelActive(IdleStateHandler.java:271) [netty-all-4.1.67.Final.jar:4.1.67.Final]
	at io.netty.channel.AbstractChannelHandlerContext.invokeChannelActive(AbstractChannelHandlerContext.java:230) [netty-all-4.1.67.Final.jar:4.1.67.Final]
	at io.netty.channel.AbstractChannelHandlerContext.invokeChannelActive(AbstractChannelHandlerContext.java:216) [netty-all-4.1.67.Final.jar:4.1.67.Final]
	at io.netty.channel.AbstractChannelHandlerContext.fireChannelActive(AbstractChannelHandlerContext.java:209) [netty-all-4.1.67.Final.jar:4.1.67.Final]
	at io.netty.channel.DefaultChannelPipeline$HeadContext.channelActive(DefaultChannelPipeline.java:1398) [netty-all-4.1.67.Final.jar:4.1.67.Final]
	at io.netty.channel.AbstractChannelHandlerContext.invokeChannelActive(AbstractChannelHandlerContext.java:230) [netty-all-4.1.67.Final.jar:4.1.67.Final]
	at io.netty.channel.AbstractChannelHandlerContext.invokeChannelActive(AbstractChannelHandlerContext.java:216) [netty-all-4.1.67.Final.jar:4.1.67.Final]
	at io.netty.channel.DefaultChannelPipeline.fireChannelActive(DefaultChannelPipeline.java:895) [netty-all-4.1.67.Final.jar:4.1.67.Final]
	at io.netty.channel.nio.AbstractNioChannel$AbstractNioUnsafe.fulfillConnectPromise(AbstractNioChannel.java:305) [netty-all-4.1.67.Final.jar:4.1.67.Final]
	at io.netty.channel.nio.AbstractNioChannel$AbstractNioUnsafe.finishConnect(AbstractNioChannel.java:335) [netty-all-4.1.67.Final.jar:4.1.67.Final]
	at io.netty.channel.nio.NioEventLoop.processSelectedKey(NioEventLoop.java:707) [netty-all-4.1.67.Final.jar:4.1.67.Final]
	at io.netty.channel.nio.NioEventLoop.processSelectedKeysOptimized(NioEventLoop.java:655) [netty-all-4.1.67.Final.jar:4.1.67.Final]
	at io.netty.channel.nio.NioEventLoop.processSelectedKeys(NioEventLoop.java:581) [netty-all-4.1.67.Final.jar:4.1.67.Final]
	at io.netty.channel.nio.NioEventLoop.run(NioEventLoop.java:493) [netty-all-4.1.67.Final.jar:4.1.67.Final]
	at io.netty.util.concurrent.SingleThreadEventExecutor$4.run(SingleThreadEventExecutor.java:986) [netty-all-4.1.67.Final.jar:4.1.67.Final]
	at io.netty.util.internal.ThreadExecutorMap$2.run(ThreadExecutorMap.java:74) [netty-all-4.1.67.Final.jar:4.1.67.Final]
	at io.netty.util.concurrent.FastThreadLocalRunnable.run(FastThreadLocalRunnable.java:30) [netty-all-4.1.67.Final.jar:4.1.67.Final]
	at java.lang.Thread.run(Thread.java:748) [?:1.8.0_171]

[2021-09-23 11:32:06] ERROR com.dzyls.chat.client.ChatClient 99 startClient - chat client was interrupted , java.lang.InterruptedException: null
	at java.lang.Object.wait(Native Method) ~[?:1.8.0_171]
	at java.lang.Object.wait(Object.java:502) ~[?:1.8.0_171]
	at io.netty.util.concurrent.DefaultPromise.await(DefaultPromise.java:253) ~[netty-all-4.1.67.Final.jar:4.1.67.Final]
	at io.netty.channel.DefaultChannelPromise.await(DefaultChannelPromise.java:131) ~[netty-all-4.1.67.Final.jar:4.1.67.Final]
	at io.netty.channel.DefaultChannelPromise.await(DefaultChannelPromise.java:30) ~[netty-all-4.1.67.Final.jar:4.1.67.Final]
	at io.netty.util.concurrent.DefaultPromise.sync(DefaultPromise.java:404) ~[netty-all-4.1.67.Final.jar:4.1.67.Final]
	at io.netty.channel.DefaultChannelPromise.sync(DefaultChannelPromise.java:119) ~[netty-all-4.1.67.Final.jar:4.1.67.Final]
	at io.netty.channel.DefaultChannelPromise.sync(DefaultChannelPromise.java:30) ~[netty-all-4.1.67.Final.jar:4.1.67.Final]
	at com.dzyls.chat.client.ChatClient.startClient(ChatClient.java:97) ~[classes/:?]
	at com.dzyls.chat.client.ChatClient.lambda$startMonitorThread$0(ChatClient.java:128) ~[classes/:?]
	at java.lang.Thread.run(Thread.java:748) [?:1.8.0_171]

[2021-09-23 11:32:06] ERROR com.dzyls.chat.handler.server.ServerEventTrigger 49 exceptionCaught - something error : java.io.IOException: 
	at sun.nio.ch.SocketDispatcher.read0(Native Method) ~[?:1.8.0_171]
	at sun.nio.ch.SocketDispatcher.read(SocketDispatcher.java:43) ~[?:1.8.0_171]
	at sun.nio.ch.IOUtil.readIntoNativeBuffer(IOUtil.java:223) ~[?:1.8.0_171]
	at sun.nio.ch.IOUtil.read(IOUtil.java:192) ~[?:1.8.0_171]
	at sun.nio.ch.SocketChannelImpl.read(SocketChannelImpl.java:380) ~[?:1.8.0_171]
	at io.netty.buffer.PooledByteBuf.setBytes(PooledByteBuf.java:253) ~[netty-all-4.1.67.Final.jar:4.1.67.Final]
	at io.netty.buffer.AbstractByteBuf.writeBytes(AbstractByteBuf.java:1132) ~[netty-all-4.1.67.Final.jar:4.1.67.Final]
	at io.netty.channel.socket.nio.NioSocketChannel.doReadBytes(NioSocketChannel.java:350) ~[netty-all-4.1.67.Final.jar:4.1.67.Final]
	at io.netty.channel.nio.AbstractNioByteChannel$NioByteUnsafe.read(AbstractNioByteChannel.java:151) [netty-all-4.1.67.Final.jar:4.1.67.Final]
	at io.netty.channel.nio.NioEventLoop.processSelectedKey(NioEventLoop.java:719) [netty-all-4.1.67.Final.jar:4.1.67.Final]
	at io.netty.channel.nio.NioEventLoop.processSelectedKeysOptimized(NioEventLoop.java:655) [netty-all-4.1.67.Final.jar:4.1.67.Final]
	at io.netty.channel.nio.NioEventLoop.processSelectedKeys(NioEventLoop.java:581) [netty-all-4.1.67.Final.jar:4.1.67.Final]
	at io.netty.channel.nio.NioEventLoop.run(NioEventLoop.java:493) [netty-all-4.1.67.Final.jar:4.1.67.Final]
	at io.netty.util.concurrent.SingleThreadEventExecutor$4.run(SingleThreadEventExecutor.java:986) [netty-all-4.1.67.Final.jar:4.1.67.Final]
	at io.netty.util.internal.ThreadExecutorMap$2.run(ThreadExecutorMap.java:74) [netty-all-4.1.67.Final.jar:4.1.67.Final]
	at io.netty.util.concurrent.FastThreadLocalRunnable.run(FastThreadLocalRunnable.java:30) [netty-all-4.1.67.Final.jar:4.1.67.Final]
	at java.lang.Thread.run(Thread.java:748) [?:1.8.0_171]

[2021-09-23 11:32:06] ERROR com.dzyls.chat.handler.server.ServerEventTrigger 49 exceptionCaught - something error : java.lang.NullPointerException: null
	at com.dzyls.chat.handler.server.ServerEventTrigger.channelInactive(ServerEventTrigger.java:43) ~[classes/:?]
	at io.netty.channel.AbstractChannelHandlerContext.invokeChannelInactive(AbstractChannelHandlerContext.java:262) [netty-all-4.1.67.Final.jar:4.1.67.Final]
	at io.netty.channel.AbstractChannelHandlerContext.invokeChannelInactive(AbstractChannelHandlerContext.java:248) [netty-all-4.1.67.Final.jar:4.1.67.Final]
	at io.netty.channel.AbstractChannelHandlerContext.fireChannelInactive(AbstractChannelHandlerContext.java:241) [netty-all-4.1.67.Final.jar:4.1.67.Final]
	at io.netty.handler.codec.ByteToMessageDecoder.channelInputClosed(ByteToMessageDecoder.java:389) [netty-all-4.1.67.Final.jar:4.1.67.Final]
	at io.netty.handler.codec.ByteToMessageDecoder.channelInactive(ByteToMessageDecoder.java:354) [netty-all-4.1.67.Final.jar:4.1.67.Final]
	at io.netty.handler.codec.ByteToMessageCodec.channelInactive(ByteToMessageCodec.java:118) [netty-all-4.1.67.Final.jar:4.1.67.Final]
	at io.netty.channel.AbstractChannelHandlerContext.invokeChannelInactive(AbstractChannelHandlerContext.java:262) [netty-all-4.1.67.Final.jar:4.1.67.Final]
	at io.netty.channel.AbstractChannelHandlerContext.invokeChannelInactive(AbstractChannelHandlerContext.java:248) [netty-all-4.1.67.Final.jar:4.1.67.Final]
	at io.netty.channel.AbstractChannelHandlerContext.fireChannelInactive(AbstractChannelHandlerContext.java:241) [netty-all-4.1.67.Final.jar:4.1.67.Final]
	at io.netty.handler.codec.ByteToMessageDecoder.channelInputClosed(ByteToMessageDecoder.java:389) [netty-all-4.1.67.Final.jar:4.1.67.Final]
	at io.netty.handler.codec.ByteToMessageDecoder.channelInactive(ByteToMessageDecoder.java:354) [netty-all-4.1.67.Final.jar:4.1.67.Final]
	at io.netty.handler.codec.ByteToMessageCodec.channelInactive(ByteToMessageCodec.java:118) [netty-all-4.1.67.Final.jar:4.1.67.Final]
	at io.netty.channel.AbstractChannelHandlerContext.invokeChannelInactive(AbstractChannelHandlerContext.java:262) [netty-all-4.1.67.Final.jar:4.1.67.Final]
	at io.netty.channel.AbstractChannelHandlerContext.invokeChannelInactive(AbstractChannelHandlerContext.java:248) [netty-all-4.1.67.Final.jar:4.1.67.Final]
	at io.netty.channel.AbstractChannelHandlerContext.fireChannelInactive(AbstractChannelHandlerContext.java:241) [netty-all-4.1.67.Final.jar:4.1.67.Final]
	at io.netty.handler.codec.ByteToMessageDecoder.channelInputClosed(ByteToMessageDecoder.java:389) [netty-all-4.1.67.Final.jar:4.1.67.Final]
	at io.netty.handler.codec.ByteToMessageDecoder.channelInactive(ByteToMessageDecoder.java:354) [netty-all-4.1.67.Final.jar:4.1.67.Final]
	at io.netty.channel.AbstractChannelHandlerContext.invokeChannelInactive(AbstractChannelHandlerContext.java:262) [netty-all-4.1.67.Final.jar:4.1.67.Final]
	at io.netty.channel.AbstractChannelHandlerContext.invokeChannelInactive(AbstractChannelHandlerContext.java:248) [netty-all-4.1.67.Final.jar:4.1.67.Final]
	at io.netty.channel.AbstractChannelHandlerContext.fireChannelInactive(AbstractChannelHandlerContext.java:241) [netty-all-4.1.67.Final.jar:4.1.67.Final]
	at io.netty.channel.DefaultChannelPipeline$HeadContext.channelInactive(DefaultChannelPipeline.java:1405) [netty-all-4.1.67.Final.jar:4.1.67.Final]
	at io.netty.channel.AbstractChannelHandlerContext.invokeChannelInactive(AbstractChannelHandlerContext.java:262) [netty-all-4.1.67.Final.jar:4.1.67.Final]
	at io.netty.channel.AbstractChannelHandlerContext.invokeChannelInactive(AbstractChannelHandlerContext.java:248) [netty-all-4.1.67.Final.jar:4.1.67.Final]
	at io.netty.channel.DefaultChannelPipeline.fireChannelInactive(DefaultChannelPipeline.java:901) [netty-all-4.1.67.Final.jar:4.1.67.Final]
	at io.netty.channel.AbstractChannel$AbstractUnsafe$8.run(AbstractChannel.java:831) [netty-all-4.1.67.Final.jar:4.1.67.Final]
	at io.netty.util.concurrent.AbstractEventExecutor.safeExecute$$$capture(AbstractEventExecutor.java:164) [netty-all-4.1.67.Final.jar:4.1.67.Final]
	at io.netty.util.concurrent.AbstractEventExecutor.safeExecute(AbstractEventExecutor.java) [netty-all-4.1.67.Final.jar:4.1.67.Final]
	at io.netty.util.concurrent.SingleThreadEventExecutor.runAllTasks(SingleThreadEventExecutor.java:469) [netty-all-4.1.67.Final.jar:4.1.67.Final]
	at io.netty.channel.nio.NioEventLoop.run(NioEventLoop.java:497) [netty-all-4.1.67.Final.jar:4.1.67.Final]
	at io.netty.util.concurrent.SingleThreadEventExecutor$4.run(SingleThreadEventExecutor.java:986) [netty-all-4.1.67.Final.jar:4.1.67.Final]
	at io.netty.util.internal.ThreadExecutorMap$2.run(ThreadExecutorMap.java:74) [netty-all-4.1.67.Final.jar:4.1.67.Final]
	at io.netty.util.concurrent.FastThreadLocalRunnable.run(FastThreadLocalRunnable.java:30) [netty-all-4.1.67.Final.jar:4.1.67.Final]
	at java.lang.Thread.run(Thread.java:748) [?:1.8.0_171]

[2021-09-23 11:33:21] ERROR com.dzyls.chat.handler.server.ServerEventTrigger 49 exceptionCaught - something error : java.lang.NullPointerException: null
	at com.dzyls.chat.handler.server.ServerEventTrigger.channelActive(ServerEventTrigger.java:36) ~[classes/:?]
	at io.netty.channel.AbstractChannelHandlerContext.invokeChannelActive(AbstractChannelHandlerContext.java:230) [netty-all-4.1.67.Final.jar:4.1.67.Final]
	at io.netty.channel.AbstractChannelHandlerContext.invokeChannelActive(AbstractChannelHandlerContext.java:216) [netty-all-4.1.67.Final.jar:4.1.67.Final]
	at io.netty.channel.AbstractChannelHandlerContext.fireChannelActive(AbstractChannelHandlerContext.java:209) [netty-all-4.1.67.Final.jar:4.1.67.Final]
	at io.netty.channel.DefaultChannelPipeline$HeadContext.channelActive(DefaultChannelPipeline.java:1398) [netty-all-4.1.67.Final.jar:4.1.67.Final]
	at io.netty.channel.AbstractChannelHandlerContext.invokeChannelActive(AbstractChannelHandlerContext.java:230) [netty-all-4.1.67.Final.jar:4.1.67.Final]
	at io.netty.channel.AbstractChannelHandlerContext.invokeChannelActive(AbstractChannelHandlerContext.java:216) [netty-all-4.1.67.Final.jar:4.1.67.Final]
	at io.netty.channel.DefaultChannelPipeline.fireChannelActive(DefaultChannelPipeline.java:895) [netty-all-4.1.67.Final.jar:4.1.67.Final]
	at io.netty.channel.AbstractChannel$AbstractUnsafe.register0(AbstractChannel.java:522) [netty-all-4.1.67.Final.jar:4.1.67.Final]
	at io.netty.channel.AbstractChannel$AbstractUnsafe.access$200(AbstractChannel.java:429) [netty-all-4.1.67.Final.jar:4.1.67.Final]
	at io.netty.channel.AbstractChannel$AbstractUnsafe$1.run(AbstractChannel.java:486) [netty-all-4.1.67.Final.jar:4.1.67.Final]
	at io.netty.util.concurrent.AbstractEventExecutor.safeExecute$$$capture(AbstractEventExecutor.java:164) [netty-all-4.1.67.Final.jar:4.1.67.Final]
	at io.netty.util.concurrent.AbstractEventExecutor.safeExecute(AbstractEventExecutor.java) [netty-all-4.1.67.Final.jar:4.1.67.Final]
	at io.netty.util.concurrent.SingleThreadEventExecutor.runAllTasks(SingleThreadEventExecutor.java:469) [netty-all-4.1.67.Final.jar:4.1.67.Final]
	at io.netty.channel.nio.NioEventLoop.run(NioEventLoop.java:500) [netty-all-4.1.67.Final.jar:4.1.67.Final]
	at io.netty.util.concurrent.SingleThreadEventExecutor$4.run(SingleThreadEventExecutor.java:986) [netty-all-4.1.67.Final.jar:4.1.67.Final]
	at io.netty.util.internal.ThreadExecutorMap$2.run(ThreadExecutorMap.java:74) [netty-all-4.1.67.Final.jar:4.1.67.Final]
	at io.netty.util.concurrent.FastThreadLocalRunnable.run(FastThreadLocalRunnable.java:30) [netty-all-4.1.67.Final.jar:4.1.67.Final]
	at java.lang.Thread.run(Thread.java:748) [?:1.8.0_171]

[2021-09-23 11:33:21] ERROR com.dzyls.chat.handler.client.ClientEventTrigger 48 exceptionCaught - something error : java.lang.NullPointerException: null
	at com.dzyls.chat.handler.client.ClientEventTrigger.channelActive(ClientEventTrigger.java:33) ~[classes/:?]
	at io.netty.channel.AbstractChannelHandlerContext.invokeChannelActive(AbstractChannelHandlerContext.java:230) [netty-all-4.1.67.Final.jar:4.1.67.Final]
	at io.netty.channel.AbstractChannelHandlerContext.invokeChannelActive(AbstractChannelHandlerContext.java:216) [netty-all-4.1.67.Final.jar:4.1.67.Final]
	at io.netty.channel.AbstractChannelHandlerContext.fireChannelActive(AbstractChannelHandlerContext.java:209) [netty-all-4.1.67.Final.jar:4.1.67.Final]
	at io.netty.channel.ChannelInboundHandlerAdapter.channelActive(ChannelInboundHandlerAdapter.java:69) [netty-all-4.1.67.Final.jar:4.1.67.Final]
	at io.netty.handler.timeout.IdleStateHandler.channelActive(IdleStateHandler.java:271) [netty-all-4.1.67.Final.jar:4.1.67.Final]
	at io.netty.channel.AbstractChannelHandlerContext.invokeChannelActive(AbstractChannelHandlerContext.java:230) [netty-all-4.1.67.Final.jar:4.1.67.Final]
	at io.netty.channel.AbstractChannelHandlerContext.invokeChannelActive(AbstractChannelHandlerContext.java:216) [netty-all-4.1.67.Final.jar:4.1.67.Final]
	at io.netty.channel.AbstractChannelHandlerContext.fireChannelActive(AbstractChannelHandlerContext.java:209) [netty-all-4.1.67.Final.jar:4.1.67.Final]
	at io.netty.channel.DefaultChannelPipeline$HeadContext.channelActive(DefaultChannelPipeline.java:1398) [netty-all-4.1.67.Final.jar:4.1.67.Final]
	at io.netty.channel.AbstractChannelHandlerContext.invokeChannelActive(AbstractChannelHandlerContext.java:230) [netty-all-4.1.67.Final.jar:4.1.67.Final]
	at io.netty.channel.AbstractChannelHandlerContext.invokeChannelActive(AbstractChannelHandlerContext.java:216) [netty-all-4.1.67.Final.jar:4.1.67.Final]
	at io.netty.channel.DefaultChannelPipeline.fireChannelActive(DefaultChannelPipeline.java:895) [netty-all-4.1.67.Final.jar:4.1.67.Final]
	at io.netty.channel.nio.AbstractNioChannel$AbstractNioUnsafe.fulfillConnectPromise(AbstractNioChannel.java:305) [netty-all-4.1.67.Final.jar:4.1.67.Final]
	at io.netty.channel.nio.AbstractNioChannel$AbstractNioUnsafe.finishConnect(AbstractNioChannel.java:335) [netty-all-4.1.67.Final.jar:4.1.67.Final]
	at io.netty.channel.nio.NioEventLoop.processSelectedKey(NioEventLoop.java:707) [netty-all-4.1.67.Final.jar:4.1.67.Final]
	at io.netty.channel.nio.NioEventLoop.processSelectedKeysOptimized(NioEventLoop.java:655) [netty-all-4.1.67.Final.jar:4.1.67.Final]
	at io.netty.channel.nio.NioEventLoop.processSelectedKeys(NioEventLoop.java:581) [netty-all-4.1.67.Final.jar:4.1.67.Final]
	at io.netty.channel.nio.NioEventLoop.run(NioEventLoop.java:493) [netty-all-4.1.67.Final.jar:4.1.67.Final]
	at io.netty.util.concurrent.SingleThreadEventExecutor$4.run(SingleThreadEventExecutor.java:986) [netty-all-4.1.67.Final.jar:4.1.67.Final]
	at io.netty.util.internal.ThreadExecutorMap$2.run(ThreadExecutorMap.java:74) [netty-all-4.1.67.Final.jar:4.1.67.Final]
	at io.netty.util.concurrent.FastThreadLocalRunnable.run(FastThreadLocalRunnable.java:30) [netty-all-4.1.67.Final.jar:4.1.67.Final]
	at java.lang.Thread.run(Thread.java:748) [?:1.8.0_171]

[2021-09-23 11:33:27] ERROR com.dzyls.chat.handler.server.ServerEventTrigger 49 exceptionCaught - something error : java.lang.NullPointerException: null
	at com.dzyls.chat.handler.server.ServerEventTrigger.channelInactive(ServerEventTrigger.java:43) ~[classes/:?]
	at io.netty.channel.AbstractChannelHandlerContext.invokeChannelInactive(AbstractChannelHandlerContext.java:262) [netty-all-4.1.67.Final.jar:4.1.67.Final]
	at io.netty.channel.AbstractChannelHandlerContext.invokeChannelInactive(AbstractChannelHandlerContext.java:248) [netty-all-4.1.67.Final.jar:4.1.67.Final]
	at io.netty.channel.AbstractChannelHandlerContext.fireChannelInactive(AbstractChannelHandlerContext.java:241) [netty-all-4.1.67.Final.jar:4.1.67.Final]
	at io.netty.handler.codec.ByteToMessageDecoder.channelInputClosed(ByteToMessageDecoder.java:389) [netty-all-4.1.67.Final.jar:4.1.67.Final]
	at io.netty.handler.codec.ByteToMessageDecoder.channelInactive(ByteToMessageDecoder.java:354) [netty-all-4.1.67.Final.jar:4.1.67.Final]
	at io.netty.handler.codec.ByteToMessageCodec.channelInactive(ByteToMessageCodec.java:118) [netty-all-4.1.67.Final.jar:4.1.67.Final]
	at io.netty.channel.AbstractChannelHandlerContext.invokeChannelInactive(AbstractChannelHandlerContext.java:262) [netty-all-4.1.67.Final.jar:4.1.67.Final]
	at io.netty.channel.AbstractChannelHandlerContext.invokeChannelInactive(AbstractChannelHandlerContext.java:248) [netty-all-4.1.67.Final.jar:4.1.67.Final]
	at io.netty.channel.AbstractChannelHandlerContext.fireChannelInactive(AbstractChannelHandlerContext.java:241) [netty-all-4.1.67.Final.jar:4.1.67.Final]
	at io.netty.handler.codec.ByteToMessageDecoder.channelInputClosed(ByteToMessageDecoder.java:389) [netty-all-4.1.67.Final.jar:4.1.67.Final]
	at io.netty.handler.codec.ByteToMessageDecoder.channelInactive(ByteToMessageDecoder.java:354) [netty-all-4.1.67.Final.jar:4.1.67.Final]
	at io.netty.handler.codec.ByteToMessageCodec.channelInactive(ByteToMessageCodec.java:118) [netty-all-4.1.67.Final.jar:4.1.67.Final]
	at io.netty.channel.AbstractChannelHandlerContext.invokeChannelInactive(AbstractChannelHandlerContext.java:262) [netty-all-4.1.67.Final.jar:4.1.67.Final]
	at io.netty.channel.AbstractChannelHandlerContext.invokeChannelInactive(AbstractChannelHandlerContext.java:248) [netty-all-4.1.67.Final.jar:4.1.67.Final]
	at io.netty.channel.AbstractChannelHandlerContext.fireChannelInactive(AbstractChannelHandlerContext.java:241) [netty-all-4.1.67.Final.jar:4.1.67.Final]
	at io.netty.handler.codec.ByteToMessageDecoder.channelInputClosed(ByteToMessageDecoder.java:389) [netty-all-4.1.67.Final.jar:4.1.67.Final]
	at io.netty.handler.codec.ByteToMessageDecoder.channelInactive(ByteToMessageDecoder.java:354) [netty-all-4.1.67.Final.jar:4.1.67.Final]
	at io.netty.channel.AbstractChannelHandlerContext.invokeChannelInactive(AbstractChannelHandlerContext.java:262) [netty-all-4.1.67.Final.jar:4.1.67.Final]
	at io.netty.channel.AbstractChannelHandlerContext.invokeChannelInactive(AbstractChannelHandlerContext.java:248) [netty-all-4.1.67.Final.jar:4.1.67.Final]
	at io.netty.channel.AbstractChannelHandlerContext.fireChannelInactive(AbstractChannelHandlerContext.java:241) [netty-all-4.1.67.Final.jar:4.1.67.Final]
	at io.netty.channel.DefaultChannelPipeline$HeadContext.channelInactive(DefaultChannelPipeline.java:1405) [netty-all-4.1.67.Final.jar:4.1.67.Final]
	at io.netty.channel.AbstractChannelHandlerContext.invokeChannelInactive(AbstractChannelHandlerContext.java:262) [netty-all-4.1.67.Final.jar:4.1.67.Final]
	at io.netty.channel.AbstractChannelHandlerContext.invokeChannelInactive(AbstractChannelHandlerContext.java:248) [netty-all-4.1.67.Final.jar:4.1.67.Final]
	at io.netty.channel.DefaultChannelPipeline.fireChannelInactive(DefaultChannelPipeline.java:901) [netty-all-4.1.67.Final.jar:4.1.67.Final]
	at io.netty.channel.AbstractChannel$AbstractUnsafe$8.run(AbstractChannel.java:831) [netty-all-4.1.67.Final.jar:4.1.67.Final]
	at io.netty.util.concurrent.AbstractEventExecutor.safeExecute$$$capture(AbstractEventExecutor.java:164) [netty-all-4.1.67.Final.jar:4.1.67.Final]
	at io.netty.util.concurrent.AbstractEventExecutor.safeExecute(AbstractEventExecutor.java) [netty-all-4.1.67.Final.jar:4.1.67.Final]
	at io.netty.util.concurrent.SingleThreadEventExecutor.runAllTasksFrom(SingleThreadEventExecutor.java:425) [netty-all-4.1.67.Final.jar:4.1.67.Final]
	at io.netty.util.concurrent.SingleThreadEventExecutor.runAllTasks(SingleThreadEventExecutor.java:374) [netty-all-4.1.67.Final.jar:4.1.67.Final]
	at io.netty.util.concurrent.SingleThreadEventExecutor.confirmShutdown(SingleThreadEventExecutor.java:760) [netty-all-4.1.67.Final.jar:4.1.67.Final]
	at io.netty.channel.nio.NioEventLoop.run(NioEventLoop.java:527) [netty-all-4.1.67.Final.jar:4.1.67.Final]
	at io.netty.util.concurrent.SingleThreadEventExecutor$4.run(SingleThreadEventExecutor.java:986) [netty-all-4.1.67.Final.jar:4.1.67.Final]
	at io.netty.util.internal.ThreadExecutorMap$2.run(ThreadExecutorMap.java:74) [netty-all-4.1.67.Final.jar:4.1.67.Final]
	at io.netty.util.concurrent.FastThreadLocalRunnable.run(FastThreadLocalRunnable.java:30) [netty-all-4.1.67.Final.jar:4.1.67.Final]
	at java.lang.Thread.run(Thread.java:748) [?:1.8.0_171]

[2021-09-23 11:33:27] ERROR com.dzyls.chat.handler.client.ClientEventTrigger 48 exceptionCaught - something error : java.lang.NullPointerException: null
	at com.dzyls.chat.handler.client.ClientEventTrigger.channelInactive(ClientEventTrigger.java:42) ~[classes/:?]
	at io.netty.channel.AbstractChannelHandlerContext.invokeChannelInactive(AbstractChannelHandlerContext.java:262) [netty-all-4.1.67.Final.jar:4.1.67.Final]
	at io.netty.channel.AbstractChannelHandlerContext.invokeChannelInactive(AbstractChannelHandlerContext.java:248) [netty-all-4.1.67.Final.jar:4.1.67.Final]
	at io.netty.channel.AbstractChannelHandlerContext.fireChannelInactive(AbstractChannelHandlerContext.java:241) [netty-all-4.1.67.Final.jar:4.1.67.Final]
	at io.netty.handler.codec.ByteToMessageDecoder.channelInputClosed(ByteToMessageDecoder.java:389) [netty-all-4.1.67.Final.jar:4.1.67.Final]
	at io.netty.handler.codec.ByteToMessageDecoder.channelInactive(ByteToMessageDecoder.java:354) [netty-all-4.1.67.Final.jar:4.1.67.Final]
	at io.netty.handler.codec.ByteToMessageCodec.channelInactive(ByteToMessageCodec.java:118) [netty-all-4.1.67.Final.jar:4.1.67.Final]
	at io.netty.channel.AbstractChannelHandlerContext.invokeChannelInactive(AbstractChannelHandlerContext.java:262) [netty-all-4.1.67.Final.jar:4.1.67.Final]
	at io.netty.channel.AbstractChannelHandlerContext.invokeChannelInactive(AbstractChannelHandlerContext.java:248) [netty-all-4.1.67.Final.jar:4.1.67.Final]
	at io.netty.channel.AbstractChannelHandlerContext.fireChannelInactive(AbstractChannelHandlerContext.java:241) [netty-all-4.1.67.Final.jar:4.1.67.Final]
	at io.netty.handler.codec.ByteToMessageDecoder.channelInputClosed(ByteToMessageDecoder.java:389) [netty-all-4.1.67.Final.jar:4.1.67.Final]
	at io.netty.handler.codec.ByteToMessageDecoder.channelInactive(ByteToMessageDecoder.java:354) [netty-all-4.1.67.Final.jar:4.1.67.Final]
	at io.netty.channel.AbstractChannelHandlerContext.invokeChannelInactive(AbstractChannelHandlerContext.java:262) [netty-all-4.1.67.Final.jar:4.1.67.Final]
	at io.netty.channel.AbstractChannelHandlerContext.invokeChannelInactive(AbstractChannelHandlerContext.java:248) [netty-all-4.1.67.Final.jar:4.1.67.Final]
	at io.netty.channel.AbstractChannelHandlerContext.fireChannelInactive(AbstractChannelHandlerContext.java:241) [netty-all-4.1.67.Final.jar:4.1.67.Final]
	at io.netty.channel.ChannelInboundHandlerAdapter.channelInactive(ChannelInboundHandlerAdapter.java:81) [netty-all-4.1.67.Final.jar:4.1.67.Final]
	at io.netty.handler.timeout.IdleStateHandler.channelInactive(IdleStateHandler.java:277) [netty-all-4.1.67.Final.jar:4.1.67.Final]
	at io.netty.channel.AbstractChannelHandlerContext.invokeChannelInactive(AbstractChannelHandlerContext.java:262) [netty-all-4.1.67.Final.jar:4.1.67.Final]
	at io.netty.channel.AbstractChannelHandlerContext.invokeChannelInactive(AbstractChannelHandlerContext.java:248) [netty-all-4.1.67.Final.jar:4.1.67.Final]
	at io.netty.channel.AbstractChannelHandlerContext.fireChannelInactive(AbstractChannelHandlerContext.java:241) [netty-all-4.1.67.Final.jar:4.1.67.Final]
	at io.netty.handler.codec.ByteToMessageDecoder.channelInputClosed(ByteToMessageDecoder.java:389) [netty-all-4.1.67.Final.jar:4.1.67.Final]
	at io.netty.handler.codec.ByteToMessageDecoder.channelInactive(ByteToMessageDecoder.java:354) [netty-all-4.1.67.Final.jar:4.1.67.Final]
	at io.netty.channel.AbstractChannelHandlerContext.invokeChannelInactive(AbstractChannelHandlerContext.java:262) [netty-all-4.1.67.Final.jar:4.1.67.Final]
	at io.netty.channel.AbstractChannelHandlerContext.invokeChannelInactive(AbstractChannelHandlerContext.java:248) [netty-all-4.1.67.Final.jar:4.1.67.Final]
	at io.netty.channel.AbstractChannelHandlerContext.fireChannelInactive(AbstractChannelHandlerContext.java:241) [netty-all-4.1.67.Final.jar:4.1.67.Final]
	at io.netty.channel.DefaultChannelPipeline$HeadContext.channelInactive(DefaultChannelPipeline.java:1405) [netty-all-4.1.67.Final.jar:4.1.67.Final]
	at io.netty.channel.AbstractChannelHandlerContext.invokeChannelInactive(AbstractChannelHandlerContext.java:262) [netty-all-4.1.67.Final.jar:4.1.67.Final]
	at io.netty.channel.AbstractChannelHandlerContext.invokeChannelInactive(AbstractChannelHandlerContext.java:248) [netty-all-4.1.67.Final.jar:4.1.67.Final]
	at io.netty.channel.DefaultChannelPipeline.fireChannelInactive(DefaultChannelPipeline.java:901) [netty-all-4.1.67.Final.jar:4.1.67.Final]
	at io.netty.channel.AbstractChannel$AbstractUnsafe$8.run(AbstractChannel.java:831) [netty-all-4.1.67.Final.jar:4.1.67.Final]
	at io.netty.util.concurrent.AbstractEventExecutor.safeExecute$$$capture(AbstractEventExecutor.java:164) [netty-all-4.1.67.Final.jar:4.1.67.Final]
	at io.netty.util.concurrent.AbstractEventExecutor.safeExecute(AbstractEventExecutor.java) [netty-all-4.1.67.Final.jar:4.1.67.Final]
	at io.netty.util.concurrent.SingleThreadEventExecutor.runAllTasks(SingleThreadEventExecutor.java:469) [netty-all-4.1.67.Final.jar:4.1.67.Final]
	at io.netty.channel.nio.NioEventLoop.run(NioEventLoop.java:497) [netty-all-4.1.67.Final.jar:4.1.67.Final]
	at io.netty.util.concurrent.SingleThreadEventExecutor$4.run(SingleThreadEventExecutor.java:986) [netty-all-4.1.67.Final.jar:4.1.67.Final]
	at io.netty.util.internal.ThreadExecutorMap$2.run(ThreadExecutorMap.java:74) [netty-all-4.1.67.Final.jar:4.1.67.Final]
	at io.netty.util.concurrent.FastThreadLocalRunnable.run(FastThreadLocalRunnable.java:30) [netty-all-4.1.67.Final.jar:4.1.67.Final]
	at java.lang.Thread.run(Thread.java:748) [?:1.8.0_171]

[2021-09-23 11:34:46] ERROR com.dzyls.chat.handler.server.ServerEventTrigger 49 exceptionCaught - something error : java.lang.NullPointerException: null
	at com.dzyls.chat.handler.server.ServerEventTrigger.channelActive(ServerEventTrigger.java:36) ~[classes/:?]
	at io.netty.channel.AbstractChannelHandlerContext.invokeChannelActive(AbstractChannelHandlerContext.java:230) [netty-all-4.1.67.Final.jar:4.1.67.Final]
	at io.netty.channel.AbstractChannelHandlerContext.invokeChannelActive(AbstractChannelHandlerContext.java:216) [netty-all-4.1.67.Final.jar:4.1.67.Final]
	at io.netty.channel.AbstractChannelHandlerContext.fireChannelActive(AbstractChannelHandlerContext.java:209) [netty-all-4.1.67.Final.jar:4.1.67.Final]
	at io.netty.channel.DefaultChannelPipeline$HeadContext.channelActive(DefaultChannelPipeline.java:1398) [netty-all-4.1.67.Final.jar:4.1.67.Final]
	at io.netty.channel.AbstractChannelHandlerContext.invokeChannelActive(AbstractChannelHandlerContext.java:230) [netty-all-4.1.67.Final.jar:4.1.67.Final]
	at io.netty.channel.AbstractChannelHandlerContext.invokeChannelActive(AbstractChannelHandlerContext.java:216) [netty-all-4.1.67.Final.jar:4.1.67.Final]
	at io.netty.channel.DefaultChannelPipeline.fireChannelActive(DefaultChannelPipeline.java:895) [netty-all-4.1.67.Final.jar:4.1.67.Final]
	at io.netty.channel.AbstractChannel$AbstractUnsafe.register0(AbstractChannel.java:522) [netty-all-4.1.67.Final.jar:4.1.67.Final]
	at io.netty.channel.AbstractChannel$AbstractUnsafe.access$200(AbstractChannel.java:429) [netty-all-4.1.67.Final.jar:4.1.67.Final]
	at io.netty.channel.AbstractChannel$AbstractUnsafe$1.run(AbstractChannel.java:486) [netty-all-4.1.67.Final.jar:4.1.67.Final]
	at io.netty.util.concurrent.AbstractEventExecutor.safeExecute$$$capture(AbstractEventExecutor.java:164) [netty-all-4.1.67.Final.jar:4.1.67.Final]
	at io.netty.util.concurrent.AbstractEventExecutor.safeExecute(AbstractEventExecutor.java) [netty-all-4.1.67.Final.jar:4.1.67.Final]
	at io.netty.util.concurrent.SingleThreadEventExecutor.runAllTasks(SingleThreadEventExecutor.java:469) [netty-all-4.1.67.Final.jar:4.1.67.Final]
	at io.netty.channel.nio.NioEventLoop.run(NioEventLoop.java:500) [netty-all-4.1.67.Final.jar:4.1.67.Final]
	at io.netty.util.concurrent.SingleThreadEventExecutor$4.run(SingleThreadEventExecutor.java:986) [netty-all-4.1.67.Final.jar:4.1.67.Final]
	at io.netty.util.internal.ThreadExecutorMap$2.run(ThreadExecutorMap.java:74) [netty-all-4.1.67.Final.jar:4.1.67.Final]
	at io.netty.util.concurrent.FastThreadLocalRunnable.run(FastThreadLocalRunnable.java:30) [netty-all-4.1.67.Final.jar:4.1.67.Final]
	at java.lang.Thread.run(Thread.java:748) [?:1.8.0_171]

[2021-09-23 11:35:15] ERROR com.dzyls.chat.handler.client.ClientEventTrigger 53 exceptionCaught - something error : java.lang.NullPointerException: null
	at com.dzyls.chat.handler.client.ClientEventTrigger.channelActive(ClientEventTrigger.java:38) ~[classes/:?]
	at io.netty.channel.AbstractChannelHandlerContext.invokeChannelActive(AbstractChannelHandlerContext.java:230) [netty-all-4.1.67.Final.jar:4.1.67.Final]
	at io.netty.channel.AbstractChannelHandlerContext.invokeChannelActive(AbstractChannelHandlerContext.java:216) [netty-all-4.1.67.Final.jar:4.1.67.Final]
	at io.netty.channel.AbstractChannelHandlerContext.fireChannelActive(AbstractChannelHandlerContext.java:209) [netty-all-4.1.67.Final.jar:4.1.67.Final]
	at io.netty.channel.ChannelInboundHandlerAdapter.channelActive(ChannelInboundHandlerAdapter.java:69) [netty-all-4.1.67.Final.jar:4.1.67.Final]
	at io.netty.handler.timeout.IdleStateHandler.channelActive(IdleStateHandler.java:271) [netty-all-4.1.67.Final.jar:4.1.67.Final]
	at io.netty.channel.AbstractChannelHandlerContext.invokeChannelActive(AbstractChannelHandlerContext.java:230) [netty-all-4.1.67.Final.jar:4.1.67.Final]
	at io.netty.channel.AbstractChannelHandlerContext.invokeChannelActive(AbstractChannelHandlerContext.java:216) [netty-all-4.1.67.Final.jar:4.1.67.Final]
	at io.netty.channel.AbstractChannelHandlerContext.fireChannelActive(AbstractChannelHandlerContext.java:209) [netty-all-4.1.67.Final.jar:4.1.67.Final]
	at io.netty.channel.DefaultChannelPipeline$HeadContext.channelActive(DefaultChannelPipeline.java:1398) [netty-all-4.1.67.Final.jar:4.1.67.Final]
	at io.netty.channel.AbstractChannelHandlerContext.invokeChannelActive(AbstractChannelHandlerContext.java:230) [netty-all-4.1.67.Final.jar:4.1.67.Final]
	at io.netty.channel.AbstractChannelHandlerContext.invokeChannelActive(AbstractChannelHandlerContext.java:216) [netty-all-4.1.67.Final.jar:4.1.67.Final]
	at io.netty.channel.DefaultChannelPipeline.fireChannelActive(DefaultChannelPipeline.java:895) [netty-all-4.1.67.Final.jar:4.1.67.Final]
	at io.netty.channel.nio.AbstractNioChannel$AbstractNioUnsafe.fulfillConnectPromise(AbstractNioChannel.java:305) [netty-all-4.1.67.Final.jar:4.1.67.Final]
	at io.netty.channel.nio.AbstractNioChannel$AbstractNioUnsafe.finishConnect(AbstractNioChannel.java:335) [netty-all-4.1.67.Final.jar:4.1.67.Final]
	at io.netty.channel.nio.NioEventLoop.processSelectedKey(NioEventLoop.java:707) [netty-all-4.1.67.Final.jar:4.1.67.Final]
	at io.netty.channel.nio.NioEventLoop.processSelectedKeysOptimized(NioEventLoop.java:655) [netty-all-4.1.67.Final.jar:4.1.67.Final]
	at io.netty.channel.nio.NioEventLoop.processSelectedKeys(NioEventLoop.java:581) [netty-all-4.1.67.Final.jar:4.1.67.Final]
	at io.netty.channel.nio.NioEventLoop.run(NioEventLoop.java:493) [netty-all-4.1.67.Final.jar:4.1.67.Final]
	at io.netty.util.concurrent.SingleThreadEventExecutor$4.run(SingleThreadEventExecutor.java:986) [netty-all-4.1.67.Final.jar:4.1.67.Final]
	at io.netty.util.internal.ThreadExecutorMap$2.run(ThreadExecutorMap.java:74) [netty-all-4.1.67.Final.jar:4.1.67.Final]
	at io.netty.util.concurrent.FastThreadLocalRunnable.run(FastThreadLocalRunnable.java:30) [netty-all-4.1.67.Final.jar:4.1.67.Final]
	at java.lang.Thread.run(Thread.java:748) [?:1.8.0_171]

[2021-09-23 11:35:15] ERROR com.dzyls.chat.client.ChatClient 99 startClient - chat client was interrupted , java.lang.InterruptedException: null
	at java.lang.Object.wait(Native Method) ~[?:1.8.0_171]
	at java.lang.Object.wait(Object.java:502) ~[?:1.8.0_171]
	at io.netty.util.concurrent.DefaultPromise.await(DefaultPromise.java:253) ~[netty-all-4.1.67.Final.jar:4.1.67.Final]
	at io.netty.channel.DefaultChannelPromise.await(DefaultChannelPromise.java:131) ~[netty-all-4.1.67.Final.jar:4.1.67.Final]
	at io.netty.channel.DefaultChannelPromise.await(DefaultChannelPromise.java:30) ~[netty-all-4.1.67.Final.jar:4.1.67.Final]
	at io.netty.util.concurrent.DefaultPromise.sync(DefaultPromise.java:404) ~[netty-all-4.1.67.Final.jar:4.1.67.Final]
	at io.netty.channel.DefaultChannelPromise.sync(DefaultChannelPromise.java:119) ~[netty-all-4.1.67.Final.jar:4.1.67.Final]
	at io.netty.channel.DefaultChannelPromise.sync(DefaultChannelPromise.java:30) ~[netty-all-4.1.67.Final.jar:4.1.67.Final]
	at com.dzyls.chat.client.ChatClient.startClient(ChatClient.java:97) ~[classes/:?]
	at com.dzyls.chat.client.ChatClient.lambda$startMonitorThread$0(ChatClient.java:128) ~[classes/:?]
	at java.lang.Thread.run(Thread.java:748) [?:1.8.0_171]

[2021-09-23 11:35:16] ERROR com.dzyls.chat.handler.server.ServerEventTrigger 49 exceptionCaught - something error : java.io.IOException: 
	at sun.nio.ch.SocketDispatcher.read0(Native Method) ~[?:1.8.0_171]
	at sun.nio.ch.SocketDispatcher.read(SocketDispatcher.java:43) ~[?:1.8.0_171]
	at sun.nio.ch.IOUtil.readIntoNativeBuffer(IOUtil.java:223) ~[?:1.8.0_171]
	at sun.nio.ch.IOUtil.read(IOUtil.java:192) ~[?:1.8.0_171]
	at sun.nio.ch.SocketChannelImpl.read(SocketChannelImpl.java:380) ~[?:1.8.0_171]
	at io.netty.buffer.PooledByteBuf.setBytes(PooledByteBuf.java:253) ~[netty-all-4.1.67.Final.jar:4.1.67.Final]
	at io.netty.buffer.AbstractByteBuf.writeBytes(AbstractByteBuf.java:1132) ~[netty-all-4.1.67.Final.jar:4.1.67.Final]
	at io.netty.channel.socket.nio.NioSocketChannel.doReadBytes(NioSocketChannel.java:350) ~[netty-all-4.1.67.Final.jar:4.1.67.Final]
	at io.netty.channel.nio.AbstractNioByteChannel$NioByteUnsafe.read(AbstractNioByteChannel.java:151) [netty-all-4.1.67.Final.jar:4.1.67.Final]
	at io.netty.channel.nio.NioEventLoop.processSelectedKey(NioEventLoop.java:719) [netty-all-4.1.67.Final.jar:4.1.67.Final]
	at io.netty.channel.nio.NioEventLoop.processSelectedKeysOptimized(NioEventLoop.java:655) [netty-all-4.1.67.Final.jar:4.1.67.Final]
	at io.netty.channel.nio.NioEventLoop.processSelectedKeys(NioEventLoop.java:581) [netty-all-4.1.67.Final.jar:4.1.67.Final]
	at io.netty.channel.nio.NioEventLoop.run(NioEventLoop.java:493) [netty-all-4.1.67.Final.jar:4.1.67.Final]
	at io.netty.util.concurrent.SingleThreadEventExecutor$4.run(SingleThreadEventExecutor.java:986) [netty-all-4.1.67.Final.jar:4.1.67.Final]
	at io.netty.util.internal.ThreadExecutorMap$2.run(ThreadExecutorMap.java:74) [netty-all-4.1.67.Final.jar:4.1.67.Final]
	at io.netty.util.concurrent.FastThreadLocalRunnable.run(FastThreadLocalRunnable.java:30) [netty-all-4.1.67.Final.jar:4.1.67.Final]
	at java.lang.Thread.run(Thread.java:748) [?:1.8.0_171]

[2021-09-23 11:35:16] ERROR com.dzyls.chat.handler.server.ServerEventTrigger 49 exceptionCaught - something error : java.lang.NullPointerException: null
	at com.dzyls.chat.handler.server.ServerEventTrigger.channelInactive(ServerEventTrigger.java:43) ~[classes/:?]
	at io.netty.channel.AbstractChannelHandlerContext.invokeChannelInactive(AbstractChannelHandlerContext.java:262) [netty-all-4.1.67.Final.jar:4.1.67.Final]
	at io.netty.channel.AbstractChannelHandlerContext.invokeChannelInactive(AbstractChannelHandlerContext.java:248) [netty-all-4.1.67.Final.jar:4.1.67.Final]
	at io.netty.channel.AbstractChannelHandlerContext.fireChannelInactive(AbstractChannelHandlerContext.java:241) [netty-all-4.1.67.Final.jar:4.1.67.Final]
	at io.netty.handler.codec.ByteToMessageDecoder.channelInputClosed(ByteToMessageDecoder.java:389) [netty-all-4.1.67.Final.jar:4.1.67.Final]
	at io.netty.handler.codec.ByteToMessageDecoder.channelInactive(ByteToMessageDecoder.java:354) [netty-all-4.1.67.Final.jar:4.1.67.Final]
	at io.netty.handler.codec.ByteToMessageCodec.channelInactive(ByteToMessageCodec.java:118) [netty-all-4.1.67.Final.jar:4.1.67.Final]
	at io.netty.channel.AbstractChannelHandlerContext.invokeChannelInactive(AbstractChannelHandlerContext.java:262) [netty-all-4.1.67.Final.jar:4.1.67.Final]
	at io.netty.channel.AbstractChannelHandlerContext.invokeChannelInactive(AbstractChannelHandlerContext.java:248) [netty-all-4.1.67.Final.jar:4.1.67.Final]
	at io.netty.channel.AbstractChannelHandlerContext.fireChannelInactive(AbstractChannelHandlerContext.java:241) [netty-all-4.1.67.Final.jar:4.1.67.Final]
	at io.netty.handler.codec.ByteToMessageDecoder.channelInputClosed(ByteToMessageDecoder.java:389) [netty-all-4.1.67.Final.jar:4.1.67.Final]
	at io.netty.handler.codec.ByteToMessageDecoder.channelInactive(ByteToMessageDecoder.java:354) [netty-all-4.1.67.Final.jar:4.1.67.Final]
	at io.netty.handler.codec.ByteToMessageCodec.channelInactive(ByteToMessageCodec.java:118) [netty-all-4.1.67.Final.jar:4.1.67.Final]
	at io.netty.channel.AbstractChannelHandlerContext.invokeChannelInactive(AbstractChannelHandlerContext.java:262) [netty-all-4.1.67.Final.jar:4.1.67.Final]
	at io.netty.channel.AbstractChannelHandlerContext.invokeChannelInactive(AbstractChannelHandlerContext.java:248) [netty-all-4.1.67.Final.jar:4.1.67.Final]
	at io.netty.channel.AbstractChannelHandlerContext.fireChannelInactive(AbstractChannelHandlerContext.java:241) [netty-all-4.1.67.Final.jar:4.1.67.Final]
	at io.netty.handler.codec.ByteToMessageDecoder.channelInputClosed(ByteToMessageDecoder.java:389) [netty-all-4.1.67.Final.jar:4.1.67.Final]
	at io.netty.handler.codec.ByteToMessageDecoder.channelInactive(ByteToMessageDecoder.java:354) [netty-all-4.1.67.Final.jar:4.1.67.Final]
	at io.netty.channel.AbstractChannelHandlerContext.invokeChannelInactive(AbstractChannelHandlerContext.java:262) [netty-all-4.1.67.Final.jar:4.1.67.Final]
	at io.netty.channel.AbstractChannelHandlerContext.invokeChannelInactive(AbstractChannelHandlerContext.java:248) [netty-all-4.1.67.Final.jar:4.1.67.Final]
	at io.netty.channel.AbstractChannelHandlerContext.fireChannelInactive(AbstractChannelHandlerContext.java:241) [netty-all-4.1.67.Final.jar:4.1.67.Final]
	at io.netty.channel.DefaultChannelPipeline$HeadContext.channelInactive(DefaultChannelPipeline.java:1405) [netty-all-4.1.67.Final.jar:4.1.67.Final]
	at io.netty.channel.AbstractChannelHandlerContext.invokeChannelInactive(AbstractChannelHandlerContext.java:262) [netty-all-4.1.67.Final.jar:4.1.67.Final]
	at io.netty.channel.AbstractChannelHandlerContext.invokeChannelInactive(AbstractChannelHandlerContext.java:248) [netty-all-4.1.67.Final.jar:4.1.67.Final]
	at io.netty.channel.DefaultChannelPipeline.fireChannelInactive(DefaultChannelPipeline.java:901) [netty-all-4.1.67.Final.jar:4.1.67.Final]
	at io.netty.channel.AbstractChannel$AbstractUnsafe$8.run(AbstractChannel.java:831) [netty-all-4.1.67.Final.jar:4.1.67.Final]
	at io.netty.util.concurrent.AbstractEventExecutor.safeExecute$$$capture(AbstractEventExecutor.java:164) [netty-all-4.1.67.Final.jar:4.1.67.Final]
	at io.netty.util.concurrent.AbstractEventExecutor.safeExecute(AbstractEventExecutor.java) [netty-all-4.1.67.Final.jar:4.1.67.Final]
	at io.netty.util.concurrent.SingleThreadEventExecutor.runAllTasks(SingleThreadEventExecutor.java:469) [netty-all-4.1.67.Final.jar:4.1.67.Final]
	at io.netty.channel.nio.NioEventLoop.run(NioEventLoop.java:497) [netty-all-4.1.67.Final.jar:4.1.67.Final]
	at io.netty.util.concurrent.SingleThreadEventExecutor$4.run(SingleThreadEventExecutor.java:986) [netty-all-4.1.67.Final.jar:4.1.67.Final]
	at io.netty.util.internal.ThreadExecutorMap$2.run(ThreadExecutorMap.java:74) [netty-all-4.1.67.Final.jar:4.1.67.Final]
	at io.netty.util.concurrent.FastThreadLocalRunnable.run(FastThreadLocalRunnable.java:30) [netty-all-4.1.67.Final.jar:4.1.67.Final]
	at java.lang.Thread.run(Thread.java:748) [?:1.8.0_171]

