[2021-09-23 11:28:20] WARN  io.netty.bootstrap.AbstractBootstrap 464 setChannelOption - Unknown channel option 'TCP_NODELAY' for channel '[id: 0xbc5657dd]'
[2021-09-23 11:28:20] WARN  io.netty.bootstrap.AbstractBootstrap 464 setChannelOption - Unknown channel option 'SO_KEEPALIVE' for channel '[id: 0xbc5657dd]'
[2021-09-23 11:30:12] WARN  io.netty.channel.DefaultChannelPipeline 1152 onUnhandledInboundException - An exceptionCaught() event was fired, and it reached at the tail of the pipeline. It usually means the last handler in the pipeline did not handle the exception. java.lang.NullPointerException: null
	at com.dzyls.chat.handler.client.ClientEventTrigger.channelActive(ClientEventTrigger.java:33) ~[classes/:?]
	at io.netty.channel.AbstractChannelHandlerContext.invokeChannelActive(AbstractChannelHandlerContext.java:230) [netty-all-4.1.67.Final.jar:4.1.67.Final]
	at io.netty.channel.AbstractChannelHandlerContext.invokeChannelActive(AbstractChannelHandlerContext.java:216) [netty-all-4.1.67.Final.jar:4.1.67.Final]
	at io.netty.channel.AbstractChannelHandlerContext.fireChannelActive(AbstractChannelHandlerContext.java:209) [netty-all-4.1.67.Final.jar:4.1.67.Final]
	at io.netty.channel.ChannelInboundHandlerAdapter.channelActive(ChannelInboundHandlerAdapter.java:69) [netty-all-4.1.67.Final.jar:4.1.67.Final]
	at io.netty.handler.timeout.IdleStateHandler.channelActive(IdleStateHandler.java:271) [netty-all-4.1.67.Final.jar:4.1.67.Final]
	at io.netty.channel.AbstractChannelHandlerContext.invokeChannelActive(AbstractChannelHandlerContext.java:230) [netty-all-4.1.67.Final.jar:4.1.67.Final]
	at io.netty.channel.AbstractChannelHandlerContext.invokeChannelActive(AbstractChannelHandlerContext.java:216) [netty-all-4.1.67.Final.jar:4.1.67.Final]
	at io.netty.channel.AbstractChannelHandlerContext.fireChannelActive(AbstractChannelHandlerContext.java:209) [netty-all-4.1.67.Final.jar:4.1.67.Final]
	at io.netty.channel.DefaultChannelPipeline$HeadContext.channelActive(DefaultChannelPipeline.java:1398) [netty-all-4.1.67.Final.jar:4.1.67.Final]
	at io.netty.channel.AbstractChannelHandlerContext.invokeChannelActive(AbstractChannelHandlerContext.java:230) [netty-all-4.1.67.Final.jar:4.1.67.Final]
	at io.netty.channel.AbstractChannelHandlerContext.invokeChannelActive(AbstractChannelHandlerContext.java:216) [netty-all-4.1.67.Final.jar:4.1.67.Final]
	at io.netty.channel.DefaultChannelPipeline.fireChannelActive(DefaultChannelPipeline.java:895) [netty-all-4.1.67.Final.jar:4.1.67.Final]
	at io.netty.channel.nio.AbstractNioChannel$AbstractNioUnsafe.fulfillConnectPromise(AbstractNioChannel.java:305) [netty-all-4.1.67.Final.jar:4.1.67.Final]
	at io.netty.channel.nio.AbstractNioChannel$AbstractNioUnsafe.finishConnect(AbstractNioChannel.java:335) [netty-all-4.1.67.Final.jar:4.1.67.Final]
	at io.netty.channel.nio.NioEventLoop.processSelectedKey(NioEventLoop.java:707) [netty-all-4.1.67.Final.jar:4.1.67.Final]
	at io.netty.channel.nio.NioEventLoop.processSelectedKeysOptimized(NioEventLoop.java:655) [netty-all-4.1.67.Final.jar:4.1.67.Final]
	at io.netty.channel.nio.NioEventLoop.processSelectedKeys(NioEventLoop.java:581) [netty-all-4.1.67.Final.jar:4.1.67.Final]
	at io.netty.channel.nio.NioEventLoop.run(NioEventLoop.java:493) [netty-all-4.1.67.Final.jar:4.1.67.Final]
	at io.netty.util.concurrent.SingleThreadEventExecutor$4.run(SingleThreadEventExecutor.java:986) [netty-all-4.1.67.Final.jar:4.1.67.Final]
	at io.netty.util.internal.ThreadExecutorMap$2.run(ThreadExecutorMap.java:74) [netty-all-4.1.67.Final.jar:4.1.67.Final]
	at io.netty.util.concurrent.FastThreadLocalRunnable.run(FastThreadLocalRunnable.java:30) [netty-all-4.1.67.Final.jar:4.1.67.Final]
	at java.lang.Thread.run(Thread.java:748) [?:1.8.0_171]

[2021-09-23 11:30:12] WARN  io.netty.channel.DefaultChannelPipeline 1152 onUnhandledInboundException - An exceptionCaught() event was fired, and it reached at the tail of the pipeline. It usually means the last handler in the pipeline did not handle the exception. java.lang.NullPointerException: null
	at com.dzyls.chat.handler.server.ServerEventTrigger.channelActive(ServerEventTrigger.java:36) ~[classes/:?]
	at io.netty.channel.AbstractChannelHandlerContext.invokeChannelActive(AbstractChannelHandlerContext.java:230) [netty-all-4.1.67.Final.jar:4.1.67.Final]
	at io.netty.channel.AbstractChannelHandlerContext.invokeChannelActive(AbstractChannelHandlerContext.java:216) [netty-all-4.1.67.Final.jar:4.1.67.Final]
	at io.netty.channel.AbstractChannelHandlerContext.fireChannelActive(AbstractChannelHandlerContext.java:209) [netty-all-4.1.67.Final.jar:4.1.67.Final]
	at io.netty.channel.DefaultChannelPipeline$HeadContext.channelActive(DefaultChannelPipeline.java:1398) [netty-all-4.1.67.Final.jar:4.1.67.Final]
	at io.netty.channel.AbstractChannelHandlerContext.invokeChannelActive(AbstractChannelHandlerContext.java:230) [netty-all-4.1.67.Final.jar:4.1.67.Final]
	at io.netty.channel.AbstractChannelHandlerContext.invokeChannelActive(AbstractChannelHandlerContext.java:216) [netty-all-4.1.67.Final.jar:4.1.67.Final]
	at io.netty.channel.DefaultChannelPipeline.fireChannelActive(DefaultChannelPipeline.java:895) [netty-all-4.1.67.Final.jar:4.1.67.Final]
	at io.netty.channel.AbstractChannel$AbstractUnsafe.register0(AbstractChannel.java:522) [netty-all-4.1.67.Final.jar:4.1.67.Final]
	at io.netty.channel.AbstractChannel$AbstractUnsafe.access$200(AbstractChannel.java:429) [netty-all-4.1.67.Final.jar:4.1.67.Final]
	at io.netty.channel.AbstractChannel$AbstractUnsafe$1.run(AbstractChannel.java:486) [netty-all-4.1.67.Final.jar:4.1.67.Final]
	at io.netty.util.concurrent.AbstractEventExecutor.safeExecute$$$capture(AbstractEventExecutor.java:164) [netty-all-4.1.67.Final.jar:4.1.67.Final]
	at io.netty.util.concurrent.AbstractEventExecutor.safeExecute(AbstractEventExecutor.java) [netty-all-4.1.67.Final.jar:4.1.67.Final]
	at io.netty.util.concurrent.SingleThreadEventExecutor.runAllTasks(SingleThreadEventExecutor.java:469) [netty-all-4.1.67.Final.jar:4.1.67.Final]
	at io.netty.channel.nio.NioEventLoop.run(NioEventLoop.java:500) [netty-all-4.1.67.Final.jar:4.1.67.Final]
	at io.netty.util.concurrent.SingleThreadEventExecutor$4.run(SingleThreadEventExecutor.java:986) [netty-all-4.1.67.Final.jar:4.1.67.Final]
	at io.netty.util.internal.ThreadExecutorMap$2.run(ThreadExecutorMap.java:74) [netty-all-4.1.67.Final.jar:4.1.67.Final]
	at io.netty.util.concurrent.FastThreadLocalRunnable.run(FastThreadLocalRunnable.java:30) [netty-all-4.1.67.Final.jar:4.1.67.Final]
	at java.lang.Thread.run(Thread.java:748) [?:1.8.0_171]

[2021-09-23 11:30:29] WARN  io.netty.channel.DefaultChannelPipeline 1152 onUnhandledInboundException - An exceptionCaught() event was fired, and it reached at the tail of the pipeline. It usually means the last handler in the pipeline did not handle the exception. java.lang.NullPointerException: null
	at com.dzyls.chat.handler.server.ServerEventTrigger.channelInactive(ServerEventTrigger.java:43) ~[classes/:?]
	at io.netty.channel.AbstractChannelHandlerContext.invokeChannelInactive(AbstractChannelHandlerContext.java:262) [netty-all-4.1.67.Final.jar:4.1.67.Final]
	at io.netty.channel.AbstractChannelHandlerContext.invokeChannelInactive(AbstractChannelHandlerContext.java:248) [netty-all-4.1.67.Final.jar:4.1.67.Final]
	at io.netty.channel.AbstractChannelHandlerContext.fireChannelInactive(AbstractChannelHandlerContext.java:241) [netty-all-4.1.67.Final.jar:4.1.67.Final]
	at io.netty.handler.codec.ByteToMessageDecoder.channelInputClosed(ByteToMessageDecoder.java:389) [netty-all-4.1.67.Final.jar:4.1.67.Final]
	at io.netty.handler.codec.ByteToMessageDecoder.channelInactive(ByteToMessageDecoder.java:354) [netty-all-4.1.67.Final.jar:4.1.67.Final]
	at io.netty.handler.codec.ByteToMessageCodec.channelInactive(ByteToMessageCodec.java:118) [netty-all-4.1.67.Final.jar:4.1.67.Final]
	at io.netty.channel.AbstractChannelHandlerContext.invokeChannelInactive(AbstractChannelHandlerContext.java:262) [netty-all-4.1.67.Final.jar:4.1.67.Final]
	at io.netty.channel.AbstractChannelHandlerContext.invokeChannelInactive(AbstractChannelHandlerContext.java:248) [netty-all-4.1.67.Final.jar:4.1.67.Final]
	at io.netty.channel.AbstractChannelHandlerContext.fireChannelInactive(AbstractChannelHandlerContext.java:241) [netty-all-4.1.67.Final.jar:4.1.67.Final]
	at io.netty.handler.codec.ByteToMessageDecoder.channelInputClosed(ByteToMessageDecoder.java:389) [netty-all-4.1.67.Final.jar:4.1.67.Final]
	at io.netty.handler.codec.ByteToMessageDecoder.channelInactive(ByteToMessageDecoder.java:354) [netty-all-4.1.67.Final.jar:4.1.67.Final]
	at io.netty.handler.codec.ByteToMessageCodec.channelInactive(ByteToMessageCodec.java:118) [netty-all-4.1.67.Final.jar:4.1.67.Final]
	at io.netty.channel.AbstractChannelHandlerContext.invokeChannelInactive(AbstractChannelHandlerContext.java:262) [netty-all-4.1.67.Final.jar:4.1.67.Final]
	at io.netty.channel.AbstractChannelHandlerContext.invokeChannelInactive(AbstractChannelHandlerContext.java:248) [netty-all-4.1.67.Final.jar:4.1.67.Final]
	at io.netty.channel.AbstractChannelHandlerContext.fireChannelInactive(AbstractChannelHandlerContext.java:241) [netty-all-4.1.67.Final.jar:4.1.67.Final]
	at io.netty.handler.codec.ByteToMessageDecoder.channelInputClosed(ByteToMessageDecoder.java:389) [netty-all-4.1.67.Final.jar:4.1.67.Final]
	at io.netty.handler.codec.ByteToMessageDecoder.channelInactive(ByteToMessageDecoder.java:354) [netty-all-4.1.67.Final.jar:4.1.67.Final]
	at io.netty.channel.AbstractChannelHandlerContext.invokeChannelInactive(AbstractChannelHandlerContext.java:262) [netty-all-4.1.67.Final.jar:4.1.67.Final]
	at io.netty.channel.AbstractChannelHandlerContext.invokeChannelInactive(AbstractChannelHandlerContext.java:248) [netty-all-4.1.67.Final.jar:4.1.67.Final]
	at io.netty.channel.AbstractChannelHandlerContext.fireChannelInactive(AbstractChannelHandlerContext.java:241) [netty-all-4.1.67.Final.jar:4.1.67.Final]
	at io.netty.channel.DefaultChannelPipeline$HeadContext.channelInactive(DefaultChannelPipeline.java:1405) [netty-all-4.1.67.Final.jar:4.1.67.Final]
	at io.netty.channel.AbstractChannelHandlerContext.invokeChannelInactive(AbstractChannelHandlerContext.java:262) [netty-all-4.1.67.Final.jar:4.1.67.Final]
	at io.netty.channel.AbstractChannelHandlerContext.invokeChannelInactive(AbstractChannelHandlerContext.java:248) [netty-all-4.1.67.Final.jar:4.1.67.Final]
	at io.netty.channel.DefaultChannelPipeline.fireChannelInactive(DefaultChannelPipeline.java:901) [netty-all-4.1.67.Final.jar:4.1.67.Final]
	at io.netty.channel.AbstractChannel$AbstractUnsafe$8.run(AbstractChannel.java:831) [netty-all-4.1.67.Final.jar:4.1.67.Final]
	at io.netty.util.concurrent.AbstractEventExecutor.safeExecute$$$capture(AbstractEventExecutor.java:164) [netty-all-4.1.67.Final.jar:4.1.67.Final]
	at io.netty.util.concurrent.AbstractEventExecutor.safeExecute(AbstractEventExecutor.java) [netty-all-4.1.67.Final.jar:4.1.67.Final]
	at io.netty.util.concurrent.SingleThreadEventExecutor.runAllTasks(SingleThreadEventExecutor.java:469) [netty-all-4.1.67.Final.jar:4.1.67.Final]
	at io.netty.channel.nio.NioEventLoop.run(NioEventLoop.java:497) [netty-all-4.1.67.Final.jar:4.1.67.Final]
	at io.netty.util.concurrent.SingleThreadEventExecutor$4.run(SingleThreadEventExecutor.java:986) [netty-all-4.1.67.Final.jar:4.1.67.Final]
	at io.netty.util.internal.ThreadExecutorMap$2.run(ThreadExecutorMap.java:74) [netty-all-4.1.67.Final.jar:4.1.67.Final]
	at io.netty.util.concurrent.FastThreadLocalRunnable.run(FastThreadLocalRunnable.java:30) [netty-all-4.1.67.Final.jar:4.1.67.Final]
	at java.lang.Thread.run(Thread.java:748) [?:1.8.0_171]

[2021-09-23 11:30:29] WARN  io.netty.channel.DefaultChannelPipeline 1152 onUnhandledInboundException - An exceptionCaught() event was fired, and it reached at the tail of the pipeline. It usually means the last handler in the pipeline did not handle the exception. java.lang.NullPointerException: null
	at com.dzyls.chat.handler.client.ClientEventTrigger.channelInactive(ClientEventTrigger.java:42) ~[classes/:?]
	at io.netty.channel.AbstractChannelHandlerContext.invokeChannelInactive(AbstractChannelHandlerContext.java:262) [netty-all-4.1.67.Final.jar:4.1.67.Final]
	at io.netty.channel.AbstractChannelHandlerContext.invokeChannelInactive(AbstractChannelHandlerContext.java:248) [netty-all-4.1.67.Final.jar:4.1.67.Final]
	at io.netty.channel.AbstractChannelHandlerContext.fireChannelInactive(AbstractChannelHandlerContext.java:241) [netty-all-4.1.67.Final.jar:4.1.67.Final]
	at io.netty.handler.codec.ByteToMessageDecoder.channelInputClosed(ByteToMessageDecoder.java:389) [netty-all-4.1.67.Final.jar:4.1.67.Final]
	at io.netty.handler.codec.ByteToMessageDecoder.channelInactive(ByteToMessageDecoder.java:354) [netty-all-4.1.67.Final.jar:4.1.67.Final]
	at io.netty.handler.codec.ByteToMessageCodec.channelInactive(ByteToMessageCodec.java:118) [netty-all-4.1.67.Final.jar:4.1.67.Final]
	at io.netty.channel.AbstractChannelHandlerContext.invokeChannelInactive(AbstractChannelHandlerContext.java:262) [netty-all-4.1.67.Final.jar:4.1.67.Final]
	at io.netty.channel.AbstractChannelHandlerContext.invokeChannelInactive(AbstractChannelHandlerContext.java:248) [netty-all-4.1.67.Final.jar:4.1.67.Final]
	at io.netty.channel.AbstractChannelHandlerContext.fireChannelInactive(AbstractChannelHandlerContext.java:241) [netty-all-4.1.67.Final.jar:4.1.67.Final]
	at io.netty.handler.codec.ByteToMessageDecoder.channelInputClosed(ByteToMessageDecoder.java:389) [netty-all-4.1.67.Final.jar:4.1.67.Final]
	at io.netty.handler.codec.ByteToMessageDecoder.channelInactive(ByteToMessageDecoder.java:354) [netty-all-4.1.67.Final.jar:4.1.67.Final]
	at io.netty.channel.AbstractChannelHandlerContext.invokeChannelInactive(AbstractChannelHandlerContext.java:262) [netty-all-4.1.67.Final.jar:4.1.67.Final]
	at io.netty.channel.AbstractChannelHandlerContext.invokeChannelInactive(AbstractChannelHandlerContext.java:248) [netty-all-4.1.67.Final.jar:4.1.67.Final]
	at io.netty.channel.AbstractChannelHandlerContext.fireChannelInactive(AbstractChannelHandlerContext.java:241) [netty-all-4.1.67.Final.jar:4.1.67.Final]
	at io.netty.channel.ChannelInboundHandlerAdapter.channelInactive(ChannelInboundHandlerAdapter.java:81) [netty-all-4.1.67.Final.jar:4.1.67.Final]
	at io.netty.handler.timeout.IdleStateHandler.channelInactive(IdleStateHandler.java:277) [netty-all-4.1.67.Final.jar:4.1.67.Final]
	at io.netty.channel.AbstractChannelHandlerContext.invokeChannelInactive(AbstractChannelHandlerContext.java:262) [netty-all-4.1.67.Final.jar:4.1.67.Final]
	at io.netty.channel.AbstractChannelHandlerContext.invokeChannelInactive(AbstractChannelHandlerContext.java:248) [netty-all-4.1.67.Final.jar:4.1.67.Final]
	at io.netty.channel.AbstractChannelHandlerContext.fireChannelInactive(AbstractChannelHandlerContext.java:241) [netty-all-4.1.67.Final.jar:4.1.67.Final]
	at io.netty.handler.codec.ByteToMessageDecoder.channelInputClosed(ByteToMessageDecoder.java:389) [netty-all-4.1.67.Final.jar:4.1.67.Final]
	at io.netty.handler.codec.ByteToMessageDecoder.channelInactive(ByteToMessageDecoder.java:354) [netty-all-4.1.67.Final.jar:4.1.67.Final]
	at io.netty.channel.AbstractChannelHandlerContext.invokeChannelInactive(AbstractChannelHandlerContext.java:262) [netty-all-4.1.67.Final.jar:4.1.67.Final]
	at io.netty.channel.AbstractChannelHandlerContext.invokeChannelInactive(AbstractChannelHandlerContext.java:248) [netty-all-4.1.67.Final.jar:4.1.67.Final]
	at io.netty.channel.AbstractChannelHandlerContext.fireChannelInactive(AbstractChannelHandlerContext.java:241) [netty-all-4.1.67.Final.jar:4.1.67.Final]
	at io.netty.channel.DefaultChannelPipeline$HeadContext.channelInactive(DefaultChannelPipeline.java:1405) [netty-all-4.1.67.Final.jar:4.1.67.Final]
	at io.netty.channel.AbstractChannelHandlerContext.invokeChannelInactive(AbstractChannelHandlerContext.java:262) [netty-all-4.1.67.Final.jar:4.1.67.Final]
	at io.netty.channel.AbstractChannelHandlerContext.invokeChannelInactive(AbstractChannelHandlerContext.java:248) [netty-all-4.1.67.Final.jar:4.1.67.Final]
	at io.netty.channel.DefaultChannelPipeline.fireChannelInactive(DefaultChannelPipeline.java:901) [netty-all-4.1.67.Final.jar:4.1.67.Final]
	at io.netty.channel.AbstractChannel$AbstractUnsafe$8.run(AbstractChannel.java:831) [netty-all-4.1.67.Final.jar:4.1.67.Final]
	at io.netty.util.concurrent.AbstractEventExecutor.safeExecute$$$capture(AbstractEventExecutor.java:164) [netty-all-4.1.67.Final.jar:4.1.67.Final]
	at io.netty.util.concurrent.AbstractEventExecutor.safeExecute(AbstractEventExecutor.java) [netty-all-4.1.67.Final.jar:4.1.67.Final]
	at io.netty.util.concurrent.SingleThreadEventExecutor.runAllTasksFrom(SingleThreadEventExecutor.java:425) [netty-all-4.1.67.Final.jar:4.1.67.Final]
	at io.netty.util.concurrent.SingleThreadEventExecutor.runAllTasks(SingleThreadEventExecutor.java:374) [netty-all-4.1.67.Final.jar:4.1.67.Final]
	at io.netty.util.concurrent.SingleThreadEventExecutor.confirmShutdown(SingleThreadEventExecutor.java:760) [netty-all-4.1.67.Final.jar:4.1.67.Final]
	at io.netty.channel.nio.NioEventLoop.run(NioEventLoop.java:527) [netty-all-4.1.67.Final.jar:4.1.67.Final]
	at io.netty.util.concurrent.SingleThreadEventExecutor$4.run(SingleThreadEventExecutor.java:986) [netty-all-4.1.67.Final.jar:4.1.67.Final]
	at io.netty.util.internal.ThreadExecutorMap$2.run(ThreadExecutorMap.java:74) [netty-all-4.1.67.Final.jar:4.1.67.Final]
	at io.netty.util.concurrent.FastThreadLocalRunnable.run(FastThreadLocalRunnable.java:30) [netty-all-4.1.67.Final.jar:4.1.67.Final]
	at java.lang.Thread.run(Thread.java:748) [?:1.8.0_171]

[2021-09-23 11:30:39] WARN  io.netty.channel.DefaultChannelPipeline 1152 onUnhandledInboundException - An exceptionCaught() event was fired, and it reached at the tail of the pipeline. It usually means the last handler in the pipeline did not handle the exception. java.lang.NullPointerException: null
	at com.dzyls.chat.handler.server.ServerEventTrigger.channelActive(ServerEventTrigger.java:36) ~[classes/:?]
	at io.netty.channel.AbstractChannelHandlerContext.invokeChannelActive(AbstractChannelHandlerContext.java:230) [netty-all-4.1.67.Final.jar:4.1.67.Final]
	at io.netty.channel.AbstractChannelHandlerContext.invokeChannelActive(AbstractChannelHandlerContext.java:216) [netty-all-4.1.67.Final.jar:4.1.67.Final]
	at io.netty.channel.AbstractChannelHandlerContext.fireChannelActive(AbstractChannelHandlerContext.java:209) [netty-all-4.1.67.Final.jar:4.1.67.Final]
	at io.netty.channel.DefaultChannelPipeline$HeadContext.channelActive(DefaultChannelPipeline.java:1398) [netty-all-4.1.67.Final.jar:4.1.67.Final]
	at io.netty.channel.AbstractChannelHandlerContext.invokeChannelActive(AbstractChannelHandlerContext.java:230) [netty-all-4.1.67.Final.jar:4.1.67.Final]
	at io.netty.channel.AbstractChannelHandlerContext.invokeChannelActive(AbstractChannelHandlerContext.java:216) [netty-all-4.1.67.Final.jar:4.1.67.Final]
	at io.netty.channel.DefaultChannelPipeline.fireChannelActive(DefaultChannelPipeline.java:895) [netty-all-4.1.67.Final.jar:4.1.67.Final]
	at io.netty.channel.AbstractChannel$AbstractUnsafe.register0(AbstractChannel.java:522) [netty-all-4.1.67.Final.jar:4.1.67.Final]
	at io.netty.channel.AbstractChannel$AbstractUnsafe.access$200(AbstractChannel.java:429) [netty-all-4.1.67.Final.jar:4.1.67.Final]
	at io.netty.channel.AbstractChannel$AbstractUnsafe$1.run(AbstractChannel.java:486) [netty-all-4.1.67.Final.jar:4.1.67.Final]
	at io.netty.util.concurrent.AbstractEventExecutor.safeExecute$$$capture(AbstractEventExecutor.java:164) [netty-all-4.1.67.Final.jar:4.1.67.Final]
	at io.netty.util.concurrent.AbstractEventExecutor.safeExecute(AbstractEventExecutor.java) [netty-all-4.1.67.Final.jar:4.1.67.Final]
	at io.netty.util.concurrent.SingleThreadEventExecutor.runAllTasks(SingleThreadEventExecutor.java:469) [netty-all-4.1.67.Final.jar:4.1.67.Final]
	at io.netty.channel.nio.NioEventLoop.run(NioEventLoop.java:500) [netty-all-4.1.67.Final.jar:4.1.67.Final]
	at io.netty.util.concurrent.SingleThreadEventExecutor$4.run(SingleThreadEventExecutor.java:986) [netty-all-4.1.67.Final.jar:4.1.67.Final]
	at io.netty.util.internal.ThreadExecutorMap$2.run(ThreadExecutorMap.java:74) [netty-all-4.1.67.Final.jar:4.1.67.Final]
	at io.netty.util.concurrent.FastThreadLocalRunnable.run(FastThreadLocalRunnable.java:30) [netty-all-4.1.67.Final.jar:4.1.67.Final]
	at java.lang.Thread.run(Thread.java:748) [?:1.8.0_171]

[2021-09-23 11:30:39] WARN  io.netty.channel.DefaultChannelPipeline 1152 onUnhandledInboundException - An exceptionCaught() event was fired, and it reached at the tail of the pipeline. It usually means the last handler in the pipeline did not handle the exception. java.lang.NullPointerException: null
	at com.dzyls.chat.handler.client.ClientEventTrigger.channelActive(ClientEventTrigger.java:33) ~[classes/:?]
	at io.netty.channel.AbstractChannelHandlerContext.invokeChannelActive(AbstractChannelHandlerContext.java:230) [netty-all-4.1.67.Final.jar:4.1.67.Final]
	at io.netty.channel.AbstractChannelHandlerContext.invokeChannelActive(AbstractChannelHandlerContext.java:216) [netty-all-4.1.67.Final.jar:4.1.67.Final]
	at io.netty.channel.AbstractChannelHandlerContext.fireChannelActive(AbstractChannelHandlerContext.java:209) [netty-all-4.1.67.Final.jar:4.1.67.Final]
	at io.netty.channel.ChannelInboundHandlerAdapter.channelActive(ChannelInboundHandlerAdapter.java:69) [netty-all-4.1.67.Final.jar:4.1.67.Final]
	at io.netty.handler.timeout.IdleStateHandler.channelActive(IdleStateHandler.java:271) [netty-all-4.1.67.Final.jar:4.1.67.Final]
	at io.netty.channel.AbstractChannelHandlerContext.invokeChannelActive(AbstractChannelHandlerContext.java:230) [netty-all-4.1.67.Final.jar:4.1.67.Final]
	at io.netty.channel.AbstractChannelHandlerContext.invokeChannelActive(AbstractChannelHandlerContext.java:216) [netty-all-4.1.67.Final.jar:4.1.67.Final]
	at io.netty.channel.AbstractChannelHandlerContext.fireChannelActive(AbstractChannelHandlerContext.java:209) [netty-all-4.1.67.Final.jar:4.1.67.Final]
	at io.netty.channel.DefaultChannelPipeline$HeadContext.channelActive(DefaultChannelPipeline.java:1398) [netty-all-4.1.67.Final.jar:4.1.67.Final]
	at io.netty.channel.AbstractChannelHandlerContext.invokeChannelActive(AbstractChannelHandlerContext.java:230) [netty-all-4.1.67.Final.jar:4.1.67.Final]
	at io.netty.channel.AbstractChannelHandlerContext.invokeChannelActive(AbstractChannelHandlerContext.java:216) [netty-all-4.1.67.Final.jar:4.1.67.Final]
	at io.netty.channel.DefaultChannelPipeline.fireChannelActive(DefaultChannelPipeline.java:895) [netty-all-4.1.67.Final.jar:4.1.67.Final]
	at io.netty.channel.nio.AbstractNioChannel$AbstractNioUnsafe.fulfillConnectPromise(AbstractNioChannel.java:305) [netty-all-4.1.67.Final.jar:4.1.67.Final]
	at io.netty.channel.nio.AbstractNioChannel$AbstractNioUnsafe.finishConnect(AbstractNioChannel.java:335) [netty-all-4.1.67.Final.jar:4.1.67.Final]
	at io.netty.channel.nio.NioEventLoop.processSelectedKey(NioEventLoop.java:707) [netty-all-4.1.67.Final.jar:4.1.67.Final]
	at io.netty.channel.nio.NioEventLoop.processSelectedKeysOptimized(NioEventLoop.java:655) [netty-all-4.1.67.Final.jar:4.1.67.Final]
	at io.netty.channel.nio.NioEventLoop.processSelectedKeys(NioEventLoop.java:581) [netty-all-4.1.67.Final.jar:4.1.67.Final]
	at io.netty.channel.nio.NioEventLoop.run(NioEventLoop.java:493) [netty-all-4.1.67.Final.jar:4.1.67.Final]
	at io.netty.util.concurrent.SingleThreadEventExecutor$4.run(SingleThreadEventExecutor.java:986) [netty-all-4.1.67.Final.jar:4.1.67.Final]
	at io.netty.util.internal.ThreadExecutorMap$2.run(ThreadExecutorMap.java:74) [netty-all-4.1.67.Final.jar:4.1.67.Final]
	at io.netty.util.concurrent.FastThreadLocalRunnable.run(FastThreadLocalRunnable.java:30) [netty-all-4.1.67.Final.jar:4.1.67.Final]
	at java.lang.Thread.run(Thread.java:748) [?:1.8.0_171]

[2021-09-23 11:30:45] WARN  io.netty.channel.DefaultChannelPipeline 1152 onUnhandledInboundException - An exceptionCaught() event was fired, and it reached at the tail of the pipeline. It usually means the last handler in the pipeline did not handle the exception. java.lang.NullPointerException: null
	at com.dzyls.chat.handler.server.ServerEventTrigger.channelInactive(ServerEventTrigger.java:43) ~[classes/:?]
	at io.netty.channel.AbstractChannelHandlerContext.invokeChannelInactive(AbstractChannelHandlerContext.java:262) [netty-all-4.1.67.Final.jar:4.1.67.Final]
	at io.netty.channel.AbstractChannelHandlerContext.invokeChannelInactive(AbstractChannelHandlerContext.java:248) [netty-all-4.1.67.Final.jar:4.1.67.Final]
	at io.netty.channel.AbstractChannelHandlerContext.fireChannelInactive(AbstractChannelHandlerContext.java:241) [netty-all-4.1.67.Final.jar:4.1.67.Final]
	at io.netty.handler.codec.ByteToMessageDecoder.channelInputClosed(ByteToMessageDecoder.java:389) [netty-all-4.1.67.Final.jar:4.1.67.Final]
	at io.netty.handler.codec.ByteToMessageDecoder.channelInactive(ByteToMessageDecoder.java:354) [netty-all-4.1.67.Final.jar:4.1.67.Final]
	at io.netty.handler.codec.ByteToMessageCodec.channelInactive(ByteToMessageCodec.java:118) [netty-all-4.1.67.Final.jar:4.1.67.Final]
	at io.netty.channel.AbstractChannelHandlerContext.invokeChannelInactive(AbstractChannelHandlerContext.java:262) [netty-all-4.1.67.Final.jar:4.1.67.Final]
	at io.netty.channel.AbstractChannelHandlerContext.invokeChannelInactive(AbstractChannelHandlerContext.java:248) [netty-all-4.1.67.Final.jar:4.1.67.Final]
	at io.netty.channel.AbstractChannelHandlerContext.fireChannelInactive(AbstractChannelHandlerContext.java:241) [netty-all-4.1.67.Final.jar:4.1.67.Final]
	at io.netty.handler.codec.ByteToMessageDecoder.channelInputClosed(ByteToMessageDecoder.java:389) [netty-all-4.1.67.Final.jar:4.1.67.Final]
	at io.netty.handler.codec.ByteToMessageDecoder.channelInactive(ByteToMessageDecoder.java:354) [netty-all-4.1.67.Final.jar:4.1.67.Final]
	at io.netty.handler.codec.ByteToMessageCodec.channelInactive(ByteToMessageCodec.java:118) [netty-all-4.1.67.Final.jar:4.1.67.Final]
	at io.netty.channel.AbstractChannelHandlerContext.invokeChannelInactive(AbstractChannelHandlerContext.java:262) [netty-all-4.1.67.Final.jar:4.1.67.Final]
	at io.netty.channel.AbstractChannelHandlerContext.invokeChannelInactive(AbstractChannelHandlerContext.java:248) [netty-all-4.1.67.Final.jar:4.1.67.Final]
	at io.netty.channel.AbstractChannelHandlerContext.fireChannelInactive(AbstractChannelHandlerContext.java:241) [netty-all-4.1.67.Final.jar:4.1.67.Final]
	at io.netty.handler.codec.ByteToMessageDecoder.channelInputClosed(ByteToMessageDecoder.java:389) [netty-all-4.1.67.Final.jar:4.1.67.Final]
	at io.netty.handler.codec.ByteToMessageDecoder.channelInactive(ByteToMessageDecoder.java:354) [netty-all-4.1.67.Final.jar:4.1.67.Final]
	at io.netty.channel.AbstractChannelHandlerContext.invokeChannelInactive(AbstractChannelHandlerContext.java:262) [netty-all-4.1.67.Final.jar:4.1.67.Final]
	at io.netty.channel.AbstractChannelHandlerContext.invokeChannelInactive(AbstractChannelHandlerContext.java:248) [netty-all-4.1.67.Final.jar:4.1.67.Final]
	at io.netty.channel.AbstractChannelHandlerContext.fireChannelInactive(AbstractChannelHandlerContext.java:241) [netty-all-4.1.67.Final.jar:4.1.67.Final]
	at io.netty.channel.DefaultChannelPipeline$HeadContext.channelInactive(DefaultChannelPipeline.java:1405) [netty-all-4.1.67.Final.jar:4.1.67.Final]
	at io.netty.channel.AbstractChannelHandlerContext.invokeChannelInactive(AbstractChannelHandlerContext.java:262) [netty-all-4.1.67.Final.jar:4.1.67.Final]
	at io.netty.channel.AbstractChannelHandlerContext.invokeChannelInactive(AbstractChannelHandlerContext.java:248) [netty-all-4.1.67.Final.jar:4.1.67.Final]
	at io.netty.channel.DefaultChannelPipeline.fireChannelInactive(DefaultChannelPipeline.java:901) [netty-all-4.1.67.Final.jar:4.1.67.Final]
	at io.netty.channel.AbstractChannel$AbstractUnsafe$8.run(AbstractChannel.java:831) [netty-all-4.1.67.Final.jar:4.1.67.Final]
	at io.netty.util.concurrent.AbstractEventExecutor.safeExecute$$$capture(AbstractEventExecutor.java:164) [netty-all-4.1.67.Final.jar:4.1.67.Final]
	at io.netty.util.concurrent.AbstractEventExecutor.safeExecute(AbstractEventExecutor.java) [netty-all-4.1.67.Final.jar:4.1.67.Final]
	at io.netty.util.concurrent.SingleThreadEventExecutor.runAllTasks(SingleThreadEventExecutor.java:469) [netty-all-4.1.67.Final.jar:4.1.67.Final]
	at io.netty.channel.nio.NioEventLoop.run(NioEventLoop.java:497) [netty-all-4.1.67.Final.jar:4.1.67.Final]
	at io.netty.util.concurrent.SingleThreadEventExecutor$4.run(SingleThreadEventExecutor.java:986) [netty-all-4.1.67.Final.jar:4.1.67.Final]
	at io.netty.util.internal.ThreadExecutorMap$2.run(ThreadExecutorMap.java:74) [netty-all-4.1.67.Final.jar:4.1.67.Final]
	at io.netty.util.concurrent.FastThreadLocalRunnable.run(FastThreadLocalRunnable.java:30) [netty-all-4.1.67.Final.jar:4.1.67.Final]
	at java.lang.Thread.run(Thread.java:748) [?:1.8.0_171]

[2021-09-23 11:30:55] WARN  io.netty.channel.DefaultChannelPipeline 1152 onUnhandledInboundException - An exceptionCaught() event was fired, and it reached at the tail of the pipeline. It usually means the last handler in the pipeline did not handle the exception. java.lang.NullPointerException: null
	at com.dzyls.chat.handler.server.ServerEventTrigger.channelActive(ServerEventTrigger.java:36) ~[classes/:?]
	at io.netty.channel.AbstractChannelHandlerContext.invokeChannelActive(AbstractChannelHandlerContext.java:230) [netty-all-4.1.67.Final.jar:4.1.67.Final]
	at io.netty.channel.AbstractChannelHandlerContext.invokeChannelActive(AbstractChannelHandlerContext.java:216) [netty-all-4.1.67.Final.jar:4.1.67.Final]
	at io.netty.channel.AbstractChannelHandlerContext.fireChannelActive(AbstractChannelHandlerContext.java:209) [netty-all-4.1.67.Final.jar:4.1.67.Final]
	at io.netty.channel.DefaultChannelPipeline$HeadContext.channelActive(DefaultChannelPipeline.java:1398) [netty-all-4.1.67.Final.jar:4.1.67.Final]
	at io.netty.channel.AbstractChannelHandlerContext.invokeChannelActive(AbstractChannelHandlerContext.java:230) [netty-all-4.1.67.Final.jar:4.1.67.Final]
	at io.netty.channel.AbstractChannelHandlerContext.invokeChannelActive(AbstractChannelHandlerContext.java:216) [netty-all-4.1.67.Final.jar:4.1.67.Final]
	at io.netty.channel.DefaultChannelPipeline.fireChannelActive(DefaultChannelPipeline.java:895) [netty-all-4.1.67.Final.jar:4.1.67.Final]
	at io.netty.channel.AbstractChannel$AbstractUnsafe.register0(AbstractChannel.java:522) [netty-all-4.1.67.Final.jar:4.1.67.Final]
	at io.netty.channel.AbstractChannel$AbstractUnsafe.access$200(AbstractChannel.java:429) [netty-all-4.1.67.Final.jar:4.1.67.Final]
	at io.netty.channel.AbstractChannel$AbstractUnsafe$1.run(AbstractChannel.java:486) [netty-all-4.1.67.Final.jar:4.1.67.Final]
	at io.netty.util.concurrent.AbstractEventExecutor.safeExecute$$$capture(AbstractEventExecutor.java:164) [netty-all-4.1.67.Final.jar:4.1.67.Final]
	at io.netty.util.concurrent.AbstractEventExecutor.safeExecute(AbstractEventExecutor.java) [netty-all-4.1.67.Final.jar:4.1.67.Final]
	at io.netty.util.concurrent.SingleThreadEventExecutor.runAllTasks(SingleThreadEventExecutor.java:469) [netty-all-4.1.67.Final.jar:4.1.67.Final]
	at io.netty.channel.nio.NioEventLoop.run(NioEventLoop.java:500) [netty-all-4.1.67.Final.jar:4.1.67.Final]
	at io.netty.util.concurrent.SingleThreadEventExecutor$4.run(SingleThreadEventExecutor.java:986) [netty-all-4.1.67.Final.jar:4.1.67.Final]
	at io.netty.util.internal.ThreadExecutorMap$2.run(ThreadExecutorMap.java:74) [netty-all-4.1.67.Final.jar:4.1.67.Final]
	at io.netty.util.concurrent.FastThreadLocalRunnable.run(FastThreadLocalRunnable.java:30) [netty-all-4.1.67.Final.jar:4.1.67.Final]
	at java.lang.Thread.run(Thread.java:748) [?:1.8.0_171]

[2021-09-23 11:30:55] WARN  io.netty.channel.DefaultChannelPipeline 1152 onUnhandledInboundException - An exceptionCaught() event was fired, and it reached at the tail of the pipeline. It usually means the last handler in the pipeline did not handle the exception. java.lang.NullPointerException: null
	at com.dzyls.chat.handler.client.ClientEventTrigger.channelActive(ClientEventTrigger.java:33) ~[classes/:?]
	at io.netty.channel.AbstractChannelHandlerContext.invokeChannelActive(AbstractChannelHandlerContext.java:230) [netty-all-4.1.67.Final.jar:4.1.67.Final]
	at io.netty.channel.AbstractChannelHandlerContext.invokeChannelActive(AbstractChannelHandlerContext.java:216) [netty-all-4.1.67.Final.jar:4.1.67.Final]
	at io.netty.channel.AbstractChannelHandlerContext.fireChannelActive(AbstractChannelHandlerContext.java:209) [netty-all-4.1.67.Final.jar:4.1.67.Final]
	at io.netty.channel.ChannelInboundHandlerAdapter.channelActive(ChannelInboundHandlerAdapter.java:69) [netty-all-4.1.67.Final.jar:4.1.67.Final]
	at io.netty.handler.timeout.IdleStateHandler.channelActive(IdleStateHandler.java:271) [netty-all-4.1.67.Final.jar:4.1.67.Final]
	at io.netty.channel.AbstractChannelHandlerContext.invokeChannelActive(AbstractChannelHandlerContext.java:230) [netty-all-4.1.67.Final.jar:4.1.67.Final]
	at io.netty.channel.AbstractChannelHandlerContext.invokeChannelActive(AbstractChannelHandlerContext.java:216) [netty-all-4.1.67.Final.jar:4.1.67.Final]
	at io.netty.channel.AbstractChannelHandlerContext.fireChannelActive(AbstractChannelHandlerContext.java:209) [netty-all-4.1.67.Final.jar:4.1.67.Final]
	at io.netty.channel.DefaultChannelPipeline$HeadContext.channelActive(DefaultChannelPipeline.java:1398) [netty-all-4.1.67.Final.jar:4.1.67.Final]
	at io.netty.channel.AbstractChannelHandlerContext.invokeChannelActive(AbstractChannelHandlerContext.java:230) [netty-all-4.1.67.Final.jar:4.1.67.Final]
	at io.netty.channel.AbstractChannelHandlerContext.invokeChannelActive(AbstractChannelHandlerContext.java:216) [netty-all-4.1.67.Final.jar:4.1.67.Final]
	at io.netty.channel.DefaultChannelPipeline.fireChannelActive(DefaultChannelPipeline.java:895) [netty-all-4.1.67.Final.jar:4.1.67.Final]
	at io.netty.channel.nio.AbstractNioChannel$AbstractNioUnsafe.fulfillConnectPromise(AbstractNioChannel.java:305) [netty-all-4.1.67.Final.jar:4.1.67.Final]
	at io.netty.channel.nio.AbstractNioChannel$AbstractNioUnsafe.finishConnect(AbstractNioChannel.java:335) [netty-all-4.1.67.Final.jar:4.1.67.Final]
	at io.netty.channel.nio.NioEventLoop.processSelectedKey(NioEventLoop.java:707) [netty-all-4.1.67.Final.jar:4.1.67.Final]
	at io.netty.channel.nio.NioEventLoop.processSelectedKeysOptimized(NioEventLoop.java:655) [netty-all-4.1.67.Final.jar:4.1.67.Final]
	at io.netty.channel.nio.NioEventLoop.processSelectedKeys(NioEventLoop.java:581) [netty-all-4.1.67.Final.jar:4.1.67.Final]
	at io.netty.channel.nio.NioEventLoop.run(NioEventLoop.java:493) [netty-all-4.1.67.Final.jar:4.1.67.Final]
	at io.netty.util.concurrent.SingleThreadEventExecutor$4.run(SingleThreadEventExecutor.java:986) [netty-all-4.1.67.Final.jar:4.1.67.Final]
	at io.netty.util.internal.ThreadExecutorMap$2.run(ThreadExecutorMap.java:74) [netty-all-4.1.67.Final.jar:4.1.67.Final]
	at io.netty.util.concurrent.FastThreadLocalRunnable.run(FastThreadLocalRunnable.java:30) [netty-all-4.1.67.Final.jar:4.1.67.Final]
	at java.lang.Thread.run(Thread.java:748) [?:1.8.0_171]

[2021-09-23 11:31:10] WARN  io.netty.channel.DefaultChannelPipeline 1152 onUnhandledInboundException - An exceptionCaught() event was fired, and it reached at the tail of the pipeline. It usually means the last handler in the pipeline did not handle the exception. java.lang.NullPointerException: null
	at com.dzyls.chat.handler.server.ServerEventTrigger.channelInactive(ServerEventTrigger.java:43) ~[classes/:?]
	at io.netty.channel.AbstractChannelHandlerContext.invokeChannelInactive(AbstractChannelHandlerContext.java:262) [netty-all-4.1.67.Final.jar:4.1.67.Final]
	at io.netty.channel.AbstractChannelHandlerContext.invokeChannelInactive(AbstractChannelHandlerContext.java:248) [netty-all-4.1.67.Final.jar:4.1.67.Final]
	at io.netty.channel.AbstractChannelHandlerContext.fireChannelInactive(AbstractChannelHandlerContext.java:241) [netty-all-4.1.67.Final.jar:4.1.67.Final]
	at io.netty.handler.codec.ByteToMessageDecoder.channelInputClosed(ByteToMessageDecoder.java:389) [netty-all-4.1.67.Final.jar:4.1.67.Final]
	at io.netty.handler.codec.ByteToMessageDecoder.channelInactive(ByteToMessageDecoder.java:354) [netty-all-4.1.67.Final.jar:4.1.67.Final]
	at io.netty.handler.codec.ByteToMessageCodec.channelInactive(ByteToMessageCodec.java:118) [netty-all-4.1.67.Final.jar:4.1.67.Final]
	at io.netty.channel.AbstractChannelHandlerContext.invokeChannelInactive(AbstractChannelHandlerContext.java:262) [netty-all-4.1.67.Final.jar:4.1.67.Final]
	at io.netty.channel.AbstractChannelHandlerContext.invokeChannelInactive(AbstractChannelHandlerContext.java:248) [netty-all-4.1.67.Final.jar:4.1.67.Final]
	at io.netty.channel.AbstractChannelHandlerContext.fireChannelInactive(AbstractChannelHandlerContext.java:241) [netty-all-4.1.67.Final.jar:4.1.67.Final]
	at io.netty.handler.codec.ByteToMessageDecoder.channelInputClosed(ByteToMessageDecoder.java:389) [netty-all-4.1.67.Final.jar:4.1.67.Final]
	at io.netty.handler.codec.ByteToMessageDecoder.channelInactive(ByteToMessageDecoder.java:354) [netty-all-4.1.67.Final.jar:4.1.67.Final]
	at io.netty.handler.codec.ByteToMessageCodec.channelInactive(ByteToMessageCodec.java:118) [netty-all-4.1.67.Final.jar:4.1.67.Final]
	at io.netty.channel.AbstractChannelHandlerContext.invokeChannelInactive(AbstractChannelHandlerContext.java:262) [netty-all-4.1.67.Final.jar:4.1.67.Final]
	at io.netty.channel.AbstractChannelHandlerContext.invokeChannelInactive(AbstractChannelHandlerContext.java:248) [netty-all-4.1.67.Final.jar:4.1.67.Final]
	at io.netty.channel.AbstractChannelHandlerContext.fireChannelInactive(AbstractChannelHandlerContext.java:241) [netty-all-4.1.67.Final.jar:4.1.67.Final]
	at io.netty.handler.codec.ByteToMessageDecoder.channelInputClosed(ByteToMessageDecoder.java:389) [netty-all-4.1.67.Final.jar:4.1.67.Final]
	at io.netty.handler.codec.ByteToMessageDecoder.channelInactive(ByteToMessageDecoder.java:354) [netty-all-4.1.67.Final.jar:4.1.67.Final]
	at io.netty.channel.AbstractChannelHandlerContext.invokeChannelInactive(AbstractChannelHandlerContext.java:262) [netty-all-4.1.67.Final.jar:4.1.67.Final]
	at io.netty.channel.AbstractChannelHandlerContext.invokeChannelInactive(AbstractChannelHandlerContext.java:248) [netty-all-4.1.67.Final.jar:4.1.67.Final]
	at io.netty.channel.AbstractChannelHandlerContext.fireChannelInactive(AbstractChannelHandlerContext.java:241) [netty-all-4.1.67.Final.jar:4.1.67.Final]
	at io.netty.channel.DefaultChannelPipeline$HeadContext.channelInactive(DefaultChannelPipeline.java:1405) [netty-all-4.1.67.Final.jar:4.1.67.Final]
	at io.netty.channel.AbstractChannelHandlerContext.invokeChannelInactive(AbstractChannelHandlerContext.java:262) [netty-all-4.1.67.Final.jar:4.1.67.Final]
	at io.netty.channel.AbstractChannelHandlerContext.invokeChannelInactive(AbstractChannelHandlerContext.java:248) [netty-all-4.1.67.Final.jar:4.1.67.Final]
	at io.netty.channel.DefaultChannelPipeline.fireChannelInactive(DefaultChannelPipeline.java:901) [netty-all-4.1.67.Final.jar:4.1.67.Final]
	at io.netty.channel.AbstractChannel$AbstractUnsafe$8.run(AbstractChannel.java:831) [netty-all-4.1.67.Final.jar:4.1.67.Final]
	at io.netty.util.concurrent.AbstractEventExecutor.safeExecute$$$capture(AbstractEventExecutor.java:164) [netty-all-4.1.67.Final.jar:4.1.67.Final]
	at io.netty.util.concurrent.AbstractEventExecutor.safeExecute(AbstractEventExecutor.java) [netty-all-4.1.67.Final.jar:4.1.67.Final]
	at io.netty.util.concurrent.SingleThreadEventExecutor.runAllTasks(SingleThreadEventExecutor.java:469) [netty-all-4.1.67.Final.jar:4.1.67.Final]
	at io.netty.channel.nio.NioEventLoop.run(NioEventLoop.java:497) [netty-all-4.1.67.Final.jar:4.1.67.Final]
	at io.netty.util.concurrent.SingleThreadEventExecutor$4.run(SingleThreadEventExecutor.java:986) [netty-all-4.1.67.Final.jar:4.1.67.Final]
	at io.netty.util.internal.ThreadExecutorMap$2.run(ThreadExecutorMap.java:74) [netty-all-4.1.67.Final.jar:4.1.67.Final]
	at io.netty.util.concurrent.FastThreadLocalRunnable.run(FastThreadLocalRunnable.java:30) [netty-all-4.1.67.Final.jar:4.1.67.Final]
	at java.lang.Thread.run(Thread.java:748) [?:1.8.0_171]

[2021-09-23 11:31:10] WARN  io.netty.channel.DefaultChannelPipeline 1152 onUnhandledInboundException - An exceptionCaught() event was fired, and it reached at the tail of the pipeline. It usually means the last handler in the pipeline did not handle the exception. java.lang.NullPointerException: null
	at com.dzyls.chat.handler.client.ClientEventTrigger.channelInactive(ClientEventTrigger.java:42) ~[classes/:?]
	at io.netty.channel.AbstractChannelHandlerContext.invokeChannelInactive(AbstractChannelHandlerContext.java:262) [netty-all-4.1.67.Final.jar:4.1.67.Final]
	at io.netty.channel.AbstractChannelHandlerContext.invokeChannelInactive(AbstractChannelHandlerContext.java:248) [netty-all-4.1.67.Final.jar:4.1.67.Final]
	at io.netty.channel.AbstractChannelHandlerContext.fireChannelInactive(AbstractChannelHandlerContext.java:241) [netty-all-4.1.67.Final.jar:4.1.67.Final]
	at io.netty.handler.codec.ByteToMessageDecoder.channelInputClosed(ByteToMessageDecoder.java:389) [netty-all-4.1.67.Final.jar:4.1.67.Final]
	at io.netty.handler.codec.ByteToMessageDecoder.channelInactive(ByteToMessageDecoder.java:354) [netty-all-4.1.67.Final.jar:4.1.67.Final]
	at io.netty.handler.codec.ByteToMessageCodec.channelInactive(ByteToMessageCodec.java:118) [netty-all-4.1.67.Final.jar:4.1.67.Final]
	at io.netty.channel.AbstractChannelHandlerContext.invokeChannelInactive(AbstractChannelHandlerContext.java:262) [netty-all-4.1.67.Final.jar:4.1.67.Final]
	at io.netty.channel.AbstractChannelHandlerContext.invokeChannelInactive(AbstractChannelHandlerContext.java:248) [netty-all-4.1.67.Final.jar:4.1.67.Final]
	at io.netty.channel.AbstractChannelHandlerContext.fireChannelInactive(AbstractChannelHandlerContext.java:241) [netty-all-4.1.67.Final.jar:4.1.67.Final]
	at io.netty.handler.codec.ByteToMessageDecoder.channelInputClosed(ByteToMessageDecoder.java:389) [netty-all-4.1.67.Final.jar:4.1.67.Final]
	at io.netty.handler.codec.ByteToMessageDecoder.channelInactive(ByteToMessageDecoder.java:354) [netty-all-4.1.67.Final.jar:4.1.67.Final]
	at io.netty.channel.AbstractChannelHandlerContext.invokeChannelInactive(AbstractChannelHandlerContext.java:262) [netty-all-4.1.67.Final.jar:4.1.67.Final]
	at io.netty.channel.AbstractChannelHandlerContext.invokeChannelInactive(AbstractChannelHandlerContext.java:248) [netty-all-4.1.67.Final.jar:4.1.67.Final]
	at io.netty.channel.AbstractChannelHandlerContext.fireChannelInactive(AbstractChannelHandlerContext.java:241) [netty-all-4.1.67.Final.jar:4.1.67.Final]
	at io.netty.channel.ChannelInboundHandlerAdapter.channelInactive(ChannelInboundHandlerAdapter.java:81) [netty-all-4.1.67.Final.jar:4.1.67.Final]
	at io.netty.handler.timeout.IdleStateHandler.channelInactive(IdleStateHandler.java:277) [netty-all-4.1.67.Final.jar:4.1.67.Final]
	at io.netty.channel.AbstractChannelHandlerContext.invokeChannelInactive(AbstractChannelHandlerContext.java:262) [netty-all-4.1.67.Final.jar:4.1.67.Final]
	at io.netty.channel.AbstractChannelHandlerContext.invokeChannelInactive(AbstractChannelHandlerContext.java:248) [netty-all-4.1.67.Final.jar:4.1.67.Final]
	at io.netty.channel.AbstractChannelHandlerContext.fireChannelInactive(AbstractChannelHandlerContext.java:241) [netty-all-4.1.67.Final.jar:4.1.67.Final]
	at io.netty.handler.codec.ByteToMessageDecoder.channelInputClosed(ByteToMessageDecoder.java:389) [netty-all-4.1.67.Final.jar:4.1.67.Final]
	at io.netty.handler.codec.ByteToMessageDecoder.channelInactive(ByteToMessageDecoder.java:354) [netty-all-4.1.67.Final.jar:4.1.67.Final]
	at io.netty.channel.AbstractChannelHandlerContext.invokeChannelInactive(AbstractChannelHandlerContext.java:262) [netty-all-4.1.67.Final.jar:4.1.67.Final]
	at io.netty.channel.AbstractChannelHandlerContext.invokeChannelInactive(AbstractChannelHandlerContext.java:248) [netty-all-4.1.67.Final.jar:4.1.67.Final]
	at io.netty.channel.AbstractChannelHandlerContext.fireChannelInactive(AbstractChannelHandlerContext.java:241) [netty-all-4.1.67.Final.jar:4.1.67.Final]
	at io.netty.channel.DefaultChannelPipeline$HeadContext.channelInactive(DefaultChannelPipeline.java:1405) [netty-all-4.1.67.Final.jar:4.1.67.Final]
	at io.netty.channel.AbstractChannelHandlerContext.invokeChannelInactive(AbstractChannelHandlerContext.java:262) [netty-all-4.1.67.Final.jar:4.1.67.Final]
	at io.netty.channel.AbstractChannelHandlerContext.invokeChannelInactive(AbstractChannelHandlerContext.java:248) [netty-all-4.1.67.Final.jar:4.1.67.Final]
	at io.netty.channel.DefaultChannelPipeline.fireChannelInactive(DefaultChannelPipeline.java:901) [netty-all-4.1.67.Final.jar:4.1.67.Final]
	at io.netty.channel.AbstractChannel$AbstractUnsafe$8.run(AbstractChannel.java:831) [netty-all-4.1.67.Final.jar:4.1.67.Final]
	at io.netty.util.concurrent.AbstractEventExecutor.safeExecute$$$capture(AbstractEventExecutor.java:164) [netty-all-4.1.67.Final.jar:4.1.67.Final]
	at io.netty.util.concurrent.AbstractEventExecutor.safeExecute(AbstractEventExecutor.java) [netty-all-4.1.67.Final.jar:4.1.67.Final]
	at io.netty.util.concurrent.SingleThreadEventExecutor.runAllTasksFrom(SingleThreadEventExecutor.java:425) [netty-all-4.1.67.Final.jar:4.1.67.Final]
	at io.netty.util.concurrent.SingleThreadEventExecutor.runAllTasks(SingleThreadEventExecutor.java:374) [netty-all-4.1.67.Final.jar:4.1.67.Final]
	at io.netty.util.concurrent.SingleThreadEventExecutor.confirmShutdown(SingleThreadEventExecutor.java:760) [netty-all-4.1.67.Final.jar:4.1.67.Final]
	at io.netty.channel.nio.NioEventLoop.run(NioEventLoop.java:527) [netty-all-4.1.67.Final.jar:4.1.67.Final]
	at io.netty.util.concurrent.SingleThreadEventExecutor$4.run(SingleThreadEventExecutor.java:986) [netty-all-4.1.67.Final.jar:4.1.67.Final]
	at io.netty.util.internal.ThreadExecutorMap$2.run(ThreadExecutorMap.java:74) [netty-all-4.1.67.Final.jar:4.1.67.Final]
	at io.netty.util.concurrent.FastThreadLocalRunnable.run(FastThreadLocalRunnable.java:30) [netty-all-4.1.67.Final.jar:4.1.67.Final]
	at java.lang.Thread.run(Thread.java:748) [?:1.8.0_171]

[2021-09-23 11:31:22] WARN  io.netty.channel.DefaultChannelPipeline 1152 onUnhandledInboundException - An exceptionCaught() event was fired, and it reached at the tail of the pipeline. It usually means the last handler in the pipeline did not handle the exception. java.lang.NullPointerException: null
	at com.dzyls.chat.handler.server.ServerEventTrigger.channelActive(ServerEventTrigger.java:36) ~[classes/:?]
	at io.netty.channel.AbstractChannelHandlerContext.invokeChannelActive(AbstractChannelHandlerContext.java:230) [netty-all-4.1.67.Final.jar:4.1.67.Final]
	at io.netty.channel.AbstractChannelHandlerContext.invokeChannelActive(AbstractChannelHandlerContext.java:216) [netty-all-4.1.67.Final.jar:4.1.67.Final]
	at io.netty.channel.AbstractChannelHandlerContext.fireChannelActive(AbstractChannelHandlerContext.java:209) [netty-all-4.1.67.Final.jar:4.1.67.Final]
	at io.netty.channel.DefaultChannelPipeline$HeadContext.channelActive(DefaultChannelPipeline.java:1398) [netty-all-4.1.67.Final.jar:4.1.67.Final]
	at io.netty.channel.AbstractChannelHandlerContext.invokeChannelActive(AbstractChannelHandlerContext.java:230) [netty-all-4.1.67.Final.jar:4.1.67.Final]
	at io.netty.channel.AbstractChannelHandlerContext.invokeChannelActive(AbstractChannelHandlerContext.java:216) [netty-all-4.1.67.Final.jar:4.1.67.Final]
	at io.netty.channel.DefaultChannelPipeline.fireChannelActive(DefaultChannelPipeline.java:895) [netty-all-4.1.67.Final.jar:4.1.67.Final]
	at io.netty.channel.AbstractChannel$AbstractUnsafe.register0(AbstractChannel.java:522) [netty-all-4.1.67.Final.jar:4.1.67.Final]
	at io.netty.channel.AbstractChannel$AbstractUnsafe.access$200(AbstractChannel.java:429) [netty-all-4.1.67.Final.jar:4.1.67.Final]
	at io.netty.channel.AbstractChannel$AbstractUnsafe$1.run(AbstractChannel.java:486) [netty-all-4.1.67.Final.jar:4.1.67.Final]
	at io.netty.util.concurrent.AbstractEventExecutor.safeExecute$$$capture(AbstractEventExecutor.java:164) [netty-all-4.1.67.Final.jar:4.1.67.Final]
	at io.netty.util.concurrent.AbstractEventExecutor.safeExecute(AbstractEventExecutor.java) [netty-all-4.1.67.Final.jar:4.1.67.Final]
	at io.netty.util.concurrent.SingleThreadEventExecutor.runAllTasks(SingleThreadEventExecutor.java:469) [netty-all-4.1.67.Final.jar:4.1.67.Final]
	at io.netty.channel.nio.NioEventLoop.run(NioEventLoop.java:500) [netty-all-4.1.67.Final.jar:4.1.67.Final]
	at io.netty.util.concurrent.SingleThreadEventExecutor$4.run(SingleThreadEventExecutor.java:986) [netty-all-4.1.67.Final.jar:4.1.67.Final]
	at io.netty.util.internal.ThreadExecutorMap$2.run(ThreadExecutorMap.java:74) [netty-all-4.1.67.Final.jar:4.1.67.Final]
	at io.netty.util.concurrent.FastThreadLocalRunnable.run(FastThreadLocalRunnable.java:30) [netty-all-4.1.67.Final.jar:4.1.67.Final]
	at java.lang.Thread.run(Thread.java:748) [?:1.8.0_171]

[2021-09-23 11:32:06] WARN  io.netty.channel.DefaultChannelPipeline 1152 onUnhandledInboundException - An exceptionCaught() event was fired, and it reached at the tail of the pipeline. It usually means the last handler in the pipeline did not handle the exception. java.lang.NullPointerException: null
	at com.dzyls.chat.handler.client.ClientEventTrigger.channelActive(ClientEventTrigger.java:33) ~[classes/:?]
	at io.netty.channel.AbstractChannelHandlerContext.invokeChannelActive(AbstractChannelHandlerContext.java:230) [netty-all-4.1.67.Final.jar:4.1.67.Final]
	at io.netty.channel.AbstractChannelHandlerContext.invokeChannelActive(AbstractChannelHandlerContext.java:216) [netty-all-4.1.67.Final.jar:4.1.67.Final]
	at io.netty.channel.AbstractChannelHandlerContext.fireChannelActive(AbstractChannelHandlerContext.java:209) [netty-all-4.1.67.Final.jar:4.1.67.Final]
	at io.netty.channel.ChannelInboundHandlerAdapter.channelActive(ChannelInboundHandlerAdapter.java:69) [netty-all-4.1.67.Final.jar:4.1.67.Final]
	at io.netty.handler.timeout.IdleStateHandler.channelActive(IdleStateHandler.java:271) [netty-all-4.1.67.Final.jar:4.1.67.Final]
	at io.netty.channel.AbstractChannelHandlerContext.invokeChannelActive(AbstractChannelHandlerContext.java:230) [netty-all-4.1.67.Final.jar:4.1.67.Final]
	at io.netty.channel.AbstractChannelHandlerContext.invokeChannelActive(AbstractChannelHandlerContext.java:216) [netty-all-4.1.67.Final.jar:4.1.67.Final]
	at io.netty.channel.AbstractChannelHandlerContext.fireChannelActive(AbstractChannelHandlerContext.java:209) [netty-all-4.1.67.Final.jar:4.1.67.Final]
	at io.netty.channel.DefaultChannelPipeline$HeadContext.channelActive(DefaultChannelPipeline.java:1398) [netty-all-4.1.67.Final.jar:4.1.67.Final]
	at io.netty.channel.AbstractChannelHandlerContext.invokeChannelActive(AbstractChannelHandlerContext.java:230) [netty-all-4.1.67.Final.jar:4.1.67.Final]
	at io.netty.channel.AbstractChannelHandlerContext.invokeChannelActive(AbstractChannelHandlerContext.java:216) [netty-all-4.1.67.Final.jar:4.1.67.Final]
	at io.netty.channel.DefaultChannelPipeline.fireChannelActive(DefaultChannelPipeline.java:895) [netty-all-4.1.67.Final.jar:4.1.67.Final]
	at io.netty.channel.nio.AbstractNioChannel$AbstractNioUnsafe.fulfillConnectPromise(AbstractNioChannel.java:305) [netty-all-4.1.67.Final.jar:4.1.67.Final]
	at io.netty.channel.nio.AbstractNioChannel$AbstractNioUnsafe.finishConnect(AbstractNioChannel.java:335) [netty-all-4.1.67.Final.jar:4.1.67.Final]
	at io.netty.channel.nio.NioEventLoop.processSelectedKey(NioEventLoop.java:707) [netty-all-4.1.67.Final.jar:4.1.67.Final]
	at io.netty.channel.nio.NioEventLoop.processSelectedKeysOptimized(NioEventLoop.java:655) [netty-all-4.1.67.Final.jar:4.1.67.Final]
	at io.netty.channel.nio.NioEventLoop.processSelectedKeys(NioEventLoop.java:581) [netty-all-4.1.67.Final.jar:4.1.67.Final]
	at io.netty.channel.nio.NioEventLoop.run(NioEventLoop.java:493) [netty-all-4.1.67.Final.jar:4.1.67.Final]
	at io.netty.util.concurrent.SingleThreadEventExecutor$4.run(SingleThreadEventExecutor.java:986) [netty-all-4.1.67.Final.jar:4.1.67.Final]
	at io.netty.util.internal.ThreadExecutorMap$2.run(ThreadExecutorMap.java:74) [netty-all-4.1.67.Final.jar:4.1.67.Final]
	at io.netty.util.concurrent.FastThreadLocalRunnable.run(FastThreadLocalRunnable.java:30) [netty-all-4.1.67.Final.jar:4.1.67.Final]
	at java.lang.Thread.run(Thread.java:748) [?:1.8.0_171]

[2021-09-23 11:32:06] WARN  io.netty.channel.DefaultChannelPipeline 1152 onUnhandledInboundException - An exceptionCaught() event was fired, and it reached at the tail of the pipeline. It usually means the last handler in the pipeline did not handle the exception. java.io.IOException: 
	at sun.nio.ch.SocketDispatcher.read0(Native Method) ~[?:1.8.0_171]
	at sun.nio.ch.SocketDispatcher.read(SocketDispatcher.java:43) ~[?:1.8.0_171]
	at sun.nio.ch.IOUtil.readIntoNativeBuffer(IOUtil.java:223) ~[?:1.8.0_171]
	at sun.nio.ch.IOUtil.read(IOUtil.java:192) ~[?:1.8.0_171]
	at sun.nio.ch.SocketChannelImpl.read(SocketChannelImpl.java:380) ~[?:1.8.0_171]
	at io.netty.buffer.PooledByteBuf.setBytes(PooledByteBuf.java:253) ~[netty-all-4.1.67.Final.jar:4.1.67.Final]
	at io.netty.buffer.AbstractByteBuf.writeBytes(AbstractByteBuf.java:1132) ~[netty-all-4.1.67.Final.jar:4.1.67.Final]
	at io.netty.channel.socket.nio.NioSocketChannel.doReadBytes(NioSocketChannel.java:350) ~[netty-all-4.1.67.Final.jar:4.1.67.Final]
	at io.netty.channel.nio.AbstractNioByteChannel$NioByteUnsafe.read(AbstractNioByteChannel.java:151) [netty-all-4.1.67.Final.jar:4.1.67.Final]
	at io.netty.channel.nio.NioEventLoop.processSelectedKey(NioEventLoop.java:719) [netty-all-4.1.67.Final.jar:4.1.67.Final]
	at io.netty.channel.nio.NioEventLoop.processSelectedKeysOptimized(NioEventLoop.java:655) [netty-all-4.1.67.Final.jar:4.1.67.Final]
	at io.netty.channel.nio.NioEventLoop.processSelectedKeys(NioEventLoop.java:581) [netty-all-4.1.67.Final.jar:4.1.67.Final]
	at io.netty.channel.nio.NioEventLoop.run(NioEventLoop.java:493) [netty-all-4.1.67.Final.jar:4.1.67.Final]
	at io.netty.util.concurrent.SingleThreadEventExecutor$4.run(SingleThreadEventExecutor.java:986) [netty-all-4.1.67.Final.jar:4.1.67.Final]
	at io.netty.util.internal.ThreadExecutorMap$2.run(ThreadExecutorMap.java:74) [netty-all-4.1.67.Final.jar:4.1.67.Final]
	at io.netty.util.concurrent.FastThreadLocalRunnable.run(FastThreadLocalRunnable.java:30) [netty-all-4.1.67.Final.jar:4.1.67.Final]
	at java.lang.Thread.run(Thread.java:748) [?:1.8.0_171]

[2021-09-23 11:32:06] WARN  io.netty.channel.DefaultChannelPipeline 1152 onUnhandledInboundException - An exceptionCaught() event was fired, and it reached at the tail of the pipeline. It usually means the last handler in the pipeline did not handle the exception. java.lang.NullPointerException: null
	at com.dzyls.chat.handler.server.ServerEventTrigger.channelInactive(ServerEventTrigger.java:43) ~[classes/:?]
	at io.netty.channel.AbstractChannelHandlerContext.invokeChannelInactive(AbstractChannelHandlerContext.java:262) [netty-all-4.1.67.Final.jar:4.1.67.Final]
	at io.netty.channel.AbstractChannelHandlerContext.invokeChannelInactive(AbstractChannelHandlerContext.java:248) [netty-all-4.1.67.Final.jar:4.1.67.Final]
	at io.netty.channel.AbstractChannelHandlerContext.fireChannelInactive(AbstractChannelHandlerContext.java:241) [netty-all-4.1.67.Final.jar:4.1.67.Final]
	at io.netty.handler.codec.ByteToMessageDecoder.channelInputClosed(ByteToMessageDecoder.java:389) [netty-all-4.1.67.Final.jar:4.1.67.Final]
	at io.netty.handler.codec.ByteToMessageDecoder.channelInactive(ByteToMessageDecoder.java:354) [netty-all-4.1.67.Final.jar:4.1.67.Final]
	at io.netty.handler.codec.ByteToMessageCodec.channelInactive(ByteToMessageCodec.java:118) [netty-all-4.1.67.Final.jar:4.1.67.Final]
	at io.netty.channel.AbstractChannelHandlerContext.invokeChannelInactive(AbstractChannelHandlerContext.java:262) [netty-all-4.1.67.Final.jar:4.1.67.Final]
	at io.netty.channel.AbstractChannelHandlerContext.invokeChannelInactive(AbstractChannelHandlerContext.java:248) [netty-all-4.1.67.Final.jar:4.1.67.Final]
	at io.netty.channel.AbstractChannelHandlerContext.fireChannelInactive(AbstractChannelHandlerContext.java:241) [netty-all-4.1.67.Final.jar:4.1.67.Final]
	at io.netty.handler.codec.ByteToMessageDecoder.channelInputClosed(ByteToMessageDecoder.java:389) [netty-all-4.1.67.Final.jar:4.1.67.Final]
	at io.netty.handler.codec.ByteToMessageDecoder.channelInactive(ByteToMessageDecoder.java:354) [netty-all-4.1.67.Final.jar:4.1.67.Final]
	at io.netty.handler.codec.ByteToMessageCodec.channelInactive(ByteToMessageCodec.java:118) [netty-all-4.1.67.Final.jar:4.1.67.Final]
	at io.netty.channel.AbstractChannelHandlerContext.invokeChannelInactive(AbstractChannelHandlerContext.java:262) [netty-all-4.1.67.Final.jar:4.1.67.Final]
	at io.netty.channel.AbstractChannelHandlerContext.invokeChannelInactive(AbstractChannelHandlerContext.java:248) [netty-all-4.1.67.Final.jar:4.1.67.Final]
	at io.netty.channel.AbstractChannelHandlerContext.fireChannelInactive(AbstractChannelHandlerContext.java:241) [netty-all-4.1.67.Final.jar:4.1.67.Final]
	at io.netty.handler.codec.ByteToMessageDecoder.channelInputClosed(ByteToMessageDecoder.java:389) [netty-all-4.1.67.Final.jar:4.1.67.Final]
	at io.netty.handler.codec.ByteToMessageDecoder.channelInactive(ByteToMessageDecoder.java:354) [netty-all-4.1.67.Final.jar:4.1.67.Final]
	at io.netty.channel.AbstractChannelHandlerContext.invokeChannelInactive(AbstractChannelHandlerContext.java:262) [netty-all-4.1.67.Final.jar:4.1.67.Final]
	at io.netty.channel.AbstractChannelHandlerContext.invokeChannelInactive(AbstractChannelHandlerContext.java:248) [netty-all-4.1.67.Final.jar:4.1.67.Final]
	at io.netty.channel.AbstractChannelHandlerContext.fireChannelInactive(AbstractChannelHandlerContext.java:241) [netty-all-4.1.67.Final.jar:4.1.67.Final]
	at io.netty.channel.DefaultChannelPipeline$HeadContext.channelInactive(DefaultChannelPipeline.java:1405) [netty-all-4.1.67.Final.jar:4.1.67.Final]
	at io.netty.channel.AbstractChannelHandlerContext.invokeChannelInactive(AbstractChannelHandlerContext.java:262) [netty-all-4.1.67.Final.jar:4.1.67.Final]
	at io.netty.channel.AbstractChannelHandlerContext.invokeChannelInactive(AbstractChannelHandlerContext.java:248) [netty-all-4.1.67.Final.jar:4.1.67.Final]
	at io.netty.channel.DefaultChannelPipeline.fireChannelInactive(DefaultChannelPipeline.java:901) [netty-all-4.1.67.Final.jar:4.1.67.Final]
	at io.netty.channel.AbstractChannel$AbstractUnsafe$8.run(AbstractChannel.java:831) [netty-all-4.1.67.Final.jar:4.1.67.Final]
	at io.netty.util.concurrent.AbstractEventExecutor.safeExecute$$$capture(AbstractEventExecutor.java:164) [netty-all-4.1.67.Final.jar:4.1.67.Final]
	at io.netty.util.concurrent.AbstractEventExecutor.safeExecute(AbstractEventExecutor.java) [netty-all-4.1.67.Final.jar:4.1.67.Final]
	at io.netty.util.concurrent.SingleThreadEventExecutor.runAllTasks(SingleThreadEventExecutor.java:469) [netty-all-4.1.67.Final.jar:4.1.67.Final]
	at io.netty.channel.nio.NioEventLoop.run(NioEventLoop.java:497) [netty-all-4.1.67.Final.jar:4.1.67.Final]
	at io.netty.util.concurrent.SingleThreadEventExecutor$4.run(SingleThreadEventExecutor.java:986) [netty-all-4.1.67.Final.jar:4.1.67.Final]
	at io.netty.util.internal.ThreadExecutorMap$2.run(ThreadExecutorMap.java:74) [netty-all-4.1.67.Final.jar:4.1.67.Final]
	at io.netty.util.concurrent.FastThreadLocalRunnable.run(FastThreadLocalRunnable.java:30) [netty-all-4.1.67.Final.jar:4.1.67.Final]
	at java.lang.Thread.run(Thread.java:748) [?:1.8.0_171]

[2021-09-23 11:33:21] WARN  io.netty.channel.DefaultChannelPipeline 1152 onUnhandledInboundException - An exceptionCaught() event was fired, and it reached at the tail of the pipeline. It usually means the last handler in the pipeline did not handle the exception. java.lang.NullPointerException: null
	at com.dzyls.chat.handler.server.ServerEventTrigger.channelActive(ServerEventTrigger.java:36) ~[classes/:?]
	at io.netty.channel.AbstractChannelHandlerContext.invokeChannelActive(AbstractChannelHandlerContext.java:230) [netty-all-4.1.67.Final.jar:4.1.67.Final]
	at io.netty.channel.AbstractChannelHandlerContext.invokeChannelActive(AbstractChannelHandlerContext.java:216) [netty-all-4.1.67.Final.jar:4.1.67.Final]
	at io.netty.channel.AbstractChannelHandlerContext.fireChannelActive(AbstractChannelHandlerContext.java:209) [netty-all-4.1.67.Final.jar:4.1.67.Final]
	at io.netty.channel.DefaultChannelPipeline$HeadContext.channelActive(DefaultChannelPipeline.java:1398) [netty-all-4.1.67.Final.jar:4.1.67.Final]
	at io.netty.channel.AbstractChannelHandlerContext.invokeChannelActive(AbstractChannelHandlerContext.java:230) [netty-all-4.1.67.Final.jar:4.1.67.Final]
	at io.netty.channel.AbstractChannelHandlerContext.invokeChannelActive(AbstractChannelHandlerContext.java:216) [netty-all-4.1.67.Final.jar:4.1.67.Final]
	at io.netty.channel.DefaultChannelPipeline.fireChannelActive(DefaultChannelPipeline.java:895) [netty-all-4.1.67.Final.jar:4.1.67.Final]
	at io.netty.channel.AbstractChannel$AbstractUnsafe.register0(AbstractChannel.java:522) [netty-all-4.1.67.Final.jar:4.1.67.Final]
	at io.netty.channel.AbstractChannel$AbstractUnsafe.access$200(AbstractChannel.java:429) [netty-all-4.1.67.Final.jar:4.1.67.Final]
	at io.netty.channel.AbstractChannel$AbstractUnsafe$1.run(AbstractChannel.java:486) [netty-all-4.1.67.Final.jar:4.1.67.Final]
	at io.netty.util.concurrent.AbstractEventExecutor.safeExecute$$$capture(AbstractEventExecutor.java:164) [netty-all-4.1.67.Final.jar:4.1.67.Final]
	at io.netty.util.concurrent.AbstractEventExecutor.safeExecute(AbstractEventExecutor.java) [netty-all-4.1.67.Final.jar:4.1.67.Final]
	at io.netty.util.concurrent.SingleThreadEventExecutor.runAllTasks(SingleThreadEventExecutor.java:469) [netty-all-4.1.67.Final.jar:4.1.67.Final]
	at io.netty.channel.nio.NioEventLoop.run(NioEventLoop.java:500) [netty-all-4.1.67.Final.jar:4.1.67.Final]
	at io.netty.util.concurrent.SingleThreadEventExecutor$4.run(SingleThreadEventExecutor.java:986) [netty-all-4.1.67.Final.jar:4.1.67.Final]
	at io.netty.util.internal.ThreadExecutorMap$2.run(ThreadExecutorMap.java:74) [netty-all-4.1.67.Final.jar:4.1.67.Final]
	at io.netty.util.concurrent.FastThreadLocalRunnable.run(FastThreadLocalRunnable.java:30) [netty-all-4.1.67.Final.jar:4.1.67.Final]
	at java.lang.Thread.run(Thread.java:748) [?:1.8.0_171]

[2021-09-23 11:33:21] WARN  io.netty.channel.DefaultChannelPipeline 1152 onUnhandledInboundException - An exceptionCaught() event was fired, and it reached at the tail of the pipeline. It usually means the last handler in the pipeline did not handle the exception. java.lang.NullPointerException: null
	at com.dzyls.chat.handler.client.ClientEventTrigger.channelActive(ClientEventTrigger.java:33) ~[classes/:?]
	at io.netty.channel.AbstractChannelHandlerContext.invokeChannelActive(AbstractChannelHandlerContext.java:230) [netty-all-4.1.67.Final.jar:4.1.67.Final]
	at io.netty.channel.AbstractChannelHandlerContext.invokeChannelActive(AbstractChannelHandlerContext.java:216) [netty-all-4.1.67.Final.jar:4.1.67.Final]
	at io.netty.channel.AbstractChannelHandlerContext.fireChannelActive(AbstractChannelHandlerContext.java:209) [netty-all-4.1.67.Final.jar:4.1.67.Final]
	at io.netty.channel.ChannelInboundHandlerAdapter.channelActive(ChannelInboundHandlerAdapter.java:69) [netty-all-4.1.67.Final.jar:4.1.67.Final]
	at io.netty.handler.timeout.IdleStateHandler.channelActive(IdleStateHandler.java:271) [netty-all-4.1.67.Final.jar:4.1.67.Final]
	at io.netty.channel.AbstractChannelHandlerContext.invokeChannelActive(AbstractChannelHandlerContext.java:230) [netty-all-4.1.67.Final.jar:4.1.67.Final]
	at io.netty.channel.AbstractChannelHandlerContext.invokeChannelActive(AbstractChannelHandlerContext.java:216) [netty-all-4.1.67.Final.jar:4.1.67.Final]
	at io.netty.channel.AbstractChannelHandlerContext.fireChannelActive(AbstractChannelHandlerContext.java:209) [netty-all-4.1.67.Final.jar:4.1.67.Final]
	at io.netty.channel.DefaultChannelPipeline$HeadContext.channelActive(DefaultChannelPipeline.java:1398) [netty-all-4.1.67.Final.jar:4.1.67.Final]
	at io.netty.channel.AbstractChannelHandlerContext.invokeChannelActive(AbstractChannelHandlerContext.java:230) [netty-all-4.1.67.Final.jar:4.1.67.Final]
	at io.netty.channel.AbstractChannelHandlerContext.invokeChannelActive(AbstractChannelHandlerContext.java:216) [netty-all-4.1.67.Final.jar:4.1.67.Final]
	at io.netty.channel.DefaultChannelPipeline.fireChannelActive(DefaultChannelPipeline.java:895) [netty-all-4.1.67.Final.jar:4.1.67.Final]
	at io.netty.channel.nio.AbstractNioChannel$AbstractNioUnsafe.fulfillConnectPromise(AbstractNioChannel.java:305) [netty-all-4.1.67.Final.jar:4.1.67.Final]
	at io.netty.channel.nio.AbstractNioChannel$AbstractNioUnsafe.finishConnect(AbstractNioChannel.java:335) [netty-all-4.1.67.Final.jar:4.1.67.Final]
	at io.netty.channel.nio.NioEventLoop.processSelectedKey(NioEventLoop.java:707) [netty-all-4.1.67.Final.jar:4.1.67.Final]
	at io.netty.channel.nio.NioEventLoop.processSelectedKeysOptimized(NioEventLoop.java:655) [netty-all-4.1.67.Final.jar:4.1.67.Final]
	at io.netty.channel.nio.NioEventLoop.processSelectedKeys(NioEventLoop.java:581) [netty-all-4.1.67.Final.jar:4.1.67.Final]
	at io.netty.channel.nio.NioEventLoop.run(NioEventLoop.java:493) [netty-all-4.1.67.Final.jar:4.1.67.Final]
	at io.netty.util.concurrent.SingleThreadEventExecutor$4.run(SingleThreadEventExecutor.java:986) [netty-all-4.1.67.Final.jar:4.1.67.Final]
	at io.netty.util.internal.ThreadExecutorMap$2.run(ThreadExecutorMap.java:74) [netty-all-4.1.67.Final.jar:4.1.67.Final]
	at io.netty.util.concurrent.FastThreadLocalRunnable.run(FastThreadLocalRunnable.java:30) [netty-all-4.1.67.Final.jar:4.1.67.Final]
	at java.lang.Thread.run(Thread.java:748) [?:1.8.0_171]

[2021-09-23 11:33:27] WARN  io.netty.channel.DefaultChannelPipeline 1152 onUnhandledInboundException - An exceptionCaught() event was fired, and it reached at the tail of the pipeline. It usually means the last handler in the pipeline did not handle the exception. java.lang.NullPointerException: null
	at com.dzyls.chat.handler.server.ServerEventTrigger.channelInactive(ServerEventTrigger.java:43) ~[classes/:?]
	at io.netty.channel.AbstractChannelHandlerContext.invokeChannelInactive(AbstractChannelHandlerContext.java:262) [netty-all-4.1.67.Final.jar:4.1.67.Final]
	at io.netty.channel.AbstractChannelHandlerContext.invokeChannelInactive(AbstractChannelHandlerContext.java:248) [netty-all-4.1.67.Final.jar:4.1.67.Final]
	at io.netty.channel.AbstractChannelHandlerContext.fireChannelInactive(AbstractChannelHandlerContext.java:241) [netty-all-4.1.67.Final.jar:4.1.67.Final]
	at io.netty.handler.codec.ByteToMessageDecoder.channelInputClosed(ByteToMessageDecoder.java:389) [netty-all-4.1.67.Final.jar:4.1.67.Final]
	at io.netty.handler.codec.ByteToMessageDecoder.channelInactive(ByteToMessageDecoder.java:354) [netty-all-4.1.67.Final.jar:4.1.67.Final]
	at io.netty.handler.codec.ByteToMessageCodec.channelInactive(ByteToMessageCodec.java:118) [netty-all-4.1.67.Final.jar:4.1.67.Final]
	at io.netty.channel.AbstractChannelHandlerContext.invokeChannelInactive(AbstractChannelHandlerContext.java:262) [netty-all-4.1.67.Final.jar:4.1.67.Final]
	at io.netty.channel.AbstractChannelHandlerContext.invokeChannelInactive(AbstractChannelHandlerContext.java:248) [netty-all-4.1.67.Final.jar:4.1.67.Final]
	at io.netty.channel.AbstractChannelHandlerContext.fireChannelInactive(AbstractChannelHandlerContext.java:241) [netty-all-4.1.67.Final.jar:4.1.67.Final]
	at io.netty.handler.codec.ByteToMessageDecoder.channelInputClosed(ByteToMessageDecoder.java:389) [netty-all-4.1.67.Final.jar:4.1.67.Final]
	at io.netty.handler.codec.ByteToMessageDecoder.channelInactive(ByteToMessageDecoder.java:354) [netty-all-4.1.67.Final.jar:4.1.67.Final]
	at io.netty.handler.codec.ByteToMessageCodec.channelInactive(ByteToMessageCodec.java:118) [netty-all-4.1.67.Final.jar:4.1.67.Final]
	at io.netty.channel.AbstractChannelHandlerContext.invokeChannelInactive(AbstractChannelHandlerContext.java:262) [netty-all-4.1.67.Final.jar:4.1.67.Final]
	at io.netty.channel.AbstractChannelHandlerContext.invokeChannelInactive(AbstractChannelHandlerContext.java:248) [netty-all-4.1.67.Final.jar:4.1.67.Final]
	at io.netty.channel.AbstractChannelHandlerContext.fireChannelInactive(AbstractChannelHandlerContext.java:241) [netty-all-4.1.67.Final.jar:4.1.67.Final]
	at io.netty.handler.codec.ByteToMessageDecoder.channelInputClosed(ByteToMessageDecoder.java:389) [netty-all-4.1.67.Final.jar:4.1.67.Final]
	at io.netty.handler.codec.ByteToMessageDecoder.channelInactive(ByteToMessageDecoder.java:354) [netty-all-4.1.67.Final.jar:4.1.67.Final]
	at io.netty.channel.AbstractChannelHandlerContext.invokeChannelInactive(AbstractChannelHandlerContext.java:262) [netty-all-4.1.67.Final.jar:4.1.67.Final]
	at io.netty.channel.AbstractChannelHandlerContext.invokeChannelInactive(AbstractChannelHandlerContext.java:248) [netty-all-4.1.67.Final.jar:4.1.67.Final]
	at io.netty.channel.AbstractChannelHandlerContext.fireChannelInactive(AbstractChannelHandlerContext.java:241) [netty-all-4.1.67.Final.jar:4.1.67.Final]
	at io.netty.channel.DefaultChannelPipeline$HeadContext.channelInactive(DefaultChannelPipeline.java:1405) [netty-all-4.1.67.Final.jar:4.1.67.Final]
	at io.netty.channel.AbstractChannelHandlerContext.invokeChannelInactive(AbstractChannelHandlerContext.java:262) [netty-all-4.1.67.Final.jar:4.1.67.Final]
	at io.netty.channel.AbstractChannelHandlerContext.invokeChannelInactive(AbstractChannelHandlerContext.java:248) [netty-all-4.1.67.Final.jar:4.1.67.Final]
	at io.netty.channel.DefaultChannelPipeline.fireChannelInactive(DefaultChannelPipeline.java:901) [netty-all-4.1.67.Final.jar:4.1.67.Final]
	at io.netty.channel.AbstractChannel$AbstractUnsafe$8.run(AbstractChannel.java:831) [netty-all-4.1.67.Final.jar:4.1.67.Final]
	at io.netty.util.concurrent.AbstractEventExecutor.safeExecute$$$capture(AbstractEventExecutor.java:164) [netty-all-4.1.67.Final.jar:4.1.67.Final]
	at io.netty.util.concurrent.AbstractEventExecutor.safeExecute(AbstractEventExecutor.java) [netty-all-4.1.67.Final.jar:4.1.67.Final]
	at io.netty.util.concurrent.SingleThreadEventExecutor.runAllTasksFrom(SingleThreadEventExecutor.java:425) [netty-all-4.1.67.Final.jar:4.1.67.Final]
	at io.netty.util.concurrent.SingleThreadEventExecutor.runAllTasks(SingleThreadEventExecutor.java:374) [netty-all-4.1.67.Final.jar:4.1.67.Final]
	at io.netty.util.concurrent.SingleThreadEventExecutor.confirmShutdown(SingleThreadEventExecutor.java:760) [netty-all-4.1.67.Final.jar:4.1.67.Final]
	at io.netty.channel.nio.NioEventLoop.run(NioEventLoop.java:527) [netty-all-4.1.67.Final.jar:4.1.67.Final]
	at io.netty.util.concurrent.SingleThreadEventExecutor$4.run(SingleThreadEventExecutor.java:986) [netty-all-4.1.67.Final.jar:4.1.67.Final]
	at io.netty.util.internal.ThreadExecutorMap$2.run(ThreadExecutorMap.java:74) [netty-all-4.1.67.Final.jar:4.1.67.Final]
	at io.netty.util.concurrent.FastThreadLocalRunnable.run(FastThreadLocalRunnable.java:30) [netty-all-4.1.67.Final.jar:4.1.67.Final]
	at java.lang.Thread.run(Thread.java:748) [?:1.8.0_171]

[2021-09-23 11:33:27] WARN  io.netty.channel.DefaultChannelPipeline 1152 onUnhandledInboundException - An exceptionCaught() event was fired, and it reached at the tail of the pipeline. It usually means the last handler in the pipeline did not handle the exception. java.lang.NullPointerException: null
	at com.dzyls.chat.handler.client.ClientEventTrigger.channelInactive(ClientEventTrigger.java:42) ~[classes/:?]
	at io.netty.channel.AbstractChannelHandlerContext.invokeChannelInactive(AbstractChannelHandlerContext.java:262) [netty-all-4.1.67.Final.jar:4.1.67.Final]
	at io.netty.channel.AbstractChannelHandlerContext.invokeChannelInactive(AbstractChannelHandlerContext.java:248) [netty-all-4.1.67.Final.jar:4.1.67.Final]
	at io.netty.channel.AbstractChannelHandlerContext.fireChannelInactive(AbstractChannelHandlerContext.java:241) [netty-all-4.1.67.Final.jar:4.1.67.Final]
	at io.netty.handler.codec.ByteToMessageDecoder.channelInputClosed(ByteToMessageDecoder.java:389) [netty-all-4.1.67.Final.jar:4.1.67.Final]
	at io.netty.handler.codec.ByteToMessageDecoder.channelInactive(ByteToMessageDecoder.java:354) [netty-all-4.1.67.Final.jar:4.1.67.Final]
	at io.netty.handler.codec.ByteToMessageCodec.channelInactive(ByteToMessageCodec.java:118) [netty-all-4.1.67.Final.jar:4.1.67.Final]
	at io.netty.channel.AbstractChannelHandlerContext.invokeChannelInactive(AbstractChannelHandlerContext.java:262) [netty-all-4.1.67.Final.jar:4.1.67.Final]
	at io.netty.channel.AbstractChannelHandlerContext.invokeChannelInactive(AbstractChannelHandlerContext.java:248) [netty-all-4.1.67.Final.jar:4.1.67.Final]
	at io.netty.channel.AbstractChannelHandlerContext.fireChannelInactive(AbstractChannelHandlerContext.java:241) [netty-all-4.1.67.Final.jar:4.1.67.Final]
	at io.netty.handler.codec.ByteToMessageDecoder.channelInputClosed(ByteToMessageDecoder.java:389) [netty-all-4.1.67.Final.jar:4.1.67.Final]
	at io.netty.handler.codec.ByteToMessageDecoder.channelInactive(ByteToMessageDecoder.java:354) [netty-all-4.1.67.Final.jar:4.1.67.Final]
	at io.netty.channel.AbstractChannelHandlerContext.invokeChannelInactive(AbstractChannelHandlerContext.java:262) [netty-all-4.1.67.Final.jar:4.1.67.Final]
	at io.netty.channel.AbstractChannelHandlerContext.invokeChannelInactive(AbstractChannelHandlerContext.java:248) [netty-all-4.1.67.Final.jar:4.1.67.Final]
	at io.netty.channel.AbstractChannelHandlerContext.fireChannelInactive(AbstractChannelHandlerContext.java:241) [netty-all-4.1.67.Final.jar:4.1.67.Final]
	at io.netty.channel.ChannelInboundHandlerAdapter.channelInactive(ChannelInboundHandlerAdapter.java:81) [netty-all-4.1.67.Final.jar:4.1.67.Final]
	at io.netty.handler.timeout.IdleStateHandler.channelInactive(IdleStateHandler.java:277) [netty-all-4.1.67.Final.jar:4.1.67.Final]
	at io.netty.channel.AbstractChannelHandlerContext.invokeChannelInactive(AbstractChannelHandlerContext.java:262) [netty-all-4.1.67.Final.jar:4.1.67.Final]
	at io.netty.channel.AbstractChannelHandlerContext.invokeChannelInactive(AbstractChannelHandlerContext.java:248) [netty-all-4.1.67.Final.jar:4.1.67.Final]
	at io.netty.channel.AbstractChannelHandlerContext.fireChannelInactive(AbstractChannelHandlerContext.java:241) [netty-all-4.1.67.Final.jar:4.1.67.Final]
	at io.netty.handler.codec.ByteToMessageDecoder.channelInputClosed(ByteToMessageDecoder.java:389) [netty-all-4.1.67.Final.jar:4.1.67.Final]
	at io.netty.handler.codec.ByteToMessageDecoder.channelInactive(ByteToMessageDecoder.java:354) [netty-all-4.1.67.Final.jar:4.1.67.Final]
	at io.netty.channel.AbstractChannelHandlerContext.invokeChannelInactive(AbstractChannelHandlerContext.java:262) [netty-all-4.1.67.Final.jar:4.1.67.Final]
	at io.netty.channel.AbstractChannelHandlerContext.invokeChannelInactive(AbstractChannelHandlerContext.java:248) [netty-all-4.1.67.Final.jar:4.1.67.Final]
	at io.netty.channel.AbstractChannelHandlerContext.fireChannelInactive(AbstractChannelHandlerContext.java:241) [netty-all-4.1.67.Final.jar:4.1.67.Final]
	at io.netty.channel.DefaultChannelPipeline$HeadContext.channelInactive(DefaultChannelPipeline.java:1405) [netty-all-4.1.67.Final.jar:4.1.67.Final]
	at io.netty.channel.AbstractChannelHandlerContext.invokeChannelInactive(AbstractChannelHandlerContext.java:262) [netty-all-4.1.67.Final.jar:4.1.67.Final]
	at io.netty.channel.AbstractChannelHandlerContext.invokeChannelInactive(AbstractChannelHandlerContext.java:248) [netty-all-4.1.67.Final.jar:4.1.67.Final]
	at io.netty.channel.DefaultChannelPipeline.fireChannelInactive(DefaultChannelPipeline.java:901) [netty-all-4.1.67.Final.jar:4.1.67.Final]
	at io.netty.channel.AbstractChannel$AbstractUnsafe$8.run(AbstractChannel.java:831) [netty-all-4.1.67.Final.jar:4.1.67.Final]
	at io.netty.util.concurrent.AbstractEventExecutor.safeExecute$$$capture(AbstractEventExecutor.java:164) [netty-all-4.1.67.Final.jar:4.1.67.Final]
	at io.netty.util.concurrent.AbstractEventExecutor.safeExecute(AbstractEventExecutor.java) [netty-all-4.1.67.Final.jar:4.1.67.Final]
	at io.netty.util.concurrent.SingleThreadEventExecutor.runAllTasks(SingleThreadEventExecutor.java:469) [netty-all-4.1.67.Final.jar:4.1.67.Final]
	at io.netty.channel.nio.NioEventLoop.run(NioEventLoop.java:497) [netty-all-4.1.67.Final.jar:4.1.67.Final]
	at io.netty.util.concurrent.SingleThreadEventExecutor$4.run(SingleThreadEventExecutor.java:986) [netty-all-4.1.67.Final.jar:4.1.67.Final]
	at io.netty.util.internal.ThreadExecutorMap$2.run(ThreadExecutorMap.java:74) [netty-all-4.1.67.Final.jar:4.1.67.Final]
	at io.netty.util.concurrent.FastThreadLocalRunnable.run(FastThreadLocalRunnable.java:30) [netty-all-4.1.67.Final.jar:4.1.67.Final]
	at java.lang.Thread.run(Thread.java:748) [?:1.8.0_171]

[2021-09-23 11:33:50] WARN  io.netty.bootstrap.AbstractBootstrap 464 setChannelOption - Unknown channel option 'TCP_NODELAY' for channel '[id: 0x82617405]'
[2021-09-23 11:33:50] WARN  io.netty.bootstrap.AbstractBootstrap 464 setChannelOption - Unknown channel option 'SO_KEEPALIVE' for channel '[id: 0x82617405]'
[2021-09-23 11:34:46] WARN  io.netty.channel.DefaultChannelPipeline 1152 onUnhandledInboundException - An exceptionCaught() event was fired, and it reached at the tail of the pipeline. It usually means the last handler in the pipeline did not handle the exception. java.lang.NullPointerException: null
	at com.dzyls.chat.handler.server.ServerEventTrigger.channelActive(ServerEventTrigger.java:36) ~[classes/:?]
	at io.netty.channel.AbstractChannelHandlerContext.invokeChannelActive(AbstractChannelHandlerContext.java:230) [netty-all-4.1.67.Final.jar:4.1.67.Final]
	at io.netty.channel.AbstractChannelHandlerContext.invokeChannelActive(AbstractChannelHandlerContext.java:216) [netty-all-4.1.67.Final.jar:4.1.67.Final]
	at io.netty.channel.AbstractChannelHandlerContext.fireChannelActive(AbstractChannelHandlerContext.java:209) [netty-all-4.1.67.Final.jar:4.1.67.Final]
	at io.netty.channel.DefaultChannelPipeline$HeadContext.channelActive(DefaultChannelPipeline.java:1398) [netty-all-4.1.67.Final.jar:4.1.67.Final]
	at io.netty.channel.AbstractChannelHandlerContext.invokeChannelActive(AbstractChannelHandlerContext.java:230) [netty-all-4.1.67.Final.jar:4.1.67.Final]
	at io.netty.channel.AbstractChannelHandlerContext.invokeChannelActive(AbstractChannelHandlerContext.java:216) [netty-all-4.1.67.Final.jar:4.1.67.Final]
	at io.netty.channel.DefaultChannelPipeline.fireChannelActive(DefaultChannelPipeline.java:895) [netty-all-4.1.67.Final.jar:4.1.67.Final]
	at io.netty.channel.AbstractChannel$AbstractUnsafe.register0(AbstractChannel.java:522) [netty-all-4.1.67.Final.jar:4.1.67.Final]
	at io.netty.channel.AbstractChannel$AbstractUnsafe.access$200(AbstractChannel.java:429) [netty-all-4.1.67.Final.jar:4.1.67.Final]
	at io.netty.channel.AbstractChannel$AbstractUnsafe$1.run(AbstractChannel.java:486) [netty-all-4.1.67.Final.jar:4.1.67.Final]
	at io.netty.util.concurrent.AbstractEventExecutor.safeExecute$$$capture(AbstractEventExecutor.java:164) [netty-all-4.1.67.Final.jar:4.1.67.Final]
	at io.netty.util.concurrent.AbstractEventExecutor.safeExecute(AbstractEventExecutor.java) [netty-all-4.1.67.Final.jar:4.1.67.Final]
	at io.netty.util.concurrent.SingleThreadEventExecutor.runAllTasks(SingleThreadEventExecutor.java:469) [netty-all-4.1.67.Final.jar:4.1.67.Final]
	at io.netty.channel.nio.NioEventLoop.run(NioEventLoop.java:500) [netty-all-4.1.67.Final.jar:4.1.67.Final]
	at io.netty.util.concurrent.SingleThreadEventExecutor$4.run(SingleThreadEventExecutor.java:986) [netty-all-4.1.67.Final.jar:4.1.67.Final]
	at io.netty.util.internal.ThreadExecutorMap$2.run(ThreadExecutorMap.java:74) [netty-all-4.1.67.Final.jar:4.1.67.Final]
	at io.netty.util.concurrent.FastThreadLocalRunnable.run(FastThreadLocalRunnable.java:30) [netty-all-4.1.67.Final.jar:4.1.67.Final]
	at java.lang.Thread.run(Thread.java:748) [?:1.8.0_171]

[2021-09-23 11:35:15] WARN  io.netty.channel.DefaultChannelPipeline 1152 onUnhandledInboundException - An exceptionCaught() event was fired, and it reached at the tail of the pipeline. It usually means the last handler in the pipeline did not handle the exception. java.lang.NullPointerException: null
	at com.dzyls.chat.handler.client.ClientEventTrigger.channelActive(ClientEventTrigger.java:38) ~[classes/:?]
	at io.netty.channel.AbstractChannelHandlerContext.invokeChannelActive(AbstractChannelHandlerContext.java:230) [netty-all-4.1.67.Final.jar:4.1.67.Final]
	at io.netty.channel.AbstractChannelHandlerContext.invokeChannelActive(AbstractChannelHandlerContext.java:216) [netty-all-4.1.67.Final.jar:4.1.67.Final]
	at io.netty.channel.AbstractChannelHandlerContext.fireChannelActive(AbstractChannelHandlerContext.java:209) [netty-all-4.1.67.Final.jar:4.1.67.Final]
	at io.netty.channel.ChannelInboundHandlerAdapter.channelActive(ChannelInboundHandlerAdapter.java:69) [netty-all-4.1.67.Final.jar:4.1.67.Final]
	at io.netty.handler.timeout.IdleStateHandler.channelActive(IdleStateHandler.java:271) [netty-all-4.1.67.Final.jar:4.1.67.Final]
	at io.netty.channel.AbstractChannelHandlerContext.invokeChannelActive(AbstractChannelHandlerContext.java:230) [netty-all-4.1.67.Final.jar:4.1.67.Final]
	at io.netty.channel.AbstractChannelHandlerContext.invokeChannelActive(AbstractChannelHandlerContext.java:216) [netty-all-4.1.67.Final.jar:4.1.67.Final]
	at io.netty.channel.AbstractChannelHandlerContext.fireChannelActive(AbstractChannelHandlerContext.java:209) [netty-all-4.1.67.Final.jar:4.1.67.Final]
	at io.netty.channel.DefaultChannelPipeline$HeadContext.channelActive(DefaultChannelPipeline.java:1398) [netty-all-4.1.67.Final.jar:4.1.67.Final]
	at io.netty.channel.AbstractChannelHandlerContext.invokeChannelActive(AbstractChannelHandlerContext.java:230) [netty-all-4.1.67.Final.jar:4.1.67.Final]
	at io.netty.channel.AbstractChannelHandlerContext.invokeChannelActive(AbstractChannelHandlerContext.java:216) [netty-all-4.1.67.Final.jar:4.1.67.Final]
	at io.netty.channel.DefaultChannelPipeline.fireChannelActive(DefaultChannelPipeline.java:895) [netty-all-4.1.67.Final.jar:4.1.67.Final]
	at io.netty.channel.nio.AbstractNioChannel$AbstractNioUnsafe.fulfillConnectPromise(AbstractNioChannel.java:305) [netty-all-4.1.67.Final.jar:4.1.67.Final]
	at io.netty.channel.nio.AbstractNioChannel$AbstractNioUnsafe.finishConnect(AbstractNioChannel.java:335) [netty-all-4.1.67.Final.jar:4.1.67.Final]
	at io.netty.channel.nio.NioEventLoop.processSelectedKey(NioEventLoop.java:707) [netty-all-4.1.67.Final.jar:4.1.67.Final]
	at io.netty.channel.nio.NioEventLoop.processSelectedKeysOptimized(NioEventLoop.java:655) [netty-all-4.1.67.Final.jar:4.1.67.Final]
	at io.netty.channel.nio.NioEventLoop.processSelectedKeys(NioEventLoop.java:581) [netty-all-4.1.67.Final.jar:4.1.67.Final]
	at io.netty.channel.nio.NioEventLoop.run(NioEventLoop.java:493) [netty-all-4.1.67.Final.jar:4.1.67.Final]
	at io.netty.util.concurrent.SingleThreadEventExecutor$4.run(SingleThreadEventExecutor.java:986) [netty-all-4.1.67.Final.jar:4.1.67.Final]
	at io.netty.util.internal.ThreadExecutorMap$2.run(ThreadExecutorMap.java:74) [netty-all-4.1.67.Final.jar:4.1.67.Final]
	at io.netty.util.concurrent.FastThreadLocalRunnable.run(FastThreadLocalRunnable.java:30) [netty-all-4.1.67.Final.jar:4.1.67.Final]
	at java.lang.Thread.run(Thread.java:748) [?:1.8.0_171]

[2021-09-23 11:35:16] WARN  io.netty.channel.DefaultChannelPipeline 1152 onUnhandledInboundException - An exceptionCaught() event was fired, and it reached at the tail of the pipeline. It usually means the last handler in the pipeline did not handle the exception. java.io.IOException: 
	at sun.nio.ch.SocketDispatcher.read0(Native Method) ~[?:1.8.0_171]
	at sun.nio.ch.SocketDispatcher.read(SocketDispatcher.java:43) ~[?:1.8.0_171]
	at sun.nio.ch.IOUtil.readIntoNativeBuffer(IOUtil.java:223) ~[?:1.8.0_171]
	at sun.nio.ch.IOUtil.read(IOUtil.java:192) ~[?:1.8.0_171]
	at sun.nio.ch.SocketChannelImpl.read(SocketChannelImpl.java:380) ~[?:1.8.0_171]
	at io.netty.buffer.PooledByteBuf.setBytes(PooledByteBuf.java:253) ~[netty-all-4.1.67.Final.jar:4.1.67.Final]
	at io.netty.buffer.AbstractByteBuf.writeBytes(AbstractByteBuf.java:1132) ~[netty-all-4.1.67.Final.jar:4.1.67.Final]
	at io.netty.channel.socket.nio.NioSocketChannel.doReadBytes(NioSocketChannel.java:350) ~[netty-all-4.1.67.Final.jar:4.1.67.Final]
	at io.netty.channel.nio.AbstractNioByteChannel$NioByteUnsafe.read(AbstractNioByteChannel.java:151) [netty-all-4.1.67.Final.jar:4.1.67.Final]
	at io.netty.channel.nio.NioEventLoop.processSelectedKey(NioEventLoop.java:719) [netty-all-4.1.67.Final.jar:4.1.67.Final]
	at io.netty.channel.nio.NioEventLoop.processSelectedKeysOptimized(NioEventLoop.java:655) [netty-all-4.1.67.Final.jar:4.1.67.Final]
	at io.netty.channel.nio.NioEventLoop.processSelectedKeys(NioEventLoop.java:581) [netty-all-4.1.67.Final.jar:4.1.67.Final]
	at io.netty.channel.nio.NioEventLoop.run(NioEventLoop.java:493) [netty-all-4.1.67.Final.jar:4.1.67.Final]
	at io.netty.util.concurrent.SingleThreadEventExecutor$4.run(SingleThreadEventExecutor.java:986) [netty-all-4.1.67.Final.jar:4.1.67.Final]
	at io.netty.util.internal.ThreadExecutorMap$2.run(ThreadExecutorMap.java:74) [netty-all-4.1.67.Final.jar:4.1.67.Final]
	at io.netty.util.concurrent.FastThreadLocalRunnable.run(FastThreadLocalRunnable.java:30) [netty-all-4.1.67.Final.jar:4.1.67.Final]
	at java.lang.Thread.run(Thread.java:748) [?:1.8.0_171]

[2021-09-23 11:35:16] WARN  io.netty.channel.DefaultChannelPipeline 1152 onUnhandledInboundException - An exceptionCaught() event was fired, and it reached at the tail of the pipeline. It usually means the last handler in the pipeline did not handle the exception. java.lang.NullPointerException: null
	at com.dzyls.chat.handler.server.ServerEventTrigger.channelInactive(ServerEventTrigger.java:43) ~[classes/:?]
	at io.netty.channel.AbstractChannelHandlerContext.invokeChannelInactive(AbstractChannelHandlerContext.java:262) [netty-all-4.1.67.Final.jar:4.1.67.Final]
	at io.netty.channel.AbstractChannelHandlerContext.invokeChannelInactive(AbstractChannelHandlerContext.java:248) [netty-all-4.1.67.Final.jar:4.1.67.Final]
	at io.netty.channel.AbstractChannelHandlerContext.fireChannelInactive(AbstractChannelHandlerContext.java:241) [netty-all-4.1.67.Final.jar:4.1.67.Final]
	at io.netty.handler.codec.ByteToMessageDecoder.channelInputClosed(ByteToMessageDecoder.java:389) [netty-all-4.1.67.Final.jar:4.1.67.Final]
	at io.netty.handler.codec.ByteToMessageDecoder.channelInactive(ByteToMessageDecoder.java:354) [netty-all-4.1.67.Final.jar:4.1.67.Final]
	at io.netty.handler.codec.ByteToMessageCodec.channelInactive(ByteToMessageCodec.java:118) [netty-all-4.1.67.Final.jar:4.1.67.Final]
	at io.netty.channel.AbstractChannelHandlerContext.invokeChannelInactive(AbstractChannelHandlerContext.java:262) [netty-all-4.1.67.Final.jar:4.1.67.Final]
	at io.netty.channel.AbstractChannelHandlerContext.invokeChannelInactive(AbstractChannelHandlerContext.java:248) [netty-all-4.1.67.Final.jar:4.1.67.Final]
	at io.netty.channel.AbstractChannelHandlerContext.fireChannelInactive(AbstractChannelHandlerContext.java:241) [netty-all-4.1.67.Final.jar:4.1.67.Final]
	at io.netty.handler.codec.ByteToMessageDecoder.channelInputClosed(ByteToMessageDecoder.java:389) [netty-all-4.1.67.Final.jar:4.1.67.Final]
	at io.netty.handler.codec.ByteToMessageDecoder.channelInactive(ByteToMessageDecoder.java:354) [netty-all-4.1.67.Final.jar:4.1.67.Final]
	at io.netty.handler.codec.ByteToMessageCodec.channelInactive(ByteToMessageCodec.java:118) [netty-all-4.1.67.Final.jar:4.1.67.Final]
	at io.netty.channel.AbstractChannelHandlerContext.invokeChannelInactive(AbstractChannelHandlerContext.java:262) [netty-all-4.1.67.Final.jar:4.1.67.Final]
	at io.netty.channel.AbstractChannelHandlerContext.invokeChannelInactive(AbstractChannelHandlerContext.java:248) [netty-all-4.1.67.Final.jar:4.1.67.Final]
	at io.netty.channel.AbstractChannelHandlerContext.fireChannelInactive(AbstractChannelHandlerContext.java:241) [netty-all-4.1.67.Final.jar:4.1.67.Final]
	at io.netty.handler.codec.ByteToMessageDecoder.channelInputClosed(ByteToMessageDecoder.java:389) [netty-all-4.1.67.Final.jar:4.1.67.Final]
	at io.netty.handler.codec.ByteToMessageDecoder.channelInactive(ByteToMessageDecoder.java:354) [netty-all-4.1.67.Final.jar:4.1.67.Final]
	at io.netty.channel.AbstractChannelHandlerContext.invokeChannelInactive(AbstractChannelHandlerContext.java:262) [netty-all-4.1.67.Final.jar:4.1.67.Final]
	at io.netty.channel.AbstractChannelHandlerContext.invokeChannelInactive(AbstractChannelHandlerContext.java:248) [netty-all-4.1.67.Final.jar:4.1.67.Final]
	at io.netty.channel.AbstractChannelHandlerContext.fireChannelInactive(AbstractChannelHandlerContext.java:241) [netty-all-4.1.67.Final.jar:4.1.67.Final]
	at io.netty.channel.DefaultChannelPipeline$HeadContext.channelInactive(DefaultChannelPipeline.java:1405) [netty-all-4.1.67.Final.jar:4.1.67.Final]
	at io.netty.channel.AbstractChannelHandlerContext.invokeChannelInactive(AbstractChannelHandlerContext.java:262) [netty-all-4.1.67.Final.jar:4.1.67.Final]
	at io.netty.channel.AbstractChannelHandlerContext.invokeChannelInactive(AbstractChannelHandlerContext.java:248) [netty-all-4.1.67.Final.jar:4.1.67.Final]
	at io.netty.channel.DefaultChannelPipeline.fireChannelInactive(DefaultChannelPipeline.java:901) [netty-all-4.1.67.Final.jar:4.1.67.Final]
	at io.netty.channel.AbstractChannel$AbstractUnsafe$8.run(AbstractChannel.java:831) [netty-all-4.1.67.Final.jar:4.1.67.Final]
	at io.netty.util.concurrent.AbstractEventExecutor.safeExecute$$$capture(AbstractEventExecutor.java:164) [netty-all-4.1.67.Final.jar:4.1.67.Final]
	at io.netty.util.concurrent.AbstractEventExecutor.safeExecute(AbstractEventExecutor.java) [netty-all-4.1.67.Final.jar:4.1.67.Final]
	at io.netty.util.concurrent.SingleThreadEventExecutor.runAllTasks(SingleThreadEventExecutor.java:469) [netty-all-4.1.67.Final.jar:4.1.67.Final]
	at io.netty.channel.nio.NioEventLoop.run(NioEventLoop.java:497) [netty-all-4.1.67.Final.jar:4.1.67.Final]
	at io.netty.util.concurrent.SingleThreadEventExecutor$4.run(SingleThreadEventExecutor.java:986) [netty-all-4.1.67.Final.jar:4.1.67.Final]
	at io.netty.util.internal.ThreadExecutorMap$2.run(ThreadExecutorMap.java:74) [netty-all-4.1.67.Final.jar:4.1.67.Final]
	at io.netty.util.concurrent.FastThreadLocalRunnable.run(FastThreadLocalRunnable.java:30) [netty-all-4.1.67.Final.jar:4.1.67.Final]
	at java.lang.Thread.run(Thread.java:748) [?:1.8.0_171]

